<?xml version="1.0" encoding="UTF-8"?>
<robot generator="Robot 7.3.2 (Python 3.13.7 on win32)" generated="2025-09-25T20:09:34.950167" rpa="false" schemaversion="5">
<suite id="s1" name="Test" source="C:\Users\Robin\Documents\GitHub\QA\ROBOT TESTING\tests\test.robot">
<kw name="Launch Browser" owner="App" type="SETUP">
<kw name="Open Browser" owner="SeleniumLibrary">
<msg time="2025-09-25T20:09:35.229705" level="INFO">Opening browser 'chrome' to base url 'https://marmelab.com/react-admin-demo'.</msg>
<arg>${url}</arg>
<arg>chrome</arg>
<arg>options=add_argument("--start-maximized")</arg>
<doc>Opens a new browser instance to the optional ``url``.</doc>
<status status="PASS" start="2025-09-25T20:09:35.229485" elapsed="2.941565"/>
</kw>
<status status="PASS" start="2025-09-25T20:09:35.226587" elapsed="2.944680"/>
</kw>
<test id="s1-t1" name="TEST-000001" line="7">
<kw name="Login User" owner="App">
<kw name="Wait Until Element Is Visible" owner="SeleniumLibrary">
<arg>${login_avatar}</arg>
<doc>Waits until the element ``locator`` is visible.</doc>
<status status="PASS" start="2025-09-25T20:09:38.172527" elapsed="1.265329"/>
</kw>
<kw name="Input Text" owner="SeleniumLibrary">
<msg time="2025-09-25T20:09:39.438221" level="INFO">Typing text 'demo' into text field '//input[@name="username"]'.</msg>
<arg>${login_txt_username}</arg>
<arg>${username}</arg>
<doc>Types the given ``text`` into the text field identified by ``locator``.</doc>
<status status="PASS" start="2025-09-25T20:09:39.438001" elapsed="0.112800"/>
</kw>
<kw name="Input Text" owner="SeleniumLibrary">
<msg time="2025-09-25T20:09:39.551212" level="INFO">Typing text 'demo' into text field '//input[@type="password"]'.</msg>
<arg>${login_txt_password}</arg>
<arg>${password}</arg>
<doc>Types the given ``text`` into the text field identified by ``locator``.</doc>
<status status="PASS" start="2025-09-25T20:09:39.550961" elapsed="0.052496"/>
</kw>
<kw name="Click Button" owner="SeleniumLibrary">
<msg time="2025-09-25T20:09:39.603894" level="INFO">Clicking button '//button[@type="submit"]'.</msg>
<arg>${login_btn_submit}</arg>
<doc>Clicks the button identified by ``locator``.</doc>
<status status="PASS" start="2025-09-25T20:09:39.603665" elapsed="0.076758"/>
</kw>
<kw name="Wait Until Element Is Visible" owner="SeleniumLibrary">
<arg>${logged_in_verif}</arg>
<doc>Waits until the element ``locator`` is visible.</doc>
<status status="PASS" start="2025-09-25T20:09:39.680573" elapsed="0.090484"/>
</kw>
<status status="PASS" start="2025-09-25T20:09:38.172197" elapsed="1.598953"/>
</kw>
<kw name="Get Random Customers" owner="CustomLibraries">
<msg time="2025-09-25T20:09:40.207073" level="INFO">[{'id': 1, 'name': 'Leanne Graham', 'username': 'Bret', 'email': 'Sincere@april.biz', 'address': {'street': 'Kulas Light', 'suite': 'Apt. 556', 'city': 'Gwenborough', 'zipcode': '92998-3874', 'geo': {'lat': '-37.3159', 'lng': '81.1496'}}, 'phone': '1-770-736-8031 x56442', 'website': 'hildegard.org', 'company': {'name': 'Romaguera-Crona', 'catchPhrase': 'Multi-layered client-server neural-net', 'bs': 'harness real-time e-markets'}, 'birthday': '03112006', 'password': 'qYRbLqDr', 'stateAbbr': 'KAG'}, {'id': 2, 'name': 'Ervin Howell', 'username': 'Antonette', 'email': 'Shanna@melissa.tv', 'address': {'street': 'Victor Plains', 'suite': 'Suite 879', 'city': 'Wisokyburgh', 'zipcode': '90566-7771', 'geo': {'lat': '-43.9509', 'lng': '-34.4618'}}, 'phone': '010-692-6593 x09125', 'website': 'anastasia.net', 'company': {'name': 'Deckow-Crist', 'catchPhrase': 'Proactive didactic contingency', 'bs': 'synergize scalable supply-chains'}, 'birthday': '06222000', 'password': 'EYZHE1E%', 'stateAbbr': 'VSW'}, {'id': 3, 'name': 'Clementine Bauch', 'username': 'Samantha', 'email': 'Nathan@yesenia.net', 'address': {'street': 'Douglas Extension', 'suite': 'Suite 847', 'city': 'McKenziehaven', 'zipcode': '59590-4157', 'geo': {'lat': '-68.6102', 'lng': '-47.0653'}}, 'phone': '1-463-123-4447', 'website': 'ramiro.info', 'company': {'name': 'Romaguera-Jacobson', 'catchPhrase': 'Face to face bifurcated interface', 'bs': 'e-enable strategic applications'}, 'birthday': '01162000', 'password': 'uSSk3rQB', 'stateAbbr': 'DSM'}, {'id': 4, 'name': 'Patricia Lebsack', 'username': 'Karianne', 'email': 'Julianne.OConner@kory.org', 'address': {'street': 'Hoeger Mall', 'suite': 'Apt. 692', 'city': 'South Elvis', 'zipcode': '53919-4257', 'geo': {'lat': '29.4572', 'lng': '-164.2990'}}, 'phone': '493-170-9623 x156', 'website': 'kale.biz', 'company': {'name': 'Robel-Corkery', 'catchPhrase': 'Multi-tiered zero tolerance productivity', 'bs': 'transition cutting-edge web services'}, 'birthday': '06012001', 'password': 'tVPL%oU0', 'stateAbbr': 'HAS'}, {'id': 5, 'name': 'Chelsey Dietrich', 'username': 'Kamren', 'email': 'Lucio_Hettinger@annie.ca', 'address': {'street': 'Skiles Walks', 'suite': 'Suite 351', 'city': 'Roscoeview', 'zipcode': '33263', 'geo': {'lat': '-31.8129', 'lng': '62.5342'}}, 'phone': '(254)954-1289', 'website': 'demarco.info', 'company': {'name': 'Keebler LLC', 'catchPhrase': 'User-centric fault-tolerant solution', 'bs': 'revolutionize end-to-end systems'}, 'birthday': '10062003', 'password': '#0HitUcM', 'stateAbbr': 'SSR'}]</msg>
<msg time="2025-09-25T20:09:40.207298" level="INFO">${users} = [{'id': 1, 'name': 'Leanne Graham', 'username': 'Bret', 'email': 'Sincere@april.biz', 'address': {'street': 'Kulas Light', 'suite': 'Apt. 556', 'city': 'Gwenborough', 'zipcode': '92998-3874', 'geo': {...</msg>
<var>${users}</var>
<arg>1</arg>
<arg>5</arg>
<status status="PASS" start="2025-09-25T20:09:39.771381" elapsed="0.435957"/>
</kw>
<kw name="Go To Customers Page" owner="CustomerPage">
<kw name="Click Element" owner="SeleniumLibrary">
<msg time="2025-09-25T20:09:40.208318" level="INFO">Clicking element '//a[@href="#/customers"]'.</msg>
<arg>${nav_btn_customers}</arg>
<doc>Click the element identified by ``locator``.</doc>
<status status="PASS" start="2025-09-25T20:09:40.208103" elapsed="0.325932"/>
</kw>
<kw name="Wait Until Element Is Visible" owner="SeleniumLibrary">
<arg>//table/tbody//tr</arg>
<doc>Waits until the element ``locator`` is visible.</doc>
<status status="PASS" start="2025-09-25T20:09:40.534252" elapsed="0.504027"/>
</kw>
<status status="PASS" start="2025-09-25T20:09:40.207811" elapsed="0.830694"/>
</kw>
<kw name="Create And Verify Customers" owner="CustomerPage">
<kw name="Get Length" owner="BuiltIn">
<msg time="2025-09-25T20:09:41.039932" level="INFO">Length is 5.</msg>
<msg time="2025-09-25T20:09:41.040062" level="INFO">${count} = 5</msg>
<var>${count}</var>
<arg>${users}</arg>
<doc>Returns and logs the length of the given item as an integer.</doc>
<status status="PASS" start="2025-09-25T20:09:41.039725" elapsed="0.000373"/>
</kw>
<for flavor="IN RANGE">
<iter>
<kw name="Set Variable" owner="BuiltIn">
<msg time="2025-09-25T20:09:41.041345" level="INFO">${user} = {'id': 1, 'name': 'Leanne Graham', 'username': 'Bret', 'email': 'Sincere@april.biz', 'address': {'street': 'Kulas Light', 'suite': 'Apt. 556', 'city': 'Gwenborough', 'zipcode': '92998-3874', 'geo': {'...</msg>
<var>${user}</var>
<arg>${users}[${i}]</arg>
<doc>Returns the given values which can then be assigned to a variables.</doc>
<status status="PASS" start="2025-09-25T20:09:41.040910" elapsed="0.000510"/>
</kw>
<kw name="Create Customer" owner="CustomerPage">
<kw name="Click Element" owner="SeleniumLibrary">
<msg time="2025-09-25T20:09:41.042940" level="INFO">Clicking element '//a[@aria-label="Create"]'.</msg>
<arg>${customers_btn_create}</arg>
<doc>Click the element identified by ``locator``.</doc>
<status status="PASS" start="2025-09-25T20:09:41.042477" elapsed="0.060559"/>
</kw>
<kw name="Wait Until Element Is Visible" owner="SeleniumLibrary">
<arg>${customers_txt_firstname}</arg>
<doc>Waits until the element ``locator`` is visible.</doc>
<status status="PASS" start="2025-09-25T20:09:41.103278" elapsed="0.061718"/>
</kw>
<kw name="Input Text" owner="SeleniumLibrary">
<msg time="2025-09-25T20:09:41.166053" level="INFO">Typing text 'Leanne' into text field '//input[@name="first_name"]'.</msg>
<arg>${customers_txt_firstname}</arg>
<arg>${user["name"].split(" ")[0]}</arg>
<doc>Types the given ``text`` into the text field identified by ``locator``.</doc>
<status status="PASS" start="2025-09-25T20:09:41.165214" elapsed="0.075186"/>
</kw>
<kw name="Input Text" owner="SeleniumLibrary">
<msg time="2025-09-25T20:09:41.241397" level="INFO">Typing text 'Graham' into text field '//input[@name="last_name"]'.</msg>
<arg>${customers_txt_lastname}</arg>
<arg>${user["name"].split(" ")[1]}</arg>
<doc>Types the given ``text`` into the text field identified by ``locator``.</doc>
<status status="PASS" start="2025-09-25T20:09:41.240615" elapsed="0.097632"/>
</kw>
<kw name="Input Text" owner="SeleniumLibrary">
<msg time="2025-09-25T20:09:41.339223" level="INFO">Typing text 'Sincere@april.biz' into text field '//input[@name="email"]'.</msg>
<arg>${customers_txt_email}</arg>
<arg>${user["email"]}</arg>
<doc>Types the given ``text`` into the text field identified by ``locator``.</doc>
<status status="PASS" start="2025-09-25T20:09:41.338488" elapsed="0.102814"/>
</kw>
<kw name="Input Text" owner="SeleniumLibrary">
<msg time="2025-09-25T20:09:41.443100" level="INFO">Typing text '03112006' into text field '//input[@name="birthday"]'.</msg>
<arg>${customers_txt_birthday}</arg>
<arg>${user["birthday"]}</arg>
<doc>Types the given ``text`` into the text field identified by ``locator``.</doc>
<status status="PASS" start="2025-09-25T20:09:41.441583" elapsed="0.109161"/>
</kw>
<kw name="Input Text" owner="SeleniumLibrary">
<msg time="2025-09-25T20:09:41.552872" level="INFO">Typing text 'Kulas Light Apt. 556' into text field '//textarea[@name="address"]'.</msg>
<arg>${customers_txt_address}</arg>
<arg>${user["address"]["street"]} ${user["address"]["suite"]}</arg>
<doc>Types the given ``text`` into the text field identified by ``locator``.</doc>
<status status="PASS" start="2025-09-25T20:09:41.551009" elapsed="0.133533"/>
</kw>
<kw name="Input Text" owner="SeleniumLibrary">
<msg time="2025-09-25T20:09:41.685815" level="INFO">Typing text 'Gwenborough' into text field '//input[@name="city"]'.</msg>
<arg>${customers_txt_city}</arg>
<arg>${user["address"]["city"]}</arg>
<doc>Types the given ``text`` into the text field identified by ``locator``.</doc>
<status status="PASS" start="2025-09-25T20:09:41.684844" elapsed="0.088009"/>
</kw>
<kw name="Input Text" owner="SeleniumLibrary">
<msg time="2025-09-25T20:09:41.774698" level="INFO">Typing text 'KAG' into text field '//input[@name="stateAbbr"]'.</msg>
<arg>${customers_txt_stateAbbr}</arg>
<arg>${user["stateAbbr"]}</arg>
<doc>Types the given ``text`` into the text field identified by ``locator``.</doc>
<status status="PASS" start="2025-09-25T20:09:41.773263" elapsed="0.090585"/>
</kw>
<kw name="Input Text" owner="SeleniumLibrary">
<msg time="2025-09-25T20:09:41.865661" level="INFO">Typing text '92998-3874' into text field '//input[@name="zipcode"]'.</msg>
<arg>${customers_txt_zipcode}</arg>
<arg>${user["address"]["zipcode"]}</arg>
<doc>Types the given ``text`` into the text field identified by ``locator``.</doc>
<status status="PASS" start="2025-09-25T20:09:41.864275" elapsed="0.077761"/>
</kw>
<kw name="Input Text" owner="SeleniumLibrary">
<msg time="2025-09-25T20:09:41.943002" level="INFO">Typing text 'qYRbLqDr' into text field '//input[@name="password"]'.</msg>
<arg>${customers_txt_password}</arg>
<arg>${user["password"]}</arg>
<doc>Types the given ``text`` into the text field identified by ``locator``.</doc>
<status status="PASS" start="2025-09-25T20:09:41.942251" elapsed="0.075801"/>
</kw>
<kw name="Input Text" owner="SeleniumLibrary">
<msg time="2025-09-25T20:09:42.019199" level="INFO">Typing text 'qYRbLqDr' into text field '//input[@name="confirm_password"]'.</msg>
<arg>${customers_txt_confirm_password}</arg>
<arg>${user["password"]}</arg>
<doc>Types the given ``text`` into the text field identified by ``locator``.</doc>
<status status="PASS" start="2025-09-25T20:09:42.018266" elapsed="0.063533"/>
</kw>
<kw name="Click Button" owner="SeleniumLibrary">
<msg time="2025-09-25T20:09:42.082243" level="INFO">Clicking button '//button[@aria-label="Save"]'.</msg>
<arg>${customers_btn_save}</arg>
<doc>Clicks the button identified by ``locator``.</doc>
<status status="PASS" start="2025-09-25T20:09:42.082003" elapsed="0.074099"/>
</kw>
<kw name="Wait Until Page Contains" owner="SeleniumLibrary">
<arg>Customer created</arg>
<doc>Waits until ``text`` appears on the current page.</doc>
<status status="PASS" start="2025-09-25T20:09:42.156307" elapsed="0.471306"/>
</kw>
<arg>${user}</arg>
<status status="PASS" start="2025-09-25T20:09:41.041861" elapsed="1.585976"/>
</kw>
<kw name="Verify Customer Input" owner="CustomerPage">
<kw name="Get Element Attribute" owner="SeleniumLibrary">
<msg time="2025-09-25T20:09:42.648304" level="INFO">${first_name} = Leanne</msg>
<var>${first_name}</var>
<arg>${customers_txt_firstname}</arg>
<arg>value</arg>
<doc>Returns the value of ``attribute`` from the element ``locator``.</doc>
<status status="PASS" start="2025-09-25T20:09:42.629103" elapsed="0.019291"/>
</kw>
<kw name="Should Be Equal As Strings" owner="BuiltIn">
<arg>${user["name"].split(" ")[0]}</arg>
<arg>${first_name}</arg>
<doc>Fails if objects are unequal after converting them to strings.</doc>
<status status="PASS" start="2025-09-25T20:09:42.648702" elapsed="0.001530"/>
</kw>
<kw name="Log To Console" owner="BuiltIn">
<arg>First Name Input Is Correct</arg>
<doc>Logs the given message to the console.</doc>
<status status="PASS" start="2025-09-25T20:09:42.650554" elapsed="0.000606"/>
</kw>
<kw name="Get Element Attribute" owner="SeleniumLibrary">
<msg time="2025-09-25T20:09:42.665577" level="INFO">${second_name} = Graham</msg>
<var>${second_name}</var>
<arg>${customers_txt_lastname}</arg>
<arg>value</arg>
<doc>Returns the value of ``attribute`` from the element ``locator``.</doc>
<status status="PASS" start="2025-09-25T20:09:42.651489" elapsed="0.014180"/>
</kw>
<kw name="Should Be Equal As Strings" owner="BuiltIn">
<arg>${user["name"].split(" ")[1]}</arg>
<arg>${second_name}</arg>
<doc>Fails if objects are unequal after converting them to strings.</doc>
<status status="PASS" start="2025-09-25T20:09:42.665985" elapsed="0.001300"/>
</kw>
<kw name="Log To Console" owner="BuiltIn">
<arg>Second Name Input Is Correct</arg>
<doc>Logs the given message to the console.</doc>
<status status="PASS" start="2025-09-25T20:09:42.667560" elapsed="0.000747"/>
</kw>
<kw name="Get Element Attribute" owner="SeleniumLibrary">
<msg time="2025-09-25T20:09:42.728585" level="INFO">${email} = Sincere@april.biz</msg>
<var>${email}</var>
<arg>${customers_txt_email}</arg>
<arg>value</arg>
<doc>Returns the value of ``attribute`` from the element ``locator``.</doc>
<status status="PASS" start="2025-09-25T20:09:42.668647" elapsed="0.060084"/>
</kw>
<kw name="Should Be Equal As Strings" owner="BuiltIn">
<arg>${user["email"]}</arg>
<arg>${email}</arg>
<doc>Fails if objects are unequal after converting them to strings.</doc>
<status status="PASS" start="2025-09-25T20:09:42.729205" elapsed="0.006952"/>
</kw>
<kw name="Log To Console" owner="BuiltIn">
<arg>Email Input Is Correct</arg>
<doc>Logs the given message to the console.</doc>
<status status="PASS" start="2025-09-25T20:09:42.736697" elapsed="0.011044"/>
</kw>
<kw name="Get Element Attribute" owner="SeleniumLibrary">
<msg time="2025-09-25T20:09:42.776508" level="INFO">${birthday} = 2006-03-11</msg>
<var>${birthday}</var>
<arg>${customers_txt_birthday}</arg>
<arg>value</arg>
<doc>Returns the value of ``attribute`` from the element ``locator``.</doc>
<status status="PASS" start="2025-09-25T20:09:42.748257" elapsed="0.028589"/>
</kw>
<kw name="Format Birthday" owner="CustomLibraries">
<msg time="2025-09-25T20:09:42.785572" level="INFO">${birthday} = 03112006</msg>
<var>${birthday}</var>
<arg>${birthday}</arg>
<status status="PASS" start="2025-09-25T20:09:42.777139" elapsed="0.008497"/>
</kw>
<kw name="Should Be Equal As Strings" owner="BuiltIn">
<arg>${user["birthday"]}</arg>
<arg>${birthday}</arg>
<doc>Fails if objects are unequal after converting them to strings.</doc>
<status status="PASS" start="2025-09-25T20:09:42.785856" elapsed="0.000797"/>
</kw>
<kw name="Log To Console" owner="BuiltIn">
<arg>Birthday Input Is Correct</arg>
<doc>Logs the given message to the console.</doc>
<status status="PASS" start="2025-09-25T20:09:42.786966" elapsed="0.006276"/>
</kw>
<kw name="Get Element Attribute" owner="SeleniumLibrary">
<msg time="2025-09-25T20:09:42.808314" level="INFO">${address} = Kulas Light Apt. 556</msg>
<var>${address}</var>
<arg>${customers_txt_address}</arg>
<arg>value</arg>
<doc>Returns the value of ``attribute`` from the element ``locator``.</doc>
<status status="PASS" start="2025-09-25T20:09:42.793630" elapsed="0.014757"/>
</kw>
<kw name="Should Be Equal As Strings" owner="BuiltIn">
<arg>${user["address"]["street"]} ${user["address"]["suite"]}</arg>
<arg>${address}</arg>
<doc>Fails if objects are unequal after converting them to strings.</doc>
<status status="PASS" start="2025-09-25T20:09:42.808642" elapsed="0.007727"/>
</kw>
<kw name="Log To Console" owner="BuiltIn">
<arg>Address Input Is Correct</arg>
<doc>Logs the given message to the console.</doc>
<status status="PASS" start="2025-09-25T20:09:42.816900" elapsed="0.009109"/>
</kw>
<kw name="Get Element Attribute" owner="SeleniumLibrary">
<msg time="2025-09-25T20:09:42.843164" level="INFO">${city} = Gwenborough</msg>
<var>${city}</var>
<arg>${customers_txt_city}</arg>
<arg>value</arg>
<doc>Returns the value of ``attribute`` from the element ``locator``.</doc>
<status status="PASS" start="2025-09-25T20:09:42.826392" elapsed="0.016857"/>
</kw>
<kw name="Should Be Equal As Strings" owner="BuiltIn">
<arg>${user["address"]["city"]}</arg>
<arg>${city}</arg>
<doc>Fails if objects are unequal after converting them to strings.</doc>
<status status="PASS" start="2025-09-25T20:09:42.843513" elapsed="0.001116"/>
</kw>
<kw name="Log To Console" owner="BuiltIn">
<arg>City Input Is Correct</arg>
<doc>Logs the given message to the console.</doc>
<status status="PASS" start="2025-09-25T20:09:42.845118" elapsed="0.000532"/>
</kw>
<kw name="Get Element Attribute" owner="SeleniumLibrary">
<msg time="2025-09-25T20:09:42.859474" level="INFO">${stateAbbr} = KAG</msg>
<var>${stateAbbr}</var>
<arg>${customers_txt_stateAbbr}</arg>
<arg>value</arg>
<doc>Returns the value of ``attribute`` from the element ``locator``.</doc>
<status status="PASS" start="2025-09-25T20:09:42.845936" elapsed="0.013629"/>
</kw>
<kw name="Should Be Equal As Strings" owner="BuiltIn">
<arg>${user["stateAbbr"]}</arg>
<arg>${stateAbbr}</arg>
<doc>Fails if objects are unequal after converting them to strings.</doc>
<status status="PASS" start="2025-09-25T20:09:42.859884" elapsed="0.001311"/>
</kw>
<kw name="Log To Console" owner="BuiltIn">
<arg>State Abbr Input Is Correct</arg>
<doc>Logs the given message to the console.</doc>
<status status="PASS" start="2025-09-25T20:09:42.861507" elapsed="0.000412"/>
</kw>
<kw name="Get Element Attribute" owner="SeleniumLibrary">
<msg time="2025-09-25T20:09:42.872657" level="INFO">${zipcode} = 92998-3874</msg>
<var>${zipcode}</var>
<arg>${customers_txt_zipcode}</arg>
<arg>value</arg>
<doc>Returns the value of ``attribute`` from the element ``locator``.</doc>
<status status="PASS" start="2025-09-25T20:09:42.862366" elapsed="0.010384"/>
</kw>
<kw name="Should Be Equal As Strings" owner="BuiltIn">
<arg>${user["address"]["zipcode"]}</arg>
<arg>${zipcode}</arg>
<doc>Fails if objects are unequal after converting them to strings.</doc>
<status status="PASS" start="2025-09-25T20:09:42.873102" elapsed="0.001293"/>
</kw>
<kw name="Log To Console" owner="BuiltIn">
<arg>Zipcode Input Is Correct</arg>
<doc>Logs the given message to the console.</doc>
<status status="PASS" start="2025-09-25T20:09:42.874699" elapsed="0.001239"/>
</kw>
<kw name="Get Element Attribute" owner="SeleniumLibrary">
<msg time="2025-09-25T20:09:42.904253" level="INFO">${password} = qYRbLqDr</msg>
<var>${password}</var>
<arg>${customers_txt_password}</arg>
<arg>value</arg>
<doc>Returns the value of ``attribute`` from the element ``locator``.</doc>
<status status="PASS" start="2025-09-25T20:09:42.876170" elapsed="0.028196"/>
</kw>
<kw name="Should Be Equal As Strings" owner="BuiltIn">
<arg>${user["password"]}</arg>
<arg>${password}</arg>
<doc>Fails if objects are unequal after converting them to strings.</doc>
<status status="PASS" start="2025-09-25T20:09:42.904691" elapsed="0.001508"/>
</kw>
<kw name="Log To Console" owner="BuiltIn">
<arg>Password Input Is Correct</arg>
<doc>Logs the given message to the console.</doc>
<status status="PASS" start="2025-09-25T20:09:42.906979" elapsed="0.000680"/>
</kw>
<kw name="Get Element Attribute" owner="SeleniumLibrary">
<msg time="2025-09-25T20:09:42.925284" level="INFO">${confirm_password} = qYRbLqDr</msg>
<var>${confirm_password}</var>
<arg>${customers_txt_confirm_password}</arg>
<arg>value</arg>
<doc>Returns the value of ``attribute`` from the element ``locator``.</doc>
<status status="PASS" start="2025-09-25T20:09:42.908045" elapsed="0.017296"/>
</kw>
<kw name="Should Be Equal As Strings" owner="BuiltIn">
<arg>${user["password"]}</arg>
<arg>${confirm_password}</arg>
<doc>Fails if objects are unequal after converting them to strings.</doc>
<status status="PASS" start="2025-09-25T20:09:42.925536" elapsed="0.001814"/>
</kw>
<kw name="Log To Console" owner="BuiltIn">
<arg>Confirm Password Input Is Correct</arg>
<doc>Logs the given message to the console.</doc>
<status status="PASS" start="2025-09-25T20:09:42.928361" elapsed="0.000763"/>
</kw>
<kw name="Go To Customers Page" owner="CustomerPage">
<kw name="Click Element" owner="SeleniumLibrary">
<msg time="2025-09-25T20:09:42.932361" level="INFO">Clicking element '//a[@href="#/customers"]'.</msg>
<arg>${nav_btn_customers}</arg>
<doc>Click the element identified by ``locator``.</doc>
<status status="PASS" start="2025-09-25T20:09:42.931760" elapsed="0.056234"/>
</kw>
<kw name="Wait Until Element Is Visible" owner="SeleniumLibrary">
<arg>//table/tbody//tr</arg>
<doc>Waits until the element ``locator`` is visible.</doc>
<status status="PASS" start="2025-09-25T20:09:42.988366" elapsed="0.237473"/>
</kw>
<status status="PASS" start="2025-09-25T20:09:42.930129" elapsed="0.295920"/>
</kw>
<kw name="Refresh Current Page" owner="App">
<kw name="Click Button" owner="SeleniumLibrary">
<msg time="2025-09-25T20:09:43.226744" level="INFO">Clicking button '//button[@aria-label="Refresh"]'.</msg>
<arg>${btn_refresh}</arg>
<doc>Clicks the button identified by ``locator``.</doc>
<status status="PASS" start="2025-09-25T20:09:43.226541" elapsed="0.235290"/>
</kw>
<kw name="Wait Until Element Is Visible" owner="SeleniumLibrary">
<arg>${loading_icon}</arg>
<doc>Waits until the element ``locator`` is visible.</doc>
<status status="PASS" start="2025-09-25T20:09:43.462056" elapsed="0.017766"/>
</kw>
<kw name="Wait Until Element Is Not Visible" owner="SeleniumLibrary">
<arg>${loading_icon}</arg>
<doc>Waits until the element ``locator`` is not visible.</doc>
<status status="PASS" start="2025-09-25T20:09:43.480330" elapsed="0.494052"/>
</kw>
<status status="PASS" start="2025-09-25T20:09:43.226248" elapsed="0.748335"/>
</kw>
<arg>${user}</arg>
<status status="PASS" start="2025-09-25T20:09:42.628437" elapsed="1.346244"/>
</kw>
<var name="${i}">0</var>
<status status="PASS" start="2025-09-25T20:09:41.040668" elapsed="2.934076"/>
</iter>
<iter>
<kw name="Set Variable" owner="BuiltIn">
<msg time="2025-09-25T20:09:43.975640" level="INFO">${user} = {'id': 2, 'name': 'Ervin Howell', 'username': 'Antonette', 'email': 'Shanna@melissa.tv', 'address': {'street': 'Victor Plains', 'suite': 'Suite 879', 'city': 'Wisokyburgh', 'zipcode': '90566-7771', 'g...</msg>
<var>${user}</var>
<arg>${users}[${i}]</arg>
<doc>Returns the given values which can then be assigned to a variables.</doc>
<status status="PASS" start="2025-09-25T20:09:43.975254" elapsed="0.000444"/>
</kw>
<kw name="Create Customer" owner="CustomerPage">
<kw name="Click Element" owner="SeleniumLibrary">
<msg time="2025-09-25T20:09:43.977613" level="INFO">Clicking element '//a[@aria-label="Create"]'.</msg>
<arg>${customers_btn_create}</arg>
<doc>Click the element identified by ``locator``.</doc>
<status status="PASS" start="2025-09-25T20:09:43.977174" elapsed="0.091107"/>
</kw>
<kw name="Wait Until Element Is Visible" owner="SeleniumLibrary">
<arg>${customers_txt_firstname}</arg>
<doc>Waits until the element ``locator`` is visible.</doc>
<status status="PASS" start="2025-09-25T20:09:44.068668" elapsed="0.060361"/>
</kw>
<kw name="Input Text" owner="SeleniumLibrary">
<msg time="2025-09-25T20:09:44.130035" level="INFO">Typing text 'Ervin' into text field '//input[@name="first_name"]'.</msg>
<arg>${customers_txt_firstname}</arg>
<arg>${user["name"].split(" ")[0]}</arg>
<doc>Types the given ``text`` into the text field identified by ``locator``.</doc>
<status status="PASS" start="2025-09-25T20:09:44.129286" elapsed="0.099460"/>
</kw>
<kw name="Input Text" owner="SeleniumLibrary">
<msg time="2025-09-25T20:09:44.229929" level="INFO">Typing text 'Howell' into text field '//input[@name="last_name"]'.</msg>
<arg>${customers_txt_lastname}</arg>
<arg>${user["name"].split(" ")[1]}</arg>
<doc>Types the given ``text`` into the text field identified by ``locator``.</doc>
<status status="PASS" start="2025-09-25T20:09:44.228959" elapsed="0.096619"/>
</kw>
<kw name="Input Text" owner="SeleniumLibrary">
<msg time="2025-09-25T20:09:44.326681" level="INFO">Typing text 'Shanna@melissa.tv' into text field '//input[@name="email"]'.</msg>
<arg>${customers_txt_email}</arg>
<arg>${user["email"]}</arg>
<doc>Types the given ``text`` into the text field identified by ``locator``.</doc>
<status status="PASS" start="2025-09-25T20:09:44.325791" elapsed="0.122170"/>
</kw>
<kw name="Input Text" owner="SeleniumLibrary">
<msg time="2025-09-25T20:09:44.448902" level="INFO">Typing text '06222000' into text field '//input[@name="birthday"]'.</msg>
<arg>${customers_txt_birthday}</arg>
<arg>${user["birthday"]}</arg>
<doc>Types the given ``text`` into the text field identified by ``locator``.</doc>
<status status="PASS" start="2025-09-25T20:09:44.448181" elapsed="0.113239"/>
</kw>
<kw name="Input Text" owner="SeleniumLibrary">
<msg time="2025-09-25T20:09:44.563332" level="INFO">Typing text 'Victor Plains Suite 879' into text field '//textarea[@name="address"]'.</msg>
<arg>${customers_txt_address}</arg>
<arg>${user["address"]["street"]} ${user["address"]["suite"]}</arg>
<doc>Types the given ``text`` into the text field identified by ``locator``.</doc>
<status status="PASS" start="2025-09-25T20:09:44.561626" elapsed="0.098951"/>
</kw>
<kw name="Input Text" owner="SeleniumLibrary">
<msg time="2025-09-25T20:09:44.661631" level="INFO">Typing text 'Wisokyburgh' into text field '//input[@name="city"]'.</msg>
<arg>${customers_txt_city}</arg>
<arg>${user["address"]["city"]}</arg>
<doc>Types the given ``text`` into the text field identified by ``locator``.</doc>
<status status="PASS" start="2025-09-25T20:09:44.660784" elapsed="0.095815"/>
</kw>
<kw name="Input Text" owner="SeleniumLibrary">
<msg time="2025-09-25T20:09:44.757661" level="INFO">Typing text 'VSW' into text field '//input[@name="stateAbbr"]'.</msg>
<arg>${customers_txt_stateAbbr}</arg>
<arg>${user["stateAbbr"]}</arg>
<doc>Types the given ``text`` into the text field identified by ``locator``.</doc>
<status status="PASS" start="2025-09-25T20:09:44.756822" elapsed="0.081858"/>
</kw>
<kw name="Input Text" owner="SeleniumLibrary">
<msg time="2025-09-25T20:09:44.839804" level="INFO">Typing text '90566-7771' into text field '//input[@name="zipcode"]'.</msg>
<arg>${customers_txt_zipcode}</arg>
<arg>${user["address"]["zipcode"]}</arg>
<doc>Types the given ``text`` into the text field identified by ``locator``.</doc>
<status status="PASS" start="2025-09-25T20:09:44.838899" elapsed="0.084649"/>
</kw>
<kw name="Input Text" owner="SeleniumLibrary">
<msg time="2025-09-25T20:09:44.924744" level="INFO">Typing text 'EYZHE1E%' into text field '//input[@name="password"]'.</msg>
<arg>${customers_txt_password}</arg>
<arg>${user["password"]}</arg>
<doc>Types the given ``text`` into the text field identified by ``locator``.</doc>
<status status="PASS" start="2025-09-25T20:09:44.923951" elapsed="0.080044"/>
</kw>
<kw name="Input Text" owner="SeleniumLibrary">
<msg time="2025-09-25T20:09:45.005186" level="INFO">Typing text 'EYZHE1E%' into text field '//input[@name="confirm_password"]'.</msg>
<arg>${customers_txt_confirm_password}</arg>
<arg>${user["password"]}</arg>
<doc>Types the given ``text`` into the text field identified by ``locator``.</doc>
<status status="PASS" start="2025-09-25T20:09:45.004199" elapsed="0.088070"/>
</kw>
<kw name="Click Button" owner="SeleniumLibrary">
<msg time="2025-09-25T20:09:45.092759" level="INFO">Clicking button '//button[@aria-label="Save"]'.</msg>
<arg>${customers_btn_save}</arg>
<doc>Clicks the button identified by ``locator``.</doc>
<status status="PASS" start="2025-09-25T20:09:45.092502" elapsed="0.098872"/>
</kw>
<kw name="Wait Until Page Contains" owner="SeleniumLibrary">
<arg>Customer created</arg>
<doc>Waits until ``text`` appears on the current page.</doc>
<status status="PASS" start="2025-09-25T20:09:45.191583" elapsed="0.440756"/>
</kw>
<arg>${user}</arg>
<status status="PASS" start="2025-09-25T20:09:43.976026" elapsed="1.656436"/>
</kw>
<kw name="Verify Customer Input" owner="CustomerPage">
<kw name="Get Element Attribute" owner="SeleniumLibrary">
<msg time="2025-09-25T20:09:45.647624" level="INFO">${first_name} = Ervin</msg>
<var>${first_name}</var>
<arg>${customers_txt_firstname}</arg>
<arg>value</arg>
<doc>Returns the value of ``attribute`` from the element ``locator``.</doc>
<status status="PASS" start="2025-09-25T20:09:45.633096" elapsed="0.014581"/>
</kw>
<kw name="Should Be Equal As Strings" owner="BuiltIn">
<arg>${user["name"].split(" ")[0]}</arg>
<arg>${first_name}</arg>
<doc>Fails if objects are unequal after converting them to strings.</doc>
<status status="PASS" start="2025-09-25T20:09:45.647856" elapsed="0.000827"/>
</kw>
<kw name="Log To Console" owner="BuiltIn">
<arg>First Name Input Is Correct</arg>
<doc>Logs the given message to the console.</doc>
<status status="PASS" start="2025-09-25T20:09:45.649044" elapsed="0.000508"/>
</kw>
<kw name="Get Element Attribute" owner="SeleniumLibrary">
<msg time="2025-09-25T20:09:45.671148" level="INFO">${second_name} = Howell</msg>
<var>${second_name}</var>
<arg>${customers_txt_lastname}</arg>
<arg>value</arg>
<doc>Returns the value of ``attribute`` from the element ``locator``.</doc>
<status status="PASS" start="2025-09-25T20:09:45.649881" elapsed="0.021358"/>
</kw>
<kw name="Should Be Equal As Strings" owner="BuiltIn">
<arg>${user["name"].split(" ")[1]}</arg>
<arg>${second_name}</arg>
<doc>Fails if objects are unequal after converting them to strings.</doc>
<status status="PASS" start="2025-09-25T20:09:45.671567" elapsed="0.001347"/>
</kw>
<kw name="Log To Console" owner="BuiltIn">
<arg>Second Name Input Is Correct</arg>
<doc>Logs the given message to the console.</doc>
<status status="PASS" start="2025-09-25T20:09:45.673173" elapsed="0.001365"/>
</kw>
<kw name="Get Element Attribute" owner="SeleniumLibrary">
<msg time="2025-09-25T20:09:45.706437" level="INFO">${email} = Shanna@melissa.tv</msg>
<var>${email}</var>
<arg>${customers_txt_email}</arg>
<arg>value</arg>
<doc>Returns the value of ``attribute`` from the element ``locator``.</doc>
<status status="PASS" start="2025-09-25T20:09:45.674893" elapsed="0.031597"/>
</kw>
<kw name="Should Be Equal As Strings" owner="BuiltIn">
<arg>${user["email"]}</arg>
<arg>${email}</arg>
<doc>Fails if objects are unequal after converting them to strings.</doc>
<status status="PASS" start="2025-09-25T20:09:45.706684" elapsed="0.000690"/>
</kw>
<kw name="Log To Console" owner="BuiltIn">
<arg>Email Input Is Correct</arg>
<doc>Logs the given message to the console.</doc>
<status status="PASS" start="2025-09-25T20:09:45.707500" elapsed="0.000264"/>
</kw>
<kw name="Get Element Attribute" owner="SeleniumLibrary">
<msg time="2025-09-25T20:09:45.721240" level="INFO">${birthday} = 2000-06-22</msg>
<var>${birthday}</var>
<arg>${customers_txt_birthday}</arg>
<arg>value</arg>
<doc>Returns the value of ``attribute`` from the element ``locator``.</doc>
<status status="PASS" start="2025-09-25T20:09:45.708182" elapsed="0.013145"/>
</kw>
<kw name="Format Birthday" owner="CustomLibraries">
<msg time="2025-09-25T20:09:45.721964" level="INFO">${birthday} = 06222000</msg>
<var>${birthday}</var>
<arg>${birthday}</arg>
<status status="PASS" start="2025-09-25T20:09:45.721630" elapsed="0.000374"/>
</kw>
<kw name="Should Be Equal As Strings" owner="BuiltIn">
<arg>${user["birthday"]}</arg>
<arg>${birthday}</arg>
<doc>Fails if objects are unequal after converting them to strings.</doc>
<status status="PASS" start="2025-09-25T20:09:45.722158" elapsed="0.000707"/>
</kw>
<kw name="Log To Console" owner="BuiltIn">
<arg>Birthday Input Is Correct</arg>
<doc>Logs the given message to the console.</doc>
<status status="PASS" start="2025-09-25T20:09:45.722990" elapsed="0.000245"/>
</kw>
<kw name="Get Element Attribute" owner="SeleniumLibrary">
<msg time="2025-09-25T20:09:45.742858" level="INFO">${address} = Victor Plains Suite 879</msg>
<var>${address}</var>
<arg>${customers_txt_address}</arg>
<arg>value</arg>
<doc>Returns the value of ``attribute`` from the element ``locator``.</doc>
<status status="PASS" start="2025-09-25T20:09:45.723464" elapsed="0.019445"/>
</kw>
<kw name="Should Be Equal As Strings" owner="BuiltIn">
<arg>${user["address"]["street"]} ${user["address"]["suite"]}</arg>
<arg>${address}</arg>
<doc>Fails if objects are unequal after converting them to strings.</doc>
<status status="PASS" start="2025-09-25T20:09:45.743090" elapsed="0.001218"/>
</kw>
<kw name="Log To Console" owner="BuiltIn">
<arg>Address Input Is Correct</arg>
<doc>Logs the given message to the console.</doc>
<status status="PASS" start="2025-09-25T20:09:45.744480" elapsed="0.000471"/>
</kw>
<kw name="Get Element Attribute" owner="SeleniumLibrary">
<msg time="2025-09-25T20:09:45.764424" level="INFO">${city} = Wisokyburgh</msg>
<var>${city}</var>
<arg>${customers_txt_city}</arg>
<arg>value</arg>
<doc>Returns the value of ``attribute`` from the element ``locator``.</doc>
<status status="PASS" start="2025-09-25T20:09:45.745134" elapsed="0.019373"/>
</kw>
<kw name="Should Be Equal As Strings" owner="BuiltIn">
<arg>${user["address"]["city"]}</arg>
<arg>${city}</arg>
<doc>Fails if objects are unequal after converting them to strings.</doc>
<status status="PASS" start="2025-09-25T20:09:45.764787" elapsed="0.001138"/>
</kw>
<kw name="Log To Console" owner="BuiltIn">
<arg>City Input Is Correct</arg>
<doc>Logs the given message to the console.</doc>
<status status="PASS" start="2025-09-25T20:09:45.766212" elapsed="0.000589"/>
</kw>
<kw name="Get Element Attribute" owner="SeleniumLibrary">
<msg time="2025-09-25T20:09:45.783212" level="INFO">${stateAbbr} = VSW</msg>
<var>${stateAbbr}</var>
<arg>${customers_txt_stateAbbr}</arg>
<arg>value</arg>
<doc>Returns the value of ``attribute`` from the element ``locator``.</doc>
<status status="PASS" start="2025-09-25T20:09:45.767143" elapsed="0.016162"/>
</kw>
<kw name="Should Be Equal As Strings" owner="BuiltIn">
<arg>${user["stateAbbr"]}</arg>
<arg>${stateAbbr}</arg>
<doc>Fails if objects are unequal after converting them to strings.</doc>
<status status="PASS" start="2025-09-25T20:09:45.783626" elapsed="0.001353"/>
</kw>
<kw name="Log To Console" owner="BuiltIn">
<arg>State Abbr Input Is Correct</arg>
<doc>Logs the given message to the console.</doc>
<status status="PASS" start="2025-09-25T20:09:45.785230" elapsed="0.000372"/>
</kw>
<kw name="Get Element Attribute" owner="SeleniumLibrary">
<msg time="2025-09-25T20:09:45.801747" level="INFO">${zipcode} = 90566-7771</msg>
<var>${zipcode}</var>
<arg>${customers_txt_zipcode}</arg>
<arg>value</arg>
<doc>Returns the value of ``attribute`` from the element ``locator``.</doc>
<status status="PASS" start="2025-09-25T20:09:45.785760" elapsed="0.016039"/>
</kw>
<kw name="Should Be Equal As Strings" owner="BuiltIn">
<arg>${user["address"]["zipcode"]}</arg>
<arg>${zipcode}</arg>
<doc>Fails if objects are unequal after converting them to strings.</doc>
<status status="PASS" start="2025-09-25T20:09:45.801977" elapsed="0.000708"/>
</kw>
<kw name="Log To Console" owner="BuiltIn">
<arg>Zipcode Input Is Correct</arg>
<doc>Logs the given message to the console.</doc>
<status status="PASS" start="2025-09-25T20:09:45.802921" elapsed="0.000388"/>
</kw>
<kw name="Get Element Attribute" owner="SeleniumLibrary">
<msg time="2025-09-25T20:09:45.818365" level="INFO">${password} = EYZHE1E%</msg>
<var>${password}</var>
<arg>${customers_txt_password}</arg>
<arg>value</arg>
<doc>Returns the value of ``attribute`` from the element ``locator``.</doc>
<status status="PASS" start="2025-09-25T20:09:45.803470" elapsed="0.014983"/>
</kw>
<kw name="Should Be Equal As Strings" owner="BuiltIn">
<arg>${user["password"]}</arg>
<arg>${password}</arg>
<doc>Fails if objects are unequal after converting them to strings.</doc>
<status status="PASS" start="2025-09-25T20:09:45.818863" elapsed="0.001089"/>
</kw>
<kw name="Log To Console" owner="BuiltIn">
<arg>Password Input Is Correct</arg>
<doc>Logs the given message to the console.</doc>
<status status="PASS" start="2025-09-25T20:09:45.820138" elapsed="0.000312"/>
</kw>
<kw name="Get Element Attribute" owner="SeleniumLibrary">
<msg time="2025-09-25T20:09:45.837113" level="INFO">${confirm_password} = EYZHE1E%</msg>
<var>${confirm_password}</var>
<arg>${customers_txt_confirm_password}</arg>
<arg>value</arg>
<doc>Returns the value of ``attribute`` from the element ``locator``.</doc>
<status status="PASS" start="2025-09-25T20:09:45.820662" elapsed="0.016531"/>
</kw>
<kw name="Should Be Equal As Strings" owner="BuiltIn">
<arg>${user["password"]}</arg>
<arg>${confirm_password}</arg>
<doc>Fails if objects are unequal after converting them to strings.</doc>
<status status="PASS" start="2025-09-25T20:09:45.837418" elapsed="0.001385"/>
</kw>
<kw name="Log To Console" owner="BuiltIn">
<arg>Confirm Password Input Is Correct</arg>
<doc>Logs the given message to the console.</doc>
<status status="PASS" start="2025-09-25T20:09:45.839005" elapsed="0.000316"/>
</kw>
<kw name="Go To Customers Page" owner="CustomerPage">
<kw name="Click Element" owner="SeleniumLibrary">
<msg time="2025-09-25T20:09:45.840542" level="INFO">Clicking element '//a[@href="#/customers"]'.</msg>
<arg>${nav_btn_customers}</arg>
<doc>Click the element identified by ``locator``.</doc>
<status status="PASS" start="2025-09-25T20:09:45.840193" elapsed="0.074935"/>
</kw>
<kw name="Wait Until Element Is Visible" owner="SeleniumLibrary">
<arg>//table/tbody//tr</arg>
<doc>Waits until the element ``locator`` is visible.</doc>
<status status="PASS" start="2025-09-25T20:09:45.915395" elapsed="0.240790"/>
</kw>
<status status="PASS" start="2025-09-25T20:09:45.839689" elapsed="0.316624"/>
</kw>
<kw name="Refresh Current Page" owner="App">
<kw name="Click Button" owner="SeleniumLibrary">
<msg time="2025-09-25T20:09:46.156992" level="INFO">Clicking button '//button[@aria-label="Refresh"]'.</msg>
<arg>${btn_refresh}</arg>
<doc>Clicks the button identified by ``locator``.</doc>
<status status="PASS" start="2025-09-25T20:09:46.156787" elapsed="0.244347"/>
</kw>
<kw name="Wait Until Element Is Visible" owner="SeleniumLibrary">
<arg>${loading_icon}</arg>
<doc>Waits until the element ``locator`` is visible.</doc>
<status status="PASS" start="2025-09-25T20:09:46.401375" elapsed="0.014566"/>
</kw>
<kw name="Wait Until Element Is Not Visible" owner="SeleniumLibrary">
<arg>${loading_icon}</arg>
<doc>Waits until the element ``locator`` is not visible.</doc>
<status status="PASS" start="2025-09-25T20:09:46.416192" elapsed="0.440533"/>
</kw>
<status status="PASS" start="2025-09-25T20:09:46.156507" elapsed="0.700346"/>
</kw>
<arg>${user}</arg>
<status status="PASS" start="2025-09-25T20:09:45.632774" elapsed="1.224152"/>
</kw>
<var name="${i}">1</var>
<status status="PASS" start="2025-09-25T20:09:43.975022" elapsed="2.882021"/>
</iter>
<iter>
<kw name="Set Variable" owner="BuiltIn">
<msg time="2025-09-25T20:09:46.857707" level="INFO">${user} = {'id': 3, 'name': 'Clementine Bauch', 'username': 'Samantha', 'email': 'Nathan@yesenia.net', 'address': {'street': 'Douglas Extension', 'suite': 'Suite 847', 'city': 'McKenziehaven', 'zipcode': '59590...</msg>
<var>${user}</var>
<arg>${users}[${i}]</arg>
<doc>Returns the given values which can then be assigned to a variables.</doc>
<status status="PASS" start="2025-09-25T20:09:46.857394" elapsed="0.000361"/>
</kw>
<kw name="Create Customer" owner="CustomerPage">
<kw name="Click Element" owner="SeleniumLibrary">
<msg time="2025-09-25T20:09:46.858716" level="INFO">Clicking element '//a[@aria-label="Create"]'.</msg>
<arg>${customers_btn_create}</arg>
<doc>Click the element identified by ``locator``.</doc>
<status status="PASS" start="2025-09-25T20:09:46.858485" elapsed="0.075251"/>
</kw>
<kw name="Wait Until Element Is Visible" owner="SeleniumLibrary">
<arg>${customers_txt_firstname}</arg>
<doc>Waits until the element ``locator`` is visible.</doc>
<status status="PASS" start="2025-09-25T20:09:46.934123" elapsed="0.065783"/>
</kw>
<kw name="Input Text" owner="SeleniumLibrary">
<msg time="2025-09-25T20:09:47.000933" level="INFO">Typing text 'Clementine' into text field '//input[@name="first_name"]'.</msg>
<arg>${customers_txt_firstname}</arg>
<arg>${user["name"].split(" ")[0]}</arg>
<doc>Types the given ``text`` into the text field identified by ``locator``.</doc>
<status status="PASS" start="2025-09-25T20:09:47.000107" elapsed="0.086881"/>
</kw>
<kw name="Input Text" owner="SeleniumLibrary">
<msg time="2025-09-25T20:09:47.088120" level="INFO">Typing text 'Bauch' into text field '//input[@name="last_name"]'.</msg>
<arg>${customers_txt_lastname}</arg>
<arg>${user["name"].split(" ")[1]}</arg>
<doc>Types the given ``text`` into the text field identified by ``locator``.</doc>
<status status="PASS" start="2025-09-25T20:09:47.087195" elapsed="0.128101"/>
</kw>
<kw name="Input Text" owner="SeleniumLibrary">
<msg time="2025-09-25T20:09:47.216563" level="INFO">Typing text 'Nathan@yesenia.net' into text field '//input[@name="email"]'.</msg>
<arg>${customers_txt_email}</arg>
<arg>${user["email"]}</arg>
<doc>Types the given ``text`` into the text field identified by ``locator``.</doc>
<status status="PASS" start="2025-09-25T20:09:47.215553" elapsed="0.152160"/>
</kw>
<kw name="Input Text" owner="SeleniumLibrary">
<msg time="2025-09-25T20:09:47.368804" level="INFO">Typing text '01162000' into text field '//input[@name="birthday"]'.</msg>
<arg>${customers_txt_birthday}</arg>
<arg>${user["birthday"]}</arg>
<doc>Types the given ``text`` into the text field identified by ``locator``.</doc>
<status status="PASS" start="2025-09-25T20:09:47.367974" elapsed="0.095537"/>
</kw>
<kw name="Input Text" owner="SeleniumLibrary">
<msg time="2025-09-25T20:09:47.464974" level="INFO">Typing text 'Douglas Extension Suite 847' into text field '//textarea[@name="address"]'.</msg>
<arg>${customers_txt_address}</arg>
<arg>${user["address"]["street"]} ${user["address"]["suite"]}</arg>
<doc>Types the given ``text`` into the text field identified by ``locator``.</doc>
<status status="PASS" start="2025-09-25T20:09:47.463767" elapsed="0.208058"/>
</kw>
<kw name="Input Text" owner="SeleniumLibrary">
<msg time="2025-09-25T20:09:47.673014" level="INFO">Typing text 'McKenziehaven' into text field '//input[@name="city"]'.</msg>
<arg>${customers_txt_city}</arg>
<arg>${user["address"]["city"]}</arg>
<doc>Types the given ``text`` into the text field identified by ``locator``.</doc>
<status status="PASS" start="2025-09-25T20:09:47.672074" elapsed="0.088416"/>
</kw>
<kw name="Input Text" owner="SeleniumLibrary">
<msg time="2025-09-25T20:09:47.761669" level="INFO">Typing text 'DSM' into text field '//input[@name="stateAbbr"]'.</msg>
<arg>${customers_txt_stateAbbr}</arg>
<arg>${user["stateAbbr"]}</arg>
<doc>Types the given ``text`` into the text field identified by ``locator``.</doc>
<status status="PASS" start="2025-09-25T20:09:47.760696" elapsed="0.074718"/>
</kw>
<kw name="Input Text" owner="SeleniumLibrary">
<msg time="2025-09-25T20:09:47.836500" level="INFO">Typing text '59590-4157' into text field '//input[@name="zipcode"]'.</msg>
<arg>${customers_txt_zipcode}</arg>
<arg>${user["address"]["zipcode"]}</arg>
<doc>Types the given ``text`` into the text field identified by ``locator``.</doc>
<status status="PASS" start="2025-09-25T20:09:47.835617" elapsed="0.094679"/>
</kw>
<kw name="Input Text" owner="SeleniumLibrary">
<msg time="2025-09-25T20:09:47.931497" level="INFO">Typing text 'uSSk3rQB' into text field '//input[@name="password"]'.</msg>
<arg>${customers_txt_password}</arg>
<arg>${user["password"]}</arg>
<doc>Types the given ``text`` into the text field identified by ``locator``.</doc>
<status status="PASS" start="2025-09-25T20:09:47.930531" elapsed="0.101269"/>
</kw>
<kw name="Input Text" owner="SeleniumLibrary">
<msg time="2025-09-25T20:09:48.032800" level="INFO">Typing text 'uSSk3rQB' into text field '//input[@name="confirm_password"]'.</msg>
<arg>${customers_txt_confirm_password}</arg>
<arg>${user["password"]}</arg>
<doc>Types the given ``text`` into the text field identified by ``locator``.</doc>
<status status="PASS" start="2025-09-25T20:09:48.032036" elapsed="0.086847"/>
</kw>
<kw name="Click Button" owner="SeleniumLibrary">
<msg time="2025-09-25T20:09:48.119326" level="INFO">Clicking button '//button[@aria-label="Save"]'.</msg>
<arg>${customers_btn_save}</arg>
<doc>Clicks the button identified by ``locator``.</doc>
<status status="PASS" start="2025-09-25T20:09:48.119085" elapsed="0.086254"/>
</kw>
<kw name="Wait Until Page Contains" owner="SeleniumLibrary">
<arg>Customer created</arg>
<doc>Waits until ``text`` appears on the current page.</doc>
<status status="PASS" start="2025-09-25T20:09:48.205545" elapsed="0.435165"/>
</kw>
<arg>${user}</arg>
<status status="PASS" start="2025-09-25T20:09:46.858016" elapsed="1.782955"/>
</kw>
<kw name="Verify Customer Input" owner="CustomerPage">
<kw name="Get Element Attribute" owner="SeleniumLibrary">
<msg time="2025-09-25T20:09:48.657631" level="INFO">${first_name} = Clementine</msg>
<var>${first_name}</var>
<arg>${customers_txt_firstname}</arg>
<arg>value</arg>
<doc>Returns the value of ``attribute`` from the element ``locator``.</doc>
<status status="PASS" start="2025-09-25T20:09:48.642253" elapsed="0.015433"/>
</kw>
<kw name="Should Be Equal As Strings" owner="BuiltIn">
<arg>${user["name"].split(" ")[0]}</arg>
<arg>${first_name}</arg>
<doc>Fails if objects are unequal after converting them to strings.</doc>
<status status="PASS" start="2025-09-25T20:09:48.657878" elapsed="0.000740"/>
</kw>
<kw name="Log To Console" owner="BuiltIn">
<arg>First Name Input Is Correct</arg>
<doc>Logs the given message to the console.</doc>
<status status="PASS" start="2025-09-25T20:09:48.658852" elapsed="0.001161"/>
</kw>
<kw name="Get Element Attribute" owner="SeleniumLibrary">
<msg time="2025-09-25T20:09:48.680733" level="INFO">${second_name} = Bauch</msg>
<var>${second_name}</var>
<arg>${customers_txt_lastname}</arg>
<arg>value</arg>
<doc>Returns the value of ``attribute`` from the element ``locator``.</doc>
<status status="PASS" start="2025-09-25T20:09:48.660260" elapsed="0.020538"/>
</kw>
<kw name="Should Be Equal As Strings" owner="BuiltIn">
<arg>${user["name"].split(" ")[1]}</arg>
<arg>${second_name}</arg>
<doc>Fails if objects are unequal after converting them to strings.</doc>
<status status="PASS" start="2025-09-25T20:09:48.681022" elapsed="0.000951"/>
</kw>
<kw name="Log To Console" owner="BuiltIn">
<arg>Second Name Input Is Correct</arg>
<doc>Logs the given message to the console.</doc>
<status status="PASS" start="2025-09-25T20:09:48.682202" elapsed="0.000433"/>
</kw>
<kw name="Get Element Attribute" owner="SeleniumLibrary">
<msg time="2025-09-25T20:09:48.695366" level="INFO">${email} = Nathan@yesenia.net</msg>
<var>${email}</var>
<arg>${customers_txt_email}</arg>
<arg>value</arg>
<doc>Returns the value of ``attribute`` from the element ``locator``.</doc>
<status status="PASS" start="2025-09-25T20:09:48.682891" elapsed="0.012718"/>
</kw>
<kw name="Should Be Equal As Strings" owner="BuiltIn">
<arg>${user["email"]}</arg>
<arg>${email}</arg>
<doc>Fails if objects are unequal after converting them to strings.</doc>
<status status="PASS" start="2025-09-25T20:09:48.695894" elapsed="0.001060"/>
</kw>
<kw name="Log To Console" owner="BuiltIn">
<arg>Email Input Is Correct</arg>
<doc>Logs the given message to the console.</doc>
<status status="PASS" start="2025-09-25T20:09:48.697206" elapsed="0.000369"/>
</kw>
<kw name="Get Element Attribute" owner="SeleniumLibrary">
<msg time="2025-09-25T20:09:48.712593" level="INFO">${birthday} = 2000-01-16</msg>
<var>${birthday}</var>
<arg>${customers_txt_birthday}</arg>
<arg>value</arg>
<doc>Returns the value of ``attribute`` from the element ``locator``.</doc>
<status status="PASS" start="2025-09-25T20:09:48.697799" elapsed="0.014872"/>
</kw>
<kw name="Format Birthday" owner="CustomLibraries">
<msg time="2025-09-25T20:09:48.713331" level="INFO">${birthday} = 01162000</msg>
<var>${birthday}</var>
<arg>${birthday}</arg>
<status status="PASS" start="2025-09-25T20:09:48.712949" elapsed="0.000437"/>
</kw>
<kw name="Should Be Equal As Strings" owner="BuiltIn">
<arg>${user["birthday"]}</arg>
<arg>${birthday}</arg>
<doc>Fails if objects are unequal after converting them to strings.</doc>
<status status="PASS" start="2025-09-25T20:09:48.713583" elapsed="0.001089"/>
</kw>
<kw name="Log To Console" owner="BuiltIn">
<arg>Birthday Input Is Correct</arg>
<doc>Logs the given message to the console.</doc>
<status status="PASS" start="2025-09-25T20:09:48.716241" elapsed="0.000346"/>
</kw>
<kw name="Get Element Attribute" owner="SeleniumLibrary">
<msg time="2025-09-25T20:09:48.733928" level="INFO">${address} = Douglas Extension Suite 847</msg>
<var>${address}</var>
<arg>${customers_txt_address}</arg>
<arg>value</arg>
<doc>Returns the value of ``attribute`` from the element ``locator``.</doc>
<status status="PASS" start="2025-09-25T20:09:48.716761" elapsed="0.017259"/>
</kw>
<kw name="Should Be Equal As Strings" owner="BuiltIn">
<arg>${user["address"]["street"]} ${user["address"]["suite"]}</arg>
<arg>${address}</arg>
<doc>Fails if objects are unequal after converting them to strings.</doc>
<status status="PASS" start="2025-09-25T20:09:48.734319" elapsed="0.001790"/>
</kw>
<kw name="Log To Console" owner="BuiltIn">
<arg>Address Input Is Correct</arg>
<doc>Logs the given message to the console.</doc>
<status status="PASS" start="2025-09-25T20:09:48.736398" elapsed="0.000726"/>
</kw>
<kw name="Get Element Attribute" owner="SeleniumLibrary">
<msg time="2025-09-25T20:09:48.758184" level="INFO">${city} = McKenziehaven</msg>
<var>${city}</var>
<arg>${customers_txt_city}</arg>
<arg>value</arg>
<doc>Returns the value of ``attribute`` from the element ``locator``.</doc>
<status status="PASS" start="2025-09-25T20:09:48.737425" elapsed="0.020877"/>
</kw>
<kw name="Should Be Equal As Strings" owner="BuiltIn">
<arg>${user["address"]["city"]}</arg>
<arg>${city}</arg>
<doc>Fails if objects are unequal after converting them to strings.</doc>
<status status="PASS" start="2025-09-25T20:09:48.758652" elapsed="0.001177"/>
</kw>
<kw name="Log To Console" owner="BuiltIn">
<arg>City Input Is Correct</arg>
<doc>Logs the given message to the console.</doc>
<status status="PASS" start="2025-09-25T20:09:48.760072" elapsed="0.000331"/>
</kw>
<kw name="Get Element Attribute" owner="SeleniumLibrary">
<msg time="2025-09-25T20:09:48.774176" level="INFO">${stateAbbr} = DSM</msg>
<var>${stateAbbr}</var>
<arg>${customers_txt_stateAbbr}</arg>
<arg>value</arg>
<doc>Returns the value of ``attribute`` from the element ``locator``.</doc>
<status status="PASS" start="2025-09-25T20:09:48.760558" elapsed="0.013669"/>
</kw>
<kw name="Should Be Equal As Strings" owner="BuiltIn">
<arg>${user["stateAbbr"]}</arg>
<arg>${stateAbbr}</arg>
<doc>Fails if objects are unequal after converting them to strings.</doc>
<status status="PASS" start="2025-09-25T20:09:48.774406" elapsed="0.000699"/>
</kw>
<kw name="Log To Console" owner="BuiltIn">
<arg>State Abbr Input Is Correct</arg>
<doc>Logs the given message to the console.</doc>
<status status="PASS" start="2025-09-25T20:09:48.775309" elapsed="0.000436"/>
</kw>
<kw name="Get Element Attribute" owner="SeleniumLibrary">
<msg time="2025-09-25T20:09:48.791484" level="INFO">${zipcode} = 59590-4157</msg>
<var>${zipcode}</var>
<arg>${customers_txt_zipcode}</arg>
<arg>value</arg>
<doc>Returns the value of ``attribute`` from the element ``locator``.</doc>
<status status="PASS" start="2025-09-25T20:09:48.776159" elapsed="0.015378"/>
</kw>
<kw name="Should Be Equal As Strings" owner="BuiltIn">
<arg>${user["address"]["zipcode"]}</arg>
<arg>${zipcode}</arg>
<doc>Fails if objects are unequal after converting them to strings.</doc>
<status status="PASS" start="2025-09-25T20:09:48.791727" elapsed="0.000674"/>
</kw>
<kw name="Log To Console" owner="BuiltIn">
<arg>Zipcode Input Is Correct</arg>
<doc>Logs the given message to the console.</doc>
<status status="PASS" start="2025-09-25T20:09:48.792538" elapsed="0.004328"/>
</kw>
<kw name="Get Element Attribute" owner="SeleniumLibrary">
<msg time="2025-09-25T20:09:48.816824" level="INFO">${password} = uSSk3rQB</msg>
<var>${password}</var>
<arg>${customers_txt_password}</arg>
<arg>value</arg>
<doc>Returns the value of ``attribute`` from the element ``locator``.</doc>
<status status="PASS" start="2025-09-25T20:09:48.797258" elapsed="0.019647"/>
</kw>
<kw name="Should Be Equal As Strings" owner="BuiltIn">
<arg>${user["password"]}</arg>
<arg>${password}</arg>
<doc>Fails if objects are unequal after converting them to strings.</doc>
<status status="PASS" start="2025-09-25T20:09:48.817178" elapsed="0.001468"/>
</kw>
<kw name="Log To Console" owner="BuiltIn">
<arg>Password Input Is Correct</arg>
<doc>Logs the given message to the console.</doc>
<status status="PASS" start="2025-09-25T20:09:48.818950" elapsed="0.000373"/>
</kw>
<kw name="Get Element Attribute" owner="SeleniumLibrary">
<msg time="2025-09-25T20:09:48.840764" level="INFO">${confirm_password} = uSSk3rQB</msg>
<var>${confirm_password}</var>
<arg>${customers_txt_confirm_password}</arg>
<arg>value</arg>
<doc>Returns the value of ``attribute`` from the element ``locator``.</doc>
<status status="PASS" start="2025-09-25T20:09:48.819489" elapsed="0.021327"/>
</kw>
<kw name="Should Be Equal As Strings" owner="BuiltIn">
<arg>${user["password"]}</arg>
<arg>${confirm_password}</arg>
<doc>Fails if objects are unequal after converting them to strings.</doc>
<status status="PASS" start="2025-09-25T20:09:48.840997" elapsed="0.000842"/>
</kw>
<kw name="Log To Console" owner="BuiltIn">
<arg>Confirm Password Input Is Correct</arg>
<doc>Logs the given message to the console.</doc>
<status status="PASS" start="2025-09-25T20:09:48.842056" elapsed="0.000372"/>
</kw>
<kw name="Go To Customers Page" owner="CustomerPage">
<kw name="Click Element" owner="SeleniumLibrary">
<msg time="2025-09-25T20:09:48.843422" level="INFO">Clicking element '//a[@href="#/customers"]'.</msg>
<arg>${nav_btn_customers}</arg>
<doc>Click the element identified by ``locator``.</doc>
<status status="PASS" start="2025-09-25T20:09:48.843206" elapsed="0.062068"/>
</kw>
<kw name="Wait Until Element Is Visible" owner="SeleniumLibrary">
<arg>//table/tbody//tr</arg>
<doc>Waits until the element ``locator`` is visible.</doc>
<status status="PASS" start="2025-09-25T20:09:48.905579" elapsed="0.247906"/>
</kw>
<status status="PASS" start="2025-09-25T20:09:48.842819" elapsed="0.310804"/>
</kw>
<kw name="Refresh Current Page" owner="App">
<kw name="Click Button" owner="SeleniumLibrary">
<msg time="2025-09-25T20:09:49.154402" level="INFO">Clicking button '//button[@aria-label="Refresh"]'.</msg>
<arg>${btn_refresh}</arg>
<doc>Clicks the button identified by ``locator``.</doc>
<status status="PASS" start="2025-09-25T20:09:49.154130" elapsed="0.208128"/>
</kw>
<kw name="Wait Until Element Is Visible" owner="SeleniumLibrary">
<arg>${loading_icon}</arg>
<doc>Waits until the element ``locator`` is visible.</doc>
<status status="PASS" start="2025-09-25T20:09:49.362584" elapsed="0.026822"/>
</kw>
<kw name="Wait Until Element Is Not Visible" owner="SeleniumLibrary">
<arg>${loading_icon}</arg>
<doc>Waits until the element ``locator`` is not visible.</doc>
<status status="PASS" start="2025-09-25T20:09:49.389659" elapsed="0.459884"/>
</kw>
<status status="PASS" start="2025-09-25T20:09:49.153824" elapsed="0.695937"/>
</kw>
<arg>${user}</arg>
<status status="PASS" start="2025-09-25T20:09:48.641583" elapsed="1.208306"/>
</kw>
<var name="${i}">2</var>
<status status="PASS" start="2025-09-25T20:09:46.857228" elapsed="2.992753"/>
</iter>
<iter>
<kw name="Set Variable" owner="BuiltIn">
<msg time="2025-09-25T20:09:49.850989" level="INFO">${user} = {'id': 4, 'name': 'Patricia Lebsack', 'username': 'Karianne', 'email': 'Julianne.OConner@kory.org', 'address': {'street': 'Hoeger Mall', 'suite': 'Apt. 692', 'city': 'South Elvis', 'zipcode': '53919-4...</msg>
<var>${user}</var>
<arg>${users}[${i}]</arg>
<doc>Returns the given values which can then be assigned to a variables.</doc>
<status status="PASS" start="2025-09-25T20:09:49.850541" elapsed="0.000518"/>
</kw>
<kw name="Create Customer" owner="CustomerPage">
<kw name="Click Element" owner="SeleniumLibrary">
<msg time="2025-09-25T20:09:49.853056" level="INFO">Clicking element '//a[@aria-label="Create"]'.</msg>
<arg>${customers_btn_create}</arg>
<doc>Click the element identified by ``locator``.</doc>
<status status="PASS" start="2025-09-25T20:09:49.852037" elapsed="0.065293"/>
</kw>
<kw name="Wait Until Element Is Visible" owner="SeleniumLibrary">
<arg>${customers_txt_firstname}</arg>
<doc>Waits until the element ``locator`` is visible.</doc>
<status status="PASS" start="2025-09-25T20:09:49.917475" elapsed="0.044930"/>
</kw>
<kw name="Input Text" owner="SeleniumLibrary">
<msg time="2025-09-25T20:09:49.964083" level="INFO">Typing text 'Patricia' into text field '//input[@name="first_name"]'.</msg>
<arg>${customers_txt_firstname}</arg>
<arg>${user["name"].split(" ")[0]}</arg>
<doc>Types the given ``text`` into the text field identified by ``locator``.</doc>
<status status="PASS" start="2025-09-25T20:09:49.962769" elapsed="0.084853"/>
</kw>
<kw name="Input Text" owner="SeleniumLibrary">
<msg time="2025-09-25T20:09:50.048739" level="INFO">Typing text 'Lebsack' into text field '//input[@name="last_name"]'.</msg>
<arg>${customers_txt_lastname}</arg>
<arg>${user["name"].split(" ")[1]}</arg>
<doc>Types the given ``text`` into the text field identified by ``locator``.</doc>
<status status="PASS" start="2025-09-25T20:09:50.047840" elapsed="0.106241"/>
</kw>
<kw name="Input Text" owner="SeleniumLibrary">
<msg time="2025-09-25T20:09:50.155018" level="INFO">Typing text 'Julianne.OConner@kory.org' into text field '//input[@name="email"]'.</msg>
<arg>${customers_txt_email}</arg>
<arg>${user["email"]}</arg>
<doc>Types the given ``text`` into the text field identified by ``locator``.</doc>
<status status="PASS" start="2025-09-25T20:09:50.154299" elapsed="0.115157"/>
</kw>
<kw name="Input Text" owner="SeleniumLibrary">
<msg time="2025-09-25T20:09:50.270873" level="INFO">Typing text '06012001' into text field '//input[@name="birthday"]'.</msg>
<arg>${customers_txt_birthday}</arg>
<arg>${user["birthday"]}</arg>
<doc>Types the given ``text`` into the text field identified by ``locator``.</doc>
<status status="PASS" start="2025-09-25T20:09:50.269729" elapsed="0.070389"/>
</kw>
<kw name="Input Text" owner="SeleniumLibrary">
<msg time="2025-09-25T20:09:50.341419" level="INFO">Typing text 'Hoeger Mall Apt. 692' into text field '//textarea[@name="address"]'.</msg>
<arg>${customers_txt_address}</arg>
<arg>${user["address"]["street"]} ${user["address"]["suite"]}</arg>
<doc>Types the given ``text`` into the text field identified by ``locator``.</doc>
<status status="PASS" start="2025-09-25T20:09:50.340353" elapsed="0.091430"/>
</kw>
<kw name="Input Text" owner="SeleniumLibrary">
<msg time="2025-09-25T20:09:50.432813" level="INFO">Typing text 'South Elvis' into text field '//input[@name="city"]'.</msg>
<arg>${customers_txt_city}</arg>
<arg>${user["address"]["city"]}</arg>
<doc>Types the given ``text`` into the text field identified by ``locator``.</doc>
<status status="PASS" start="2025-09-25T20:09:50.431995" elapsed="0.085694"/>
</kw>
<kw name="Input Text" owner="SeleniumLibrary">
<msg time="2025-09-25T20:09:50.518667" level="INFO">Typing text 'HAS' into text field '//input[@name="stateAbbr"]'.</msg>
<arg>${customers_txt_stateAbbr}</arg>
<arg>${user["stateAbbr"]}</arg>
<doc>Types the given ``text`` into the text field identified by ``locator``.</doc>
<status status="PASS" start="2025-09-25T20:09:50.517894" elapsed="0.082820"/>
</kw>
<kw name="Input Text" owner="SeleniumLibrary">
<msg time="2025-09-25T20:09:50.601762" level="INFO">Typing text '53919-4257' into text field '//input[@name="zipcode"]'.</msg>
<arg>${customers_txt_zipcode}</arg>
<arg>${user["address"]["zipcode"]}</arg>
<doc>Types the given ``text`` into the text field identified by ``locator``.</doc>
<status status="PASS" start="2025-09-25T20:09:50.600926" elapsed="0.078428"/>
</kw>
<kw name="Input Text" owner="SeleniumLibrary">
<msg time="2025-09-25T20:09:50.680541" level="INFO">Typing text 'tVPL%oU0' into text field '//input[@name="password"]'.</msg>
<arg>${customers_txt_password}</arg>
<arg>${user["password"]}</arg>
<doc>Types the given ``text`` into the text field identified by ``locator``.</doc>
<status status="PASS" start="2025-09-25T20:09:50.679752" elapsed="0.076533"/>
</kw>
<kw name="Input Text" owner="SeleniumLibrary">
<msg time="2025-09-25T20:09:50.757717" level="INFO">Typing text 'tVPL%oU0' into text field '//input[@name="confirm_password"]'.</msg>
<arg>${customers_txt_confirm_password}</arg>
<arg>${user["password"]}</arg>
<doc>Types the given ``text`` into the text field identified by ``locator``.</doc>
<status status="PASS" start="2025-09-25T20:09:50.756653" elapsed="0.081083"/>
</kw>
<kw name="Click Button" owner="SeleniumLibrary">
<msg time="2025-09-25T20:09:50.838214" level="INFO">Clicking button '//button[@aria-label="Save"]'.</msg>
<arg>${customers_btn_save}</arg>
<doc>Clicks the button identified by ``locator``.</doc>
<status status="PASS" start="2025-09-25T20:09:50.837957" elapsed="0.096499"/>
</kw>
<kw name="Wait Until Page Contains" owner="SeleniumLibrary">
<arg>Customer created</arg>
<doc>Waits until ``text`` appears on the current page.</doc>
<status status="PASS" start="2025-09-25T20:09:50.934687" elapsed="0.464978"/>
</kw>
<arg>${user}</arg>
<status status="PASS" start="2025-09-25T20:09:49.851500" elapsed="1.548502"/>
</kw>
<kw name="Verify Customer Input" owner="CustomerPage">
<kw name="Get Element Attribute" owner="SeleniumLibrary">
<msg time="2025-09-25T20:09:51.428576" level="INFO">${first_name} = Patricia</msg>
<var>${first_name}</var>
<arg>${customers_txt_firstname}</arg>
<arg>value</arg>
<doc>Returns the value of ``attribute`` from the element ``locator``.</doc>
<status status="PASS" start="2025-09-25T20:09:51.401665" elapsed="0.027005"/>
</kw>
<kw name="Should Be Equal As Strings" owner="BuiltIn">
<arg>${user["name"].split(" ")[0]}</arg>
<arg>${first_name}</arg>
<doc>Fails if objects are unequal after converting them to strings.</doc>
<status status="PASS" start="2025-09-25T20:09:51.428998" elapsed="0.001265"/>
</kw>
<kw name="Log To Console" owner="BuiltIn">
<arg>First Name Input Is Correct</arg>
<doc>Logs the given message to the console.</doc>
<status status="PASS" start="2025-09-25T20:09:51.430504" elapsed="0.001738"/>
</kw>
<kw name="Get Element Attribute" owner="SeleniumLibrary">
<msg time="2025-09-25T20:09:51.467128" level="INFO">${second_name} = Lebsack</msg>
<var>${second_name}</var>
<arg>${customers_txt_lastname}</arg>
<arg>value</arg>
<doc>Returns the value of ``attribute`` from the element ``locator``.</doc>
<status status="PASS" start="2025-09-25T20:09:51.432552" elapsed="0.034696"/>
</kw>
<kw name="Should Be Equal As Strings" owner="BuiltIn">
<arg>${user["name"].split(" ")[1]}</arg>
<arg>${second_name}</arg>
<doc>Fails if objects are unequal after converting them to strings.</doc>
<status status="PASS" start="2025-09-25T20:09:51.467708" elapsed="0.000741"/>
</kw>
<kw name="Log To Console" owner="BuiltIn">
<arg>Second Name Input Is Correct</arg>
<doc>Logs the given message to the console.</doc>
<status status="PASS" start="2025-09-25T20:09:51.468668" elapsed="0.000571"/>
</kw>
<kw name="Get Element Attribute" owner="SeleniumLibrary">
<msg time="2025-09-25T20:09:51.486931" level="INFO">${email} = Julianne.OConner@kory.org</msg>
<var>${email}</var>
<arg>${customers_txt_email}</arg>
<arg>value</arg>
<doc>Returns the value of ``attribute`` from the element ``locator``.</doc>
<status status="PASS" start="2025-09-25T20:09:51.469605" elapsed="0.017409"/>
</kw>
<kw name="Should Be Equal As Strings" owner="BuiltIn">
<arg>${user["email"]}</arg>
<arg>${email}</arg>
<doc>Fails if objects are unequal after converting them to strings.</doc>
<status status="PASS" start="2025-09-25T20:09:51.487243" elapsed="0.001152"/>
</kw>
<kw name="Log To Console" owner="BuiltIn">
<arg>Email Input Is Correct</arg>
<doc>Logs the given message to the console.</doc>
<status status="PASS" start="2025-09-25T20:09:51.488680" elapsed="0.001868"/>
</kw>
<kw name="Get Element Attribute" owner="SeleniumLibrary">
<msg time="2025-09-25T20:09:51.521337" level="INFO">${birthday} = 2001-06-01</msg>
<var>${birthday}</var>
<arg>${customers_txt_birthday}</arg>
<arg>value</arg>
<doc>Returns the value of ``attribute`` from the element ``locator``.</doc>
<status status="PASS" start="2025-09-25T20:09:51.491202" elapsed="0.030212"/>
</kw>
<kw name="Format Birthday" owner="CustomLibraries">
<msg time="2025-09-25T20:09:51.522240" level="INFO">${birthday} = 06012001</msg>
<var>${birthday}</var>
<arg>${birthday}</arg>
<status status="PASS" start="2025-09-25T20:09:51.521747" elapsed="0.000555"/>
</kw>
<kw name="Should Be Equal As Strings" owner="BuiltIn">
<arg>${user["birthday"]}</arg>
<arg>${birthday}</arg>
<doc>Fails if objects are unequal after converting them to strings.</doc>
<status status="PASS" start="2025-09-25T20:09:51.522521" elapsed="0.001269"/>
</kw>
<kw name="Log To Console" owner="BuiltIn">
<arg>Birthday Input Is Correct</arg>
<doc>Logs the given message to the console.</doc>
<status status="PASS" start="2025-09-25T20:09:51.524019" elapsed="0.000423"/>
</kw>
<kw name="Get Element Attribute" owner="SeleniumLibrary">
<msg time="2025-09-25T20:09:51.543545" level="INFO">${address} = Hoeger Mall Apt. 692</msg>
<var>${address}</var>
<arg>${customers_txt_address}</arg>
<arg>value</arg>
<doc>Returns the value of ``attribute`` from the element ``locator``.</doc>
<status status="PASS" start="2025-09-25T20:09:51.524692" elapsed="0.018955"/>
</kw>
<kw name="Should Be Equal As Strings" owner="BuiltIn">
<arg>${user["address"]["street"]} ${user["address"]["suite"]}</arg>
<arg>${address}</arg>
<doc>Fails if objects are unequal after converting them to strings.</doc>
<status status="PASS" start="2025-09-25T20:09:51.543996" elapsed="0.002077"/>
</kw>
<kw name="Log To Console" owner="BuiltIn">
<arg>Address Input Is Correct</arg>
<doc>Logs the given message to the console.</doc>
<status status="PASS" start="2025-09-25T20:09:51.546265" elapsed="0.000306"/>
</kw>
<kw name="Get Element Attribute" owner="SeleniumLibrary">
<msg time="2025-09-25T20:09:51.559353" level="INFO">${city} = South Elvis</msg>
<var>${city}</var>
<arg>${customers_txt_city}</arg>
<arg>value</arg>
<doc>Returns the value of ``attribute`` from the element ``locator``.</doc>
<status status="PASS" start="2025-09-25T20:09:51.546735" elapsed="0.012671"/>
</kw>
<kw name="Should Be Equal As Strings" owner="BuiltIn">
<arg>${user["address"]["city"]}</arg>
<arg>${city}</arg>
<doc>Fails if objects are unequal after converting them to strings.</doc>
<status status="PASS" start="2025-09-25T20:09:51.559587" elapsed="0.000670"/>
</kw>
<kw name="Log To Console" owner="BuiltIn">
<arg>City Input Is Correct</arg>
<doc>Logs the given message to the console.</doc>
<status status="PASS" start="2025-09-25T20:09:51.560426" elapsed="0.000396"/>
</kw>
<kw name="Get Element Attribute" owner="SeleniumLibrary">
<msg time="2025-09-25T20:09:51.575957" level="INFO">${stateAbbr} = HAS</msg>
<var>${stateAbbr}</var>
<arg>${customers_txt_stateAbbr}</arg>
<arg>value</arg>
<doc>Returns the value of ``attribute`` from the element ``locator``.</doc>
<status status="PASS" start="2025-09-25T20:09:51.560986" elapsed="0.015066"/>
</kw>
<kw name="Should Be Equal As Strings" owner="BuiltIn">
<arg>${user["stateAbbr"]}</arg>
<arg>${stateAbbr}</arg>
<doc>Fails if objects are unequal after converting them to strings.</doc>
<status status="PASS" start="2025-09-25T20:09:51.576264" elapsed="0.000759"/>
</kw>
<kw name="Log To Console" owner="BuiltIn">
<arg>State Abbr Input Is Correct</arg>
<doc>Logs the given message to the console.</doc>
<status status="PASS" start="2025-09-25T20:09:51.577150" elapsed="0.000249"/>
</kw>
<kw name="Get Element Attribute" owner="SeleniumLibrary">
<msg time="2025-09-25T20:09:51.593086" level="INFO">${zipcode} = 53919-4257</msg>
<var>${zipcode}</var>
<arg>${customers_txt_zipcode}</arg>
<arg>value</arg>
<doc>Returns the value of ``attribute`` from the element ``locator``.</doc>
<status status="PASS" start="2025-09-25T20:09:51.577560" elapsed="0.015610"/>
</kw>
<kw name="Should Be Equal As Strings" owner="BuiltIn">
<arg>${user["address"]["zipcode"]}</arg>
<arg>${zipcode}</arg>
<doc>Fails if objects are unequal after converting them to strings.</doc>
<status status="PASS" start="2025-09-25T20:09:51.593465" elapsed="0.001098"/>
</kw>
<kw name="Log To Console" owner="BuiltIn">
<arg>Zipcode Input Is Correct</arg>
<doc>Logs the given message to the console.</doc>
<status status="PASS" start="2025-09-25T20:09:51.594731" elapsed="0.000261"/>
</kw>
<kw name="Get Element Attribute" owner="SeleniumLibrary">
<msg time="2025-09-25T20:09:51.612650" level="INFO">${password} = tVPL%oU0</msg>
<var>${password}</var>
<arg>${customers_txt_password}</arg>
<arg>value</arg>
<doc>Returns the value of ``attribute`` from the element ``locator``.</doc>
<status status="PASS" start="2025-09-25T20:09:51.595145" elapsed="0.017566"/>
</kw>
<kw name="Should Be Equal As Strings" owner="BuiltIn">
<arg>${user["password"]}</arg>
<arg>${password}</arg>
<doc>Fails if objects are unequal after converting them to strings.</doc>
<status status="PASS" start="2025-09-25T20:09:51.612915" elapsed="0.000822"/>
</kw>
<kw name="Log To Console" owner="BuiltIn">
<arg>Password Input Is Correct</arg>
<doc>Logs the given message to the console.</doc>
<status status="PASS" start="2025-09-25T20:09:51.613901" elapsed="0.000289"/>
</kw>
<kw name="Get Element Attribute" owner="SeleniumLibrary">
<msg time="2025-09-25T20:09:51.627692" level="INFO">${confirm_password} = tVPL%oU0</msg>
<var>${confirm_password}</var>
<arg>${customers_txt_confirm_password}</arg>
<arg>value</arg>
<doc>Returns the value of ``attribute`` from the element ``locator``.</doc>
<status status="PASS" start="2025-09-25T20:09:51.614509" elapsed="0.013242"/>
</kw>
<kw name="Should Be Equal As Strings" owner="BuiltIn">
<arg>${user["password"]}</arg>
<arg>${confirm_password}</arg>
<doc>Fails if objects are unequal after converting them to strings.</doc>
<status status="PASS" start="2025-09-25T20:09:51.628006" elapsed="0.000775"/>
</kw>
<kw name="Log To Console" owner="BuiltIn">
<arg>Confirm Password Input Is Correct</arg>
<doc>Logs the given message to the console.</doc>
<status status="PASS" start="2025-09-25T20:09:51.628927" elapsed="0.000375"/>
</kw>
<kw name="Go To Customers Page" owner="CustomerPage">
<kw name="Click Element" owner="SeleniumLibrary">
<msg time="2025-09-25T20:09:51.630605" level="INFO">Clicking element '//a[@href="#/customers"]'.</msg>
<arg>${nav_btn_customers}</arg>
<doc>Click the element identified by ``locator``.</doc>
<status status="PASS" start="2025-09-25T20:09:51.630284" elapsed="0.063215"/>
</kw>
<kw name="Wait Until Element Is Visible" owner="SeleniumLibrary">
<arg>//table/tbody//tr</arg>
<doc>Waits until the element ``locator`` is visible.</doc>
<status status="PASS" start="2025-09-25T20:09:51.693711" elapsed="0.249466"/>
</kw>
<status status="PASS" start="2025-09-25T20:09:51.629746" elapsed="0.313560"/>
</kw>
<kw name="Refresh Current Page" owner="App">
<kw name="Click Button" owner="SeleniumLibrary">
<msg time="2025-09-25T20:09:51.943972" level="INFO">Clicking button '//button[@aria-label="Refresh"]'.</msg>
<arg>${btn_refresh}</arg>
<doc>Clicks the button identified by ``locator``.</doc>
<status status="PASS" start="2025-09-25T20:09:51.943770" elapsed="0.219966"/>
</kw>
<kw name="Wait Until Element Is Visible" owner="SeleniumLibrary">
<arg>${loading_icon}</arg>
<doc>Waits until the element ``locator`` is visible.</doc>
<status status="PASS" start="2025-09-25T20:09:52.163966" elapsed="0.025142"/>
</kw>
<kw name="Wait Until Element Is Not Visible" owner="SeleniumLibrary">
<arg>${loading_icon}</arg>
<doc>Waits until the element ``locator`` is not visible.</doc>
<status status="PASS" start="2025-09-25T20:09:52.189251" elapsed="0.456516"/>
</kw>
<status status="PASS" start="2025-09-25T20:09:51.943493" elapsed="0.702358"/>
</kw>
<arg>${user}</arg>
<status status="PASS" start="2025-09-25T20:09:51.400954" elapsed="1.244933"/>
</kw>
<var name="${i}">3</var>
<status status="PASS" start="2025-09-25T20:09:49.850296" elapsed="2.795617"/>
</iter>
<iter>
<kw name="Set Variable" owner="BuiltIn">
<msg time="2025-09-25T20:09:52.646275" level="INFO">${user} = {'id': 5, 'name': 'Chelsey Dietrich', 'username': 'Kamren', 'email': 'Lucio_Hettinger@annie.ca', 'address': {'street': 'Skiles Walks', 'suite': 'Suite 351', 'city': 'Roscoeview', 'zipcode': '33263', '...</msg>
<var>${user}</var>
<arg>${users}[${i}]</arg>
<doc>Returns the given values which can then be assigned to a variables.</doc>
<status status="PASS" start="2025-09-25T20:09:52.646117" elapsed="0.000179"/>
</kw>
<kw name="Create Customer" owner="CustomerPage">
<kw name="Click Element" owner="SeleniumLibrary">
<msg time="2025-09-25T20:09:52.646756" level="INFO">Clicking element '//a[@aria-label="Create"]'.</msg>
<arg>${customers_btn_create}</arg>
<doc>Click the element identified by ``locator``.</doc>
<status status="PASS" start="2025-09-25T20:09:52.646630" elapsed="0.035546"/>
</kw>
<kw name="Wait Until Element Is Visible" owner="SeleniumLibrary">
<arg>${customers_txt_firstname}</arg>
<doc>Waits until the element ``locator`` is visible.</doc>
<status status="PASS" start="2025-09-25T20:09:52.682432" elapsed="0.049673"/>
</kw>
<kw name="Input Text" owner="SeleniumLibrary">
<msg time="2025-09-25T20:09:52.733146" level="INFO">Typing text 'Chelsey' into text field '//input[@name="first_name"]'.</msg>
<arg>${customers_txt_firstname}</arg>
<arg>${user["name"].split(" ")[0]}</arg>
<doc>Types the given ``text`` into the text field identified by ``locator``.</doc>
<status status="PASS" start="2025-09-25T20:09:52.732304" elapsed="0.093707"/>
</kw>
<kw name="Input Text" owner="SeleniumLibrary">
<msg time="2025-09-25T20:09:52.827222" level="INFO">Typing text 'Dietrich' into text field '//input[@name="last_name"]'.</msg>
<arg>${customers_txt_lastname}</arg>
<arg>${user["name"].split(" ")[1]}</arg>
<doc>Types the given ``text`` into the text field identified by ``locator``.</doc>
<status status="PASS" start="2025-09-25T20:09:52.826280" elapsed="0.105292"/>
</kw>
<kw name="Input Text" owner="SeleniumLibrary">
<msg time="2025-09-25T20:09:52.932703" level="INFO">Typing text 'Lucio_Hettinger@annie.ca' into text field '//input[@name="email"]'.</msg>
<arg>${customers_txt_email}</arg>
<arg>${user["email"]}</arg>
<doc>Types the given ``text`` into the text field identified by ``locator``.</doc>
<status status="PASS" start="2025-09-25T20:09:52.931939" elapsed="0.097541"/>
</kw>
<kw name="Input Text" owner="SeleniumLibrary">
<msg time="2025-09-25T20:09:53.030500" level="INFO">Typing text '10062003' into text field '//input[@name="birthday"]'.</msg>
<arg>${customers_txt_birthday}</arg>
<arg>${user["birthday"]}</arg>
<doc>Types the given ``text`` into the text field identified by ``locator``.</doc>
<status status="PASS" start="2025-09-25T20:09:53.029684" elapsed="0.098855"/>
</kw>
<kw name="Input Text" owner="SeleniumLibrary">
<msg time="2025-09-25T20:09:53.130445" level="INFO">Typing text 'Skiles Walks Suite 351' into text field '//textarea[@name="address"]'.</msg>
<arg>${customers_txt_address}</arg>
<arg>${user["address"]["street"]} ${user["address"]["suite"]}</arg>
<doc>Types the given ``text`` into the text field identified by ``locator``.</doc>
<status status="PASS" start="2025-09-25T20:09:53.128784" elapsed="0.120122"/>
</kw>
<kw name="Input Text" owner="SeleniumLibrary">
<msg time="2025-09-25T20:09:53.249841" level="INFO">Typing text 'Roscoeview' into text field '//input[@name="city"]'.</msg>
<arg>${customers_txt_city}</arg>
<arg>${user["address"]["city"]}</arg>
<doc>Types the given ``text`` into the text field identified by ``locator``.</doc>
<status status="PASS" start="2025-09-25T20:09:53.249116" elapsed="0.136709"/>
</kw>
<kw name="Input Text" owner="SeleniumLibrary">
<msg time="2025-09-25T20:09:53.386764" level="INFO">Typing text 'SSR' into text field '//input[@name="stateAbbr"]'.</msg>
<arg>${customers_txt_stateAbbr}</arg>
<arg>${user["stateAbbr"]}</arg>
<doc>Types the given ``text`` into the text field identified by ``locator``.</doc>
<status status="PASS" start="2025-09-25T20:09:53.386030" elapsed="0.079953"/>
</kw>
<kw name="Input Text" owner="SeleniumLibrary">
<msg time="2025-09-25T20:09:53.467051" level="INFO">Typing text '33263' into text field '//input[@name="zipcode"]'.</msg>
<arg>${customers_txt_zipcode}</arg>
<arg>${user["address"]["zipcode"]}</arg>
<doc>Types the given ``text`` into the text field identified by ``locator``.</doc>
<status status="PASS" start="2025-09-25T20:09:53.466211" elapsed="0.089050"/>
</kw>
<kw name="Input Text" owner="SeleniumLibrary">
<msg time="2025-09-25T20:09:53.555903" level="INFO">Typing text '#0HitUcM' into text field '//input[@name="password"]'.</msg>
<arg>${customers_txt_password}</arg>
<arg>${user["password"]}</arg>
<doc>Types the given ``text`` into the text field identified by ``locator``.</doc>
<status status="PASS" start="2025-09-25T20:09:53.555404" elapsed="0.105744"/>
</kw>
<kw name="Input Text" owner="SeleniumLibrary">
<msg time="2025-09-25T20:09:53.662186" level="INFO">Typing text '#0HitUcM' into text field '//input[@name="confirm_password"]'.</msg>
<arg>${customers_txt_confirm_password}</arg>
<arg>${user["password"]}</arg>
<doc>Types the given ``text`` into the text field identified by ``locator``.</doc>
<status status="PASS" start="2025-09-25T20:09:53.661427" elapsed="0.105630"/>
</kw>
<kw name="Click Button" owner="SeleniumLibrary">
<msg time="2025-09-25T20:09:53.767654" level="INFO">Clicking button '//button[@aria-label="Save"]'.</msg>
<arg>${customers_btn_save}</arg>
<doc>Clicks the button identified by ``locator``.</doc>
<status status="PASS" start="2025-09-25T20:09:53.767345" elapsed="0.110357"/>
</kw>
<kw name="Wait Until Page Contains" owner="SeleniumLibrary">
<arg>Customer created</arg>
[...]
<status status="NOT RUN" start="2025-09-25T20:10:37.518201" elapsed="0.000306"/>
</branch>
<branch type="ELSE">
<kw name="Get Text" owner="SeleniumLibrary">
<msg time="2025-09-25T20:10:37.531429" level="INFO">${raw} = K
Kenneth Spencer</msg>
<var>${raw}</var>
<arg>//table//tbody//tr[${r}]//td[2]//a</arg>
<doc>Returns the text value of the element identified by ``locator``.</doc>
<status status="PASS" start="2025-09-25T20:10:37.518665" elapsed="0.012812"/>
</kw>
<kw name="Split To Lines" owner="String">
<msg time="2025-09-25T20:10:37.531780" level="INFO">2 lines returned.</msg>
<msg time="2025-09-25T20:10:37.531844" level="INFO">${lines} = ['K', 'Kenneth Spencer']</msg>
<var>${lines}</var>
<arg>${raw}</arg>
<doc>Splits the given string to lines.</doc>
<status status="PASS" start="2025-09-25T20:10:37.531643" elapsed="0.000223"/>
</kw>
<kw name="Get From List" owner="Collections">
<msg time="2025-09-25T20:10:37.532100" level="INFO">${raw} = Kenneth Spencer</msg>
<var>${raw}</var>
<arg>${lines}</arg>
<arg>-1</arg>
<doc>Returns the value specified with an ``index`` from ``list``.</doc>
<status status="PASS" start="2025-09-25T20:10:37.531967" elapsed="0.000157"/>
</kw>
<status status="PASS" start="2025-09-25T20:10:37.518556" elapsed="0.013610"/>
</branch>
<status status="PASS" start="2025-09-25T20:10:37.518172" elapsed="0.014031"/>
</if>
<kw name="Replace String" owner="String">
<msg time="2025-09-25T20:10:37.532503" level="INFO">${name} = Kenneth Spencer</msg>
<var>${name}</var>
<arg>${raw}</arg>
<arg>\n</arg>
<arg>${SPACE}</arg>
<doc>Replaces ``search_for`` in the given ``string`` with ``replace_with``.</doc>
<status status="PASS" start="2025-09-25T20:10:37.532282" elapsed="0.000254"/>
</kw>
<kw name="Strip String" owner="String">
<msg time="2025-09-25T20:10:37.532975" level="INFO">${name} = Kenneth Spencer</msg>
<var>${name}</var>
<arg>${name}</arg>
<doc>Remove leading and/or trailing whitespaces from the given string.</doc>
<status status="PASS" start="2025-09-25T20:10:37.532675" elapsed="0.000345"/>
</kw>
<return>
<value>${name}</value>
<status status="PASS" start="2025-09-25T20:10:37.533096" elapsed="0.000047"/>
</return>
<msg time="2025-09-25T20:10:37.533319" level="INFO">${name} = Kenneth Spencer</msg>
<var>${name}</var>
<arg>${r}</arg>
<status status="PASS" start="2025-09-25T20:10:37.349696" elapsed="0.183665"/>
</kw>
<kw name="Get Text" owner="SeleniumLibrary">
<msg time="2025-09-25T20:10:37.544672" level="INFO">${total_spent} = $0.00</msg>
<var>${total_spent}</var>
<arg>xpath=${total_spent_selector.format(r=${r})}</arg>
<doc>Returns the text value of the element identified by ``locator``.</doc>
<status status="PASS" start="2025-09-25T20:10:37.533571" elapsed="0.011136"/>
</kw>
<kw name="Evaluate" owner="BuiltIn">
<msg time="2025-09-25T20:10:37.545069" level="INFO">${clean} = 0.0</msg>
<var>${clean}</var>
<arg>float(str("${total_spent}").replace("$","").replace(",","").strip())</arg>
<doc>Evaluates the given expression in Python and returns the result.</doc>
<status status="PASS" start="2025-09-25T20:10:37.544830" elapsed="0.000262"/>
</kw>
<kw name="Run Keyword If" owner="BuiltIn">
<arg>${clean} &gt; 0</arg>
<arg>Log To Console</arg>
<arg>${counter}. ${name}: ${total_spent}</arg>
<doc>Runs the given keyword with the given arguments, if ``condition`` is true.</doc>
<status status="PASS" start="2025-09-25T20:10:37.545189" elapsed="0.000102"/>
</kw>
<kw name="Run Keyword If" owner="BuiltIn">
<arg>${clean} &gt; 0</arg>
<arg>Set Variable</arg>
<arg>${counter}=</arg>
<arg>Evaluate</arg>
<arg>${counter} + 1</arg>
<doc>Runs the given keyword with the given arguments, if ``condition`` is true.</doc>
<status status="PASS" start="2025-09-25T20:10:37.545365" elapsed="0.000110"/>
</kw>
<kw name="Evaluate" owner="BuiltIn">
<msg time="2025-09-25T20:10:37.545673" level="INFO">${total_spending} = 4273.78</msg>
<var>${total_spending}</var>
<arg>${total_spending} + ${clean}</arg>
<doc>Evaluates the given expression in Python and returns the result.</doc>
<status status="PASS" start="2025-09-25T20:10:37.545547" elapsed="0.000142"/>
</kw>
<var name="${r}">23</var>
<status status="PASS" start="2025-09-25T20:10:37.349292" elapsed="0.196425"/>
</iter>
<iter>
<kw name="Get Customer Name" owner="CustomerPage">
<kw name="Set Variable" owner="BuiltIn">
<msg time="2025-09-25T20:10:37.546496" level="INFO">${target} = //table//tbody//tr[24]//td[2]//a//*[self::span or self::p][last()]</msg>
<var>${target}</var>
<arg>//table//tbody//tr[${r}]//td[2]//a//*[self::span or self::p][last()]</arg>
<doc>Returns the given values which can then be assigned to a variables.</doc>
<status status="PASS" start="2025-09-25T20:10:37.546286" elapsed="0.000250"/>
</kw>
<kw name="Run Keyword And Return Status" owner="BuiltIn">
<kw name="Page Should Contain Element" owner="SeleniumLibrary">
<msg time="2025-09-25T20:10:37.646237" level="INFO" html="true">&lt;/td&gt;&lt;/tr&gt;&lt;tr&gt;&lt;td colspan="3"&gt;&lt;a href="selenium-screenshot-379.png"&gt;&lt;img src="selenium-screenshot-379.png" width="800px"&gt;&lt;/a&gt;</msg>
<msg time="2025-09-25T20:10:37.646434" level="FAIL">Page should have contained element '//table//tbody//tr[24]//td[2]//a//*[self::span or self::p][last()]' but did not.</msg>
<arg>${target}</arg>
<doc>Verifies that element ``locator`` is found on the current page.</doc>
<status status="FAIL" start="2025-09-25T20:10:37.546876" elapsed="0.100512">Page should have contained element '//table//tbody//tr[24]//td[2]//a//*[self::span or self::p][last()]' but did not.</status>
</kw>
<msg time="2025-09-25T20:10:37.647695" level="INFO">${has} = False</msg>
<var>${has}</var>
<arg>Page Should Contain Element</arg>
<arg>${target}</arg>
<doc>Runs the given keyword with given arguments and returns the status as a Boolean value.</doc>
<status status="PASS" start="2025-09-25T20:10:37.546685" elapsed="0.101073"/>
</kw>
<if>
<branch type="IF" condition="${has}">
<kw name="Get Text" owner="SeleniumLibrary">
<var>${raw}</var>
<arg>${target}</arg>
<doc>Returns the text value of the element identified by ``locator``.</doc>
<status status="NOT RUN" start="2025-09-25T20:10:37.648289" elapsed="0.000058"/>
</kw>
<status status="NOT RUN" start="2025-09-25T20:10:37.647965" elapsed="0.000468"/>
</branch>
<branch type="ELSE">
<kw name="Get Text" owner="SeleniumLibrary">
<msg time="2025-09-25T20:10:37.672049" level="INFO">${raw} = C
Cole Renner</msg>
<var>${raw}</var>
<arg>//table//tbody//tr[${r}]//td[2]//a</arg>
<doc>Returns the text value of the element identified by ``locator``.</doc>
<status status="PASS" start="2025-09-25T20:10:37.648684" elapsed="0.023458"/>
</kw>
<kw name="Split To Lines" owner="String">
<msg time="2025-09-25T20:10:37.672712" level="INFO">2 lines returned.</msg>
<msg time="2025-09-25T20:10:37.672858" level="INFO">${lines} = ['C', 'Cole Renner']</msg>
<var>${lines}</var>
<arg>${raw}</arg>
<doc>Splits the given string to lines.</doc>
<status status="PASS" start="2025-09-25T20:10:37.672444" elapsed="0.000468"/>
</kw>
<kw name="Get From List" owner="Collections">
<msg time="2025-09-25T20:10:37.673413" level="INFO">${raw} = Cole Renner</msg>
<var>${raw}</var>
<arg>${lines}</arg>
<arg>-1</arg>
<doc>Returns the value specified with an ``index`` from ``list``.</doc>
<status status="PASS" start="2025-09-25T20:10:37.673128" elapsed="0.000338"/>
</kw>
<status status="PASS" start="2025-09-25T20:10:37.648508" elapsed="0.025170"/>
</branch>
<status status="PASS" start="2025-09-25T20:10:37.647917" elapsed="0.025852"/>
</if>
<kw name="Replace String" owner="String">
<msg time="2025-09-25T20:10:37.674525" level="INFO">${name} = Cole Renner</msg>
<var>${name}</var>
<arg>${raw}</arg>
<arg>\n</arg>
<arg>${SPACE}</arg>
<doc>Replaces ``search_for`` in the given ``string`` with ``replace_with``.</doc>
<status status="PASS" start="2025-09-25T20:10:37.673945" elapsed="0.000654"/>
</kw>
<kw name="Strip String" owner="String">
<msg time="2025-09-25T20:10:37.675163" level="INFO">${name} = Cole Renner</msg>
<var>${name}</var>
<arg>${name}</arg>
<doc>Remove leading and/or trailing whitespaces from the given string.</doc>
<status status="PASS" start="2025-09-25T20:10:37.674856" elapsed="0.000362"/>
</kw>
<return>
<value>${name}</value>
<status status="PASS" start="2025-09-25T20:10:37.675340" elapsed="0.000082"/>
</return>
<msg time="2025-09-25T20:10:37.675672" level="INFO">${name} = Cole Renner</msg>
<var>${name}</var>
<arg>${r}</arg>
<status status="PASS" start="2025-09-25T20:10:37.545944" elapsed="0.129780"/>
</kw>
<kw name="Get Text" owner="SeleniumLibrary">
<msg time="2025-09-25T20:10:37.715490" level="INFO">${total_spent} = $0.00</msg>
<var>${total_spent}</var>
<arg>xpath=${total_spent_selector.format(r=${r})}</arg>
<doc>Returns the text value of the element identified by ``locator``.</doc>
<status status="PASS" start="2025-09-25T20:10:37.675981" elapsed="0.039599"/>
</kw>
<kw name="Evaluate" owner="BuiltIn">
<msg time="2025-09-25T20:10:37.716499" level="INFO">${clean} = 0.0</msg>
<var>${clean}</var>
<arg>float(str("${total_spent}").replace("$","").replace(",","").strip())</arg>
<doc>Evaluates the given expression in Python and returns the result.</doc>
<status status="PASS" start="2025-09-25T20:10:37.715904" elapsed="0.000657"/>
</kw>
<kw name="Run Keyword If" owner="BuiltIn">
<arg>${clean} &gt; 0</arg>
<arg>Log To Console</arg>
<arg>${counter}. ${name}: ${total_spent}</arg>
<doc>Runs the given keyword with the given arguments, if ``condition`` is true.</doc>
<status status="PASS" start="2025-09-25T20:10:37.716800" elapsed="0.000302"/>
</kw>
<kw name="Run Keyword If" owner="BuiltIn">
<arg>${clean} &gt; 0</arg>
<arg>Set Variable</arg>
<arg>${counter}=</arg>
<arg>Evaluate</arg>
<arg>${counter} + 1</arg>
<doc>Runs the given keyword with the given arguments, if ``condition`` is true.</doc>
<status status="PASS" start="2025-09-25T20:10:37.717332" elapsed="0.000278"/>
</kw>
<kw name="Evaluate" owner="BuiltIn">
<msg time="2025-09-25T20:10:37.718463" level="INFO">${total_spending} = 4273.78</msg>
<var>${total_spending}</var>
<arg>${total_spending} + ${clean}</arg>
<doc>Evaluates the given expression in Python and returns the result.</doc>
<status status="PASS" start="2025-09-25T20:10:37.717946" elapsed="0.000581"/>
</kw>
<var name="${r}">24</var>
<status status="PASS" start="2025-09-25T20:10:37.545803" elapsed="0.172843"/>
</iter>
<iter>
<kw name="Get Customer Name" owner="CustomerPage">
<kw name="Set Variable" owner="BuiltIn">
<msg time="2025-09-25T20:10:37.721435" level="INFO">${target} = //table//tbody//tr[25]//td[2]//a//*[self::span or self::p][last()]</msg>
<var>${target}</var>
<arg>//table//tbody//tr[${r}]//td[2]//a//*[self::span or self::p][last()]</arg>
<doc>Returns the given values which can then be assigned to a variables.</doc>
<status status="PASS" start="2025-09-25T20:10:37.721012" elapsed="0.000492"/>
</kw>
<kw name="Run Keyword And Return Status" owner="BuiltIn">
<kw name="Page Should Contain Element" owner="SeleniumLibrary">
<msg time="2025-09-25T20:10:37.896206" level="INFO" html="true">&lt;/td&gt;&lt;/tr&gt;&lt;tr&gt;&lt;td colspan="3"&gt;&lt;a href="selenium-screenshot-380.png"&gt;&lt;img src="selenium-screenshot-380.png" width="800px"&gt;&lt;/a&gt;</msg>
<msg time="2025-09-25T20:10:37.896528" level="FAIL">Page should have contained element '//table//tbody//tr[25]//td[2]//a//*[self::span or self::p][last()]' but did not.</msg>
<arg>${target}</arg>
<doc>Verifies that element ``locator`` is found on the current page.</doc>
<status status="FAIL" start="2025-09-25T20:10:37.722061" elapsed="0.176202">Page should have contained element '//table//tbody//tr[25]//td[2]//a//*[self::span or self::p][last()]' but did not.</status>
</kw>
<msg time="2025-09-25T20:10:37.898579" level="INFO">${has} = False</msg>
<var>${has}</var>
<arg>Page Should Contain Element</arg>
<arg>${target}</arg>
<doc>Runs the given keyword with given arguments and returns the status as a Boolean value.</doc>
<status status="PASS" start="2025-09-25T20:10:37.721765" elapsed="0.176912"/>
</kw>
<if>
<branch type="IF" condition="${has}">
<kw name="Get Text" owner="SeleniumLibrary">
<var>${raw}</var>
<arg>${target}</arg>
<doc>Returns the text value of the element identified by ``locator``.</doc>
<status status="NOT RUN" start="2025-09-25T20:10:37.899298" elapsed="0.000232"/>
</kw>
<status status="NOT RUN" start="2025-09-25T20:10:37.898905" elapsed="0.000763"/>
</branch>
<branch type="ELSE">
<kw name="Get Text" owner="SeleniumLibrary">
<msg time="2025-09-25T20:10:37.940384" level="INFO">${raw} = J
Joesph Zboncak</msg>
<var>${raw}</var>
<arg>//table//tbody//tr[${r}]//td[2]//a</arg>
<doc>Returns the text value of the element identified by ``locator``.</doc>
<status status="PASS" start="2025-09-25T20:10:37.899914" elapsed="0.040579"/>
</kw>
<kw name="Split To Lines" owner="String">
<msg time="2025-09-25T20:10:37.941229" level="INFO">2 lines returned.</msg>
<msg time="2025-09-25T20:10:37.941412" level="INFO">${lines} = ['J', 'Joesph Zboncak']</msg>
<var>${lines}</var>
<arg>${raw}</arg>
<doc>Splits the given string to lines.</doc>
<status status="PASS" start="2025-09-25T20:10:37.940859" elapsed="0.000616"/>
</kw>
<kw name="Get From List" owner="Collections">
<msg time="2025-09-25T20:10:37.942131" level="INFO">${raw} = Joesph Zboncak</msg>
<var>${raw}</var>
<arg>${lines}</arg>
<arg>-1</arg>
<doc>Returns the value specified with an ``index`` from ``list``.</doc>
<status status="PASS" start="2025-09-25T20:10:37.941765" elapsed="0.000429"/>
</kw>
<status status="PASS" start="2025-09-25T20:10:37.899768" elapsed="0.042543"/>
</branch>
<status status="PASS" start="2025-09-25T20:10:37.898852" elapsed="0.043550"/>
</if>
<kw name="Replace String" owner="String">
<msg time="2025-09-25T20:10:37.943595" level="INFO">${name} = Joesph Zboncak</msg>
<var>${name}</var>
<arg>${raw}</arg>
<arg>\n</arg>
<arg>${SPACE}</arg>
<doc>Replaces ``search_for`` in the given ``string`` with ``replace_with``.</doc>
<status status="PASS" start="2025-09-25T20:10:37.942672" elapsed="0.001017"/>
</kw>
<kw name="Strip String" owner="String">
<msg time="2025-09-25T20:10:37.944384" level="INFO">${name} = Joesph Zboncak</msg>
<var>${name}</var>
<arg>${name}</arg>
<doc>Remove leading and/or trailing whitespaces from the given string.</doc>
<status status="PASS" start="2025-09-25T20:10:37.944001" elapsed="0.000460"/>
</kw>
<return>
<value>${name}</value>
<status status="PASS" start="2025-09-25T20:10:37.944605" elapsed="0.000102"/>
</return>
<msg time="2025-09-25T20:10:37.945059" level="INFO">${name} = Joesph Zboncak</msg>
<var>${name}</var>
<arg>${r}</arg>
<status status="PASS" start="2025-09-25T20:10:37.719918" elapsed="0.225204"/>
</kw>
<kw name="Get Text" owner="SeleniumLibrary">
<msg time="2025-09-25T20:10:37.985366" level="INFO">${total_spent} = $0.00</msg>
<var>${total_spent}</var>
<arg>xpath=${total_spent_selector.format(r=${r})}</arg>
<doc>Returns the text value of the element identified by ``locator``.</doc>
<status status="PASS" start="2025-09-25T20:10:37.945386" elapsed="0.040070"/>
</kw>
<kw name="Evaluate" owner="BuiltIn">
<msg time="2025-09-25T20:10:37.986417" level="INFO">${clean} = 0.0</msg>
<var>${clean}</var>
<arg>float(str("${total_spent}").replace("$","").replace(",","").strip())</arg>
<doc>Evaluates the given expression in Python and returns the result.</doc>
<status status="PASS" start="2025-09-25T20:10:37.985801" elapsed="0.000678"/>
</kw>
<kw name="Run Keyword If" owner="BuiltIn">
<arg>${clean} &gt; 0</arg>
<arg>Log To Console</arg>
<arg>${counter}. ${name}: ${total_spent}</arg>
<doc>Runs the given keyword with the given arguments, if ``condition`` is true.</doc>
<status status="PASS" start="2025-09-25T20:10:37.986847" elapsed="0.000317"/>
</kw>
<kw name="Run Keyword If" owner="BuiltIn">
<arg>${clean} &gt; 0</arg>
<arg>Set Variable</arg>
<arg>${counter}=</arg>
<arg>Evaluate</arg>
<arg>${counter} + 1</arg>
<doc>Runs the given keyword with the given arguments, if ``condition`` is true.</doc>
<status status="PASS" start="2025-09-25T20:10:37.987392" elapsed="0.000270"/>
</kw>
<kw name="Evaluate" owner="BuiltIn">
<msg time="2025-09-25T20:10:37.988597" level="INFO">${total_spending} = 4273.78</msg>
<var>${total_spending}</var>
<arg>${total_spending} + ${clean}</arg>
<doc>Evaluates the given expression in Python and returns the result.</doc>
<status status="PASS" start="2025-09-25T20:10:37.988061" elapsed="0.000603"/>
</kw>
<var name="${r}">25</var>
<status status="PASS" start="2025-09-25T20:10:37.719256" elapsed="0.269523"/>
</iter>
<var>${r}</var>
<value>1</value>
<value>${rows+1}</value>
<status status="PASS" start="2025-09-25T20:10:33.268086" elapsed="4.720822"/>
</for>
<kw name="Evaluate" owner="BuiltIn">
<msg time="2025-09-25T20:10:37.989601" level="INFO">${total_formatted} = 4,273.78</msg>
<var>${total_formatted}</var>
<arg>f"{${total_spending}:,.2f}"</arg>
<doc>Evaluates the given expression in Python and returns the result.</doc>
<status status="PASS" start="2025-09-25T20:10:37.989157" elapsed="0.000506"/>
</kw>
<kw name="Log To Console" owner="BuiltIn">
<arg>================================</arg>
<doc>Logs the given message to the console.</doc>
<status status="PASS" start="2025-09-25T20:10:37.989878" elapsed="0.000510"/>
</kw>
<kw name="Log To Console" owner="BuiltIn">
<arg>Total Customer Spending: $${total_formatted}</arg>
<doc>Logs the given message to the console.</doc>
<status status="PASS" start="2025-09-25T20:10:37.990765" elapsed="0.000968"/>
</kw>
<kw name="Log To Console" owner="BuiltIn">
<arg>================================</arg>
<doc>Logs the given message to the console.</doc>
<status status="PASS" start="2025-09-25T20:10:37.992013" elapsed="0.001388"/>
</kw>
<kw name="Set Variable" owner="BuiltIn">
<msg time="2025-09-25T20:10:37.993975" level="INFO">${threshold} = 3500</msg>
<var>${threshold}</var>
<arg>3500</arg>
<doc>Returns the given values which can then be assigned to a variables.</doc>
<status status="PASS" start="2025-09-25T20:10:37.993683" elapsed="0.000353"/>
</kw>
<kw name="Evaluate" owner="BuiltIn">
<msg time="2025-09-25T20:10:37.994748" level="INFO">${threshold_fmt} = 3,500</msg>
<var>${threshold_fmt}</var>
<arg>"{:,}".format(${threshold})</arg>
<doc>Evaluates the given expression in Python and returns the result.</doc>
<status status="PASS" start="2025-09-25T20:10:37.994293" elapsed="0.000520"/>
</kw>
<kw name="Evaluate" owner="BuiltIn">
<msg time="2025-09-25T20:10:37.995534" level="INFO">${total_formatted} = 4273.78</msg>
<var>${total_formatted}</var>
<arg>"{:.2f}".format(${total_spending})</arg>
<doc>Evaluates the given expression in Python and returns the result.</doc>
<status status="PASS" start="2025-09-25T20:10:37.995057" elapsed="0.000540"/>
</kw>
<kw name="Run Keyword If" owner="BuiltIn">
<kw name="Log To Console" owner="BuiltIn">
<arg>PASS: Total spending ($${total_formatted}) meets minimum threshold ($${threshold_fmt})</arg>
<doc>Logs the given message to the console.</doc>
<status status="PASS" start="2025-09-25T20:10:37.996372" elapsed="0.000662"/>
</kw>
<arg>${total_spending} &lt; ${threshold}</arg>
<arg>Fail</arg>
<arg>FAIL: Total spending ($${total_formatted}) is below minimum threshold ($${threshold_fmt})</arg>
<arg>ELSE</arg>
<arg>Log To Console</arg>
<arg>PASS: Total spending ($${total_formatted}) meets minimum threshold ($${threshold_fmt})</arg>
<doc>Runs the given keyword with the given arguments, if ``condition`` is true.</doc>
<status status="PASS" start="2025-09-25T20:10:37.995848" elapsed="0.001380"/>
</kw>
<status status="PASS" start="2025-09-25T20:10:33.232231" elapsed="4.765198"/>
</kw>
<status status="PASS" start="2025-09-25T20:10:33.231336" elapsed="4.766991"/>
</test>
<status status="PASS" start="2025-09-25T20:09:34.951082" elapsed="63.050933"/>
</suite>
<statistics>
<total>
<stat pass="4" fail="0" skip="0">All Tests</stat>
</total>
<tag>
</tag>
<suite>
<stat name="Test" id="s1" pass="4" fail="0" skip="0">Test</stat>
</suite>
</statistics>
<errors>
</errors>
</robot>
