<?xml version="1.0" encoding="UTF-8"?>
<robot generator="Robot 7.3.2 (Python 3.13.7 on win32)" generated="2025-09-25T10:37:49.124698" rpa="false" schemaversion="5">
<suite id="s1" name="Test" source="C:\Users\Robin\Documents\GitHub\QA\ROBOT TESTING\tests\test.robot">
<kw name="Launch Browser" type="SETUP">
<kw name="Open Browser" owner="SeleniumLibrary">
<msg time="2025-09-25T10:37:49.354670" level="INFO">Opening browser 'chrome' to base url 'https://marmelab.com/react-admin-demo'.</msg>
<arg>${url}</arg>
<arg>chrome</arg>
<arg>options=add_argument("--start-maximized")</arg>
<doc>Opens a new browser instance to the optional ``url``.</doc>
<status status="PASS" start="2025-09-25T10:37:49.354470" elapsed="2.913629"/>
</kw>
<status status="PASS" start="2025-09-25T10:37:49.353887" elapsed="2.914378"/>
</kw>
<test id="s1-t1" name="TEST-000001" line="10">
<kw name="Login User">
<kw name="Wait Until Element Is Visible" owner="SeleniumLibrary">
<arg>${login_avatar}</arg>
<doc>Waits until the element ``locator`` is visible.</doc>
<status status="PASS" start="2025-09-25T10:37:52.270318" elapsed="0.488521"/>
</kw>
<kw name="Input Text" owner="SeleniumLibrary">
<msg time="2025-09-25T10:37:52.759203" level="INFO">Typing text 'demo' into text field '//input[@name="username"]'.</msg>
<arg>${login_txt_username}</arg>
<arg>${username}</arg>
<doc>Types the given ``text`` into the text field identified by ``locator``.</doc>
<status status="PASS" start="2025-09-25T10:37:52.758984" elapsed="0.110350"/>
</kw>
<kw name="Input Text" owner="SeleniumLibrary">
<msg time="2025-09-25T10:37:52.869975" level="INFO">Typing text 'demo' into text field '//input[@type="password"]'.</msg>
<arg>${login_txt_password}</arg>
<arg>${password}</arg>
<doc>Types the given ``text`` into the text field identified by ``locator``.</doc>
<status status="PASS" start="2025-09-25T10:37:52.869568" elapsed="0.066888"/>
</kw>
<kw name="Click Button" owner="SeleniumLibrary">
<msg time="2025-09-25T10:37:52.937084" level="INFO">Clicking button '//button[@type="submit"]'.</msg>
<arg>${login_btn_submit}</arg>
<doc>Clicks the button identified by ``locator``.</doc>
<status status="PASS" start="2025-09-25T10:37:52.936738" elapsed="0.065343"/>
</kw>
<kw name="Wait Until Element Is Visible" owner="SeleniumLibrary">
<arg>${logged_in_verif}</arg>
<doc>Waits until the element ``locator`` is visible.</doc>
<status status="PASS" start="2025-09-25T10:37:53.002254" elapsed="0.092709"/>
</kw>
<status status="PASS" start="2025-09-25T10:37:52.269168" elapsed="0.825935"/>
</kw>
<status status="PASS" start="2025-09-25T10:37:52.268347" elapsed="0.827089"/>
</test>
<test id="s1-t2" name="TEST-000002" line="13">
<kw name="Get Random Customers" owner="CustomLibraries">
<msg time="2025-09-25T10:37:53.709695" level="INFO">[{'id': 1, 'name': 'Leanne Graham', 'username': 'Bret', 'email': 'Sincere@april.biz', 'address': {'street': 'Kulas Light', 'suite': 'Apt. 556', 'city': 'Gwenborough', 'zipcode': '92998-3874', 'geo': {'lat': '-37.3159', 'lng': '81.1496'}}, 'phone': '1-770-736-8031 x56442', 'website': 'hildegard.org', 'company': {'name': 'Romaguera-Crona', 'catchPhrase': 'Multi-layered client-server neural-net', 'bs': 'harness real-time e-markets'}, 'birthday': '07082005', 'password': 'PEgcVe%9', 'stateAbbr': 'KAG'}, {'id': 2, 'name': 'Ervin Howell', 'username': 'Antonette', 'email': 'Shanna@melissa.tv', 'address': {'street': 'Victor Plains', 'suite': 'Suite 879', 'city': 'Wisokyburgh', 'zipcode': '90566-7771', 'geo': {'lat': '-43.9509', 'lng': '-34.4618'}}, 'phone': '010-692-6593 x09125', 'website': 'anastasia.net', 'company': {'name': 'Deckow-Crist', 'catchPhrase': 'Proactive didactic contingency', 'bs': 'synergize scalable supply-chains'}, 'birthday': '07041999', 'password': 'OO1a0Xke', 'stateAbbr': 'VSW'}, {'id': 3, 'name': 'Clementine Bauch', 'username': 'Samantha', 'email': 'Nathan@yesenia.net', 'address': {'street': 'Douglas Extension', 'suite': 'Suite 847', 'city': 'McKenziehaven', 'zipcode': '59590-4157', 'geo': {'lat': '-68.6102', 'lng': '-47.0653'}}, 'phone': '1-463-123-4447', 'website': 'ramiro.info', 'company': {'name': 'Romaguera-Jacobson', 'catchPhrase': 'Face to face bifurcated interface', 'bs': 'e-enable strategic applications'}, 'birthday': '05142006', 'password': 'Jun0zq1#', 'stateAbbr': 'DSM'}, {'id': 4, 'name': 'Patricia Lebsack', 'username': 'Karianne', 'email': 'Julianne.OConner@kory.org', 'address': {'street': 'Hoeger Mall', 'suite': 'Apt. 692', 'city': 'South Elvis', 'zipcode': '53919-4257', 'geo': {'lat': '29.4572', 'lng': '-164.2990'}}, 'phone': '493-170-9623 x156', 'website': 'kale.biz', 'company': {'name': 'Robel-Corkery', 'catchPhrase': 'Multi-tiered zero tolerance productivity', 'bs': 'transition cutting-edge web services'}, 'birthday': '06212001', 'password': 'N1L!L2PQ', 'stateAbbr': 'HAS'}, {'id': 5, 'name': 'Chelsey Dietrich', 'username': 'Kamren', 'email': 'Lucio_Hettinger@annie.ca', 'address': {'street': 'Skiles Walks', 'suite': 'Suite 351', 'city': 'Roscoeview', 'zipcode': '33263', 'geo': {'lat': '-31.8129', 'lng': '62.5342'}}, 'phone': '(254)954-1289', 'website': 'demarco.info', 'company': {'name': 'Keebler LLC', 'catchPhrase': 'User-centric fault-tolerant solution', 'bs': 'revolutionize end-to-end systems'}, 'birthday': '12242001', 'password': 'BBOn#nsw', 'stateAbbr': 'SSR'}]</msg>
<msg time="2025-09-25T10:37:53.709874" level="INFO">${users} = [{'id': 1, 'name': 'Leanne Graham', 'username': 'Bret', 'email': 'Sincere@april.biz', 'address': {'street': 'Kulas Light', 'suite': 'Apt. 556', 'city': 'Gwenborough', 'zipcode': '92998-3874', 'geo': {...</msg>
<var>${users}</var>
<arg>${5}</arg>
<status status="PASS" start="2025-09-25T10:37:53.096119" elapsed="0.613779"/>
</kw>
<kw name="Go To Customers Page" owner="CustomerPage">
<kw name="Click Element" owner="SeleniumLibrary">
<msg time="2025-09-25T10:37:53.710551" level="INFO">Clicking element '//a[@href="#/customers"]'.</msg>
<arg>${nav_btn_customers}</arg>
<doc>Click the element identified by ``locator``.</doc>
<status status="PASS" start="2025-09-25T10:37:53.710409" elapsed="0.101949"/>
</kw>
<kw name="Wait Until Element Is Visible" owner="SeleniumLibrary">
<arg>//table/tbody//tr</arg>
<doc>Waits until the element ``locator`` is visible.</doc>
<status status="PASS" start="2025-09-25T10:37:53.812662" elapsed="0.550982"/>
</kw>
<status status="PASS" start="2025-09-25T10:37:53.710201" elapsed="0.653654"/>
</kw>
<kw name="Create List" owner="BuiltIn">
<msg time="2025-09-25T10:37:54.364752" level="INFO">${Verified_Customers} = []</msg>
<var>${Verified_Customers}</var>
<doc>Returns a list containing given items.</doc>
<status status="PASS" start="2025-09-25T10:37:54.364426" elapsed="0.000390"/>
</kw>
<kw name="Set Suite Variable" owner="BuiltIn">
<msg time="2025-09-25T10:37:54.365697" level="INFO">${Verified_Customers} = []</msg>
<arg>${Verified_Customers}</arg>
<doc>Makes a variable available everywhere within the scope of the current suite.</doc>
<status status="PASS" start="2025-09-25T10:37:54.365270" elapsed="0.000520"/>
</kw>
<for flavor="IN RANGE">
<iter>
<kw name="Set Variable" owner="BuiltIn">
<msg time="2025-09-25T10:37:54.367927" level="INFO">${user} = {'id': 1, 'name': 'Leanne Graham', 'username': 'Bret', 'email': 'Sincere@april.biz', 'address': {'street': 'Kulas Light', 'suite': 'Apt. 556', 'city': 'Gwenborough', 'zipcode': '92998-3874', 'geo': {'...</msg>
<var>${user}</var>
<arg>${users}[${i}]</arg>
<doc>Returns the given values which can then be assigned to a variables.</doc>
<status status="PASS" start="2025-09-25T10:37:54.366971" elapsed="0.001050"/>
</kw>
<kw name="Create Customer" owner="CustomerPage">
<kw name="Click Element" owner="SeleniumLibrary">
<msg time="2025-09-25T10:37:54.369439" level="INFO">Clicking element '//a[@aria-label="Create"]'.</msg>
<arg>${customers_btn_create}</arg>
<doc>Click the element identified by ``locator``.</doc>
<status status="PASS" start="2025-09-25T10:37:54.369053" elapsed="0.063662"/>
</kw>
<kw name="Wait Until Element Is Visible" owner="SeleniumLibrary">
<arg>${customers_txt_firstname}</arg>
<doc>Waits until the element ``locator`` is visible.</doc>
<status status="PASS" start="2025-09-25T10:37:54.433069" elapsed="0.067542"/>
</kw>
<kw name="Input Text" owner="SeleniumLibrary">
<msg time="2025-09-25T10:37:54.502554" level="INFO">Typing text 'Leanne' into text field '//input[@name="first_name"]'.</msg>
<arg>${customers_txt_firstname}</arg>
<arg>${user["name"].split(" ")[0]}</arg>
<doc>Types the given ``text`` into the text field identified by ``locator``.</doc>
<status status="PASS" start="2025-09-25T10:37:54.501227" elapsed="0.068714"/>
</kw>
<kw name="Input Text" owner="SeleniumLibrary">
<msg time="2025-09-25T10:37:54.570813" level="INFO">Typing text 'Graham' into text field '//input[@name="last_name"]'.</msg>
<arg>${customers_txt_lastname}</arg>
<arg>${user["name"].split(" ")[1]}</arg>
<doc>Types the given ``text`` into the text field identified by ``locator``.</doc>
<status status="PASS" start="2025-09-25T10:37:54.570138" elapsed="0.069530"/>
</kw>
<kw name="Input Text" owner="SeleniumLibrary">
<msg time="2025-09-25T10:37:54.641357" level="INFO">Typing text 'Sincere@april.biz' into text field '//input[@name="email"]'.</msg>
<arg>${customers_txt_email}</arg>
<arg>${user["email"]}</arg>
<doc>Types the given ``text`` into the text field identified by ``locator``.</doc>
<status status="PASS" start="2025-09-25T10:37:54.639974" elapsed="0.110640"/>
</kw>
<kw name="Input Text" owner="SeleniumLibrary">
<msg time="2025-09-25T10:37:54.751648" level="INFO">Typing text '07082005' into text field '//input[@name="birthday"]'.</msg>
<arg>${customers_txt_birthday}</arg>
<arg>${user["birthday"]}</arg>
<doc>Types the given ``text`` into the text field identified by ``locator``.</doc>
<status status="PASS" start="2025-09-25T10:37:54.750856" elapsed="0.066410"/>
</kw>
<kw name="Input Text" owner="SeleniumLibrary">
<msg time="2025-09-25T10:37:54.818694" level="INFO">Typing text 'Kulas Light Apt. 556' into text field '//textarea[@name="address"]'.</msg>
<arg>${customers_txt_address}</arg>
<arg>${user["address"]["street"]} ${user["address"]["suite"]}</arg>
<doc>Types the given ``text`` into the text field identified by ``locator``.</doc>
<status status="PASS" start="2025-09-25T10:37:54.817475" elapsed="0.116198"/>
</kw>
<kw name="Input Text" owner="SeleniumLibrary">
<msg time="2025-09-25T10:37:54.934597" level="INFO">Typing text 'Gwenborough' into text field '//input[@name="city"]'.</msg>
<arg>${customers_txt_city}</arg>
<arg>${user["address"]["city"]}</arg>
<doc>Types the given ``text`` into the text field identified by ``locator``.</doc>
<status status="PASS" start="2025-09-25T10:37:54.933893" elapsed="0.073007"/>
</kw>
<kw name="Input Text" owner="SeleniumLibrary">
<msg time="2025-09-25T10:37:55.007850" level="INFO">Typing text 'KAG' into text field '//input[@name="stateAbbr"]'.</msg>
<arg>${customers_txt_stateAbbr}</arg>
<arg>${user["stateAbbr"]}</arg>
<doc>Types the given ``text`` into the text field identified by ``locator``.</doc>
<status status="PASS" start="2025-09-25T10:37:55.007109" elapsed="0.060192"/>
</kw>
<kw name="Input Text" owner="SeleniumLibrary">
<msg time="2025-09-25T10:37:55.068188" level="INFO">Typing text '92998-3874' into text field '//input[@name="zipcode"]'.</msg>
<arg>${customers_txt_zipcode}</arg>
<arg>${user["address"]["zipcode"]}</arg>
<doc>Types the given ``text`` into the text field identified by ``locator``.</doc>
<status status="PASS" start="2025-09-25T10:37:55.067513" elapsed="0.068482"/>
</kw>
<kw name="Input Text" owner="SeleniumLibrary">
<msg time="2025-09-25T10:37:55.137212" level="INFO">Typing text 'PEgcVe%9' into text field '//input[@name="password"]'.</msg>
<arg>${customers_txt_password}</arg>
<arg>${user["password"]}</arg>
<doc>Types the given ``text`` into the text field identified by ``locator``.</doc>
<status status="PASS" start="2025-09-25T10:37:55.136340" elapsed="0.073259"/>
</kw>
<kw name="Input Text" owner="SeleniumLibrary">
<msg time="2025-09-25T10:37:55.210970" level="INFO">Typing text 'PEgcVe%9' into text field '//input[@name="confirm_password"]'.</msg>
<arg>${customers_txt_confirm_password}</arg>
<arg>${user["password"]}</arg>
<doc>Types the given ``text`` into the text field identified by ``locator``.</doc>
<status status="PASS" start="2025-09-25T10:37:55.209900" elapsed="0.063487"/>
</kw>
<kw name="Click Button" owner="SeleniumLibrary">
<msg time="2025-09-25T10:37:55.273846" level="INFO">Clicking button '//button[@aria-label="Save"]'.</msg>
<arg>${customers_btn_save}</arg>
<doc>Clicks the button identified by ``locator``.</doc>
<status status="PASS" start="2025-09-25T10:37:55.273592" elapsed="0.074553"/>
</kw>
<kw name="Wait Until Page Contains" owner="SeleniumLibrary">
<arg>Customer created</arg>
<doc>Waits until ``text`` appears on the current page.</doc>
<status status="PASS" start="2025-09-25T10:37:55.348352" elapsed="0.433340"/>
</kw>
<arg>${user}</arg>
<status status="PASS" start="2025-09-25T10:37:54.368501" elapsed="1.413322"/>
</kw>
<kw name="Verify Customer Input" owner="CustomerPage">
<kw name="Get Element Attribute" owner="SeleniumLibrary">
<msg time="2025-09-25T10:37:55.798203" level="INFO">${first_name} = Leanne</msg>
<var>${first_name}</var>
<arg>${customers_txt_firstname}</arg>
<arg>value</arg>
<doc>Returns the value of ``attribute`` from the element ``locator``.</doc>
<status status="PASS" start="2025-09-25T10:37:55.782484" elapsed="0.015766"/>
</kw>
<kw name="Should Be Equal As Strings" owner="BuiltIn">
<arg>${user["name"].split(" ")[0]}</arg>
<arg>${first_name}</arg>
<doc>Fails if objects are unequal after converting them to strings.</doc>
<status status="PASS" start="2025-09-25T10:37:55.798516" elapsed="0.000780"/>
</kw>
<kw name="Log To Console" owner="BuiltIn">
<arg>First Name Input Is Correct</arg>
<doc>Logs the given message to the console.</doc>
<status status="PASS" start="2025-09-25T10:37:55.799529" elapsed="0.000446"/>
</kw>
<kw name="Get Element Attribute" owner="SeleniumLibrary">
<msg time="2025-09-25T10:37:55.811527" level="INFO">${second_name} = Graham</msg>
<var>${second_name}</var>
<arg>${customers_txt_lastname}</arg>
<arg>value</arg>
<doc>Returns the value of ``attribute`` from the element ``locator``.</doc>
<status status="PASS" start="2025-09-25T10:37:55.800139" elapsed="0.011425"/>
</kw>
<kw name="Should Be Equal As Strings" owner="BuiltIn">
<arg>${user["name"].split(" ")[1]}</arg>
<arg>${second_name}</arg>
<doc>Fails if objects are unequal after converting them to strings.</doc>
<status status="PASS" start="2025-09-25T10:37:55.811696" elapsed="0.000418"/>
</kw>
<kw name="Log To Console" owner="BuiltIn">
<arg>Second Name Input Is Correct</arg>
<doc>Logs the given message to the console.</doc>
<status status="PASS" start="2025-09-25T10:37:55.812198" elapsed="0.000252"/>
</kw>
<kw name="Get Element Attribute" owner="SeleniumLibrary">
<msg time="2025-09-25T10:37:55.824917" level="INFO">${email} = Sincere@april.biz</msg>
<var>${email}</var>
<arg>${customers_txt_email}</arg>
<arg>value</arg>
<doc>Returns the value of ``attribute`` from the element ``locator``.</doc>
<status status="PASS" start="2025-09-25T10:37:55.812565" elapsed="0.012450"/>
</kw>
<kw name="Should Be Equal As Strings" owner="BuiltIn">
<arg>${user["email"]}</arg>
<arg>${email}</arg>
<doc>Fails if objects are unequal after converting them to strings.</doc>
<status status="PASS" start="2025-09-25T10:37:55.825353" elapsed="0.000871"/>
</kw>
<kw name="Log To Console" owner="BuiltIn">
<arg>Email Input Is Correct</arg>
<doc>Logs the given message to the console.</doc>
<status status="PASS" start="2025-09-25T10:37:55.826579" elapsed="0.005364"/>
</kw>
<kw name="Get Element Attribute" owner="SeleniumLibrary">
<msg time="2025-09-25T10:37:55.852883" level="INFO">${birthday} = 2005-07-08</msg>
<var>${birthday}</var>
<arg>${customers_txt_birthday}</arg>
<arg>value</arg>
<doc>Returns the value of ``attribute`` from the element ``locator``.</doc>
<status status="PASS" start="2025-09-25T10:37:55.832768" elapsed="0.020182"/>
</kw>
<kw name="Format Birthday" owner="CustomLibraries">
<msg time="2025-09-25T10:37:55.861992" level="INFO">${birthday} = 07082005</msg>
<var>${birthday}</var>
<arg>${birthday}</arg>
<status status="PASS" start="2025-09-25T10:37:55.853310" elapsed="0.008779"/>
</kw>
<kw name="Should Be Equal As Strings" owner="BuiltIn">
<arg>${user["birthday"]}</arg>
<arg>${birthday}</arg>
<doc>Fails if objects are unequal after converting them to strings.</doc>
<status status="PASS" start="2025-09-25T10:37:55.862434" elapsed="0.001772"/>
</kw>
<kw name="Log To Console" owner="BuiltIn">
<arg>Birthday Input Is Correct</arg>
<doc>Logs the given message to the console.</doc>
<status status="PASS" start="2025-09-25T10:37:55.864879" elapsed="0.000862"/>
</kw>
<kw name="Get Element Attribute" owner="SeleniumLibrary">
<msg time="2025-09-25T10:37:55.885081" level="INFO">${address} = Kulas Light Apt. 556</msg>
<var>${address}</var>
<arg>${customers_txt_address}</arg>
<arg>value</arg>
<doc>Returns the value of ``attribute`` from the element ``locator``.</doc>
<status status="PASS" start="2025-09-25T10:37:55.866081" elapsed="0.019119"/>
</kw>
<kw name="Should Be Equal As Strings" owner="BuiltIn">
<arg>${user["address"]["street"]} ${user["address"]["suite"]}</arg>
<arg>${address}</arg>
<doc>Fails if objects are unequal after converting them to strings.</doc>
<status status="PASS" start="2025-09-25T10:37:55.885649" elapsed="0.004737"/>
</kw>
<kw name="Log To Console" owner="BuiltIn">
<arg>Address Input Is Correct</arg>
<doc>Logs the given message to the console.</doc>
<status status="PASS" start="2025-09-25T10:37:55.890849" elapsed="0.000703"/>
</kw>
<kw name="Get Element Attribute" owner="SeleniumLibrary">
<msg time="2025-09-25T10:37:55.909903" level="INFO">${city} = Gwenborough</msg>
<var>${city}</var>
<arg>${customers_txt_city}</arg>
<arg>value</arg>
<doc>Returns the value of ``attribute`` from the element ``locator``.</doc>
<status status="PASS" start="2025-09-25T10:37:55.892501" elapsed="0.017458"/>
</kw>
<kw name="Should Be Equal As Strings" owner="BuiltIn">
<arg>${user["address"]["city"]}</arg>
<arg>${city}</arg>
<doc>Fails if objects are unequal after converting them to strings.</doc>
<status status="PASS" start="2025-09-25T10:37:55.910140" elapsed="0.000691"/>
</kw>
<kw name="Log To Console" owner="BuiltIn">
<arg>City Input Is Correct</arg>
<doc>Logs the given message to the console.</doc>
<status status="PASS" start="2025-09-25T10:37:55.910969" elapsed="0.000511"/>
</kw>
<kw name="Get Element Attribute" owner="SeleniumLibrary">
<msg time="2025-09-25T10:37:55.926603" level="INFO">${stateAbbr} = KAG</msg>
<var>${stateAbbr}</var>
<arg>${customers_txt_stateAbbr}</arg>
<arg>value</arg>
<doc>Returns the value of ``attribute`` from the element ``locator``.</doc>
<status status="PASS" start="2025-09-25T10:37:55.911901" elapsed="0.014783"/>
</kw>
<kw name="Should Be Equal As Strings" owner="BuiltIn">
<arg>${user["stateAbbr"]}</arg>
<arg>${stateAbbr}</arg>
<doc>Fails if objects are unequal after converting them to strings.</doc>
<status status="PASS" start="2025-09-25T10:37:55.927113" elapsed="0.001649"/>
</kw>
<kw name="Log To Console" owner="BuiltIn">
<arg>State Abbr Input Is Correct</arg>
<doc>Logs the given message to the console.</doc>
<status status="PASS" start="2025-09-25T10:37:55.929055" elapsed="0.002255"/>
</kw>
<kw name="Get Element Attribute" owner="SeleniumLibrary">
<msg time="2025-09-25T10:37:55.946324" level="INFO">${zipcode} = 92998-3874</msg>
<var>${zipcode}</var>
<arg>${customers_txt_zipcode}</arg>
<arg>value</arg>
<doc>Returns the value of ``attribute`` from the element ``locator``.</doc>
<status status="PASS" start="2025-09-25T10:37:55.931708" elapsed="0.014708"/>
</kw>
<kw name="Should Be Equal As Strings" owner="BuiltIn">
<arg>${user["address"]["zipcode"]}</arg>
<arg>${zipcode}</arg>
<doc>Fails if objects are unequal after converting them to strings.</doc>
<status status="PASS" start="2025-09-25T10:37:55.946740" elapsed="0.001495"/>
</kw>
<kw name="Log To Console" owner="BuiltIn">
<arg>Zipcode Input Is Correct</arg>
<doc>Logs the given message to the console.</doc>
<status status="PASS" start="2025-09-25T10:37:55.948684" elapsed="0.000870"/>
</kw>
<kw name="Get Element Attribute" owner="SeleniumLibrary">
<msg time="2025-09-25T10:37:55.964780" level="INFO">${password} = PEgcVe%9</msg>
<var>${password}</var>
<arg>${customers_txt_password}</arg>
<arg>value</arg>
<doc>Returns the value of ``attribute`` from the element ``locator``.</doc>
<status status="PASS" start="2025-09-25T10:37:55.950020" elapsed="0.014813"/>
</kw>
<kw name="Should Be Equal As Strings" owner="BuiltIn">
<arg>${user["password"]}</arg>
<arg>${password}</arg>
<doc>Fails if objects are unequal after converting them to strings.</doc>
<status status="PASS" start="2025-09-25T10:37:55.965024" elapsed="0.000755"/>
</kw>
<kw name="Log To Console" owner="BuiltIn">
<arg>Password Input Is Correct</arg>
<doc>Logs the given message to the console.</doc>
<status status="PASS" start="2025-09-25T10:37:55.966236" elapsed="0.000432"/>
</kw>
<kw name="Get Element Attribute" owner="SeleniumLibrary">
<msg time="2025-09-25T10:37:55.999266" level="INFO">${confirm_password} = PEgcVe%9</msg>
<var>${confirm_password}</var>
<arg>${customers_txt_confirm_password}</arg>
<arg>value</arg>
<doc>Returns the value of ``attribute`` from the element ``locator``.</doc>
<status status="PASS" start="2025-09-25T10:37:55.966976" elapsed="0.032352"/>
</kw>
<kw name="Should Be Equal As Strings" owner="BuiltIn">
<arg>${user["password"]}</arg>
<arg>${confirm_password}</arg>
<doc>Fails if objects are unequal after converting them to strings.</doc>
<status status="PASS" start="2025-09-25T10:37:55.999536" elapsed="0.000986"/>
</kw>
<kw name="Log To Console" owner="BuiltIn">
<arg>Confirm Password Input Is Correct</arg>
<doc>Logs the given message to the console.</doc>
<status status="PASS" start="2025-09-25T10:37:56.000701" elapsed="0.000382"/>
</kw>
<kw name="Create Dictionary" owner="BuiltIn">
<msg time="2025-09-25T10:37:56.002896" level="INFO">&amp;{verified_customer} = { first_name=Leanne | last_name=Graham | email=Sincere@april.biz | birthday=07082005 | address=Kulas Light Apt. 556 | city=Gwenborough | stateAbbr=KAG | zipcode=92998-3874 | password=PEgcVe%9 | confir...</msg>
<var>&amp;{verified_customer}</var>
<arg>first_name=${first_name}</arg>
<arg>last_name=${second_name}</arg>
<arg>email=${email}</arg>
<arg>birthday=${birthday}</arg>
<arg>address=${address}</arg>
<arg>city=${city}</arg>
<arg>stateAbbr=${stateAbbr}</arg>
<arg>zipcode=${zipcode}</arg>
<arg>password=${password}</arg>
<arg>confirm_password=${confirm_password}</arg>
<doc>Creates and returns a dictionary based on the given ``items``.</doc>
<status status="PASS" start="2025-09-25T10:37:56.001291" elapsed="0.001710"/>
</kw>
<kw name="Append To List" owner="Collections">
<arg>${Verified_Customers}</arg>
<arg>${verified_customer}</arg>
<doc>Adds ``values`` to the end of ``list``.</doc>
<status status="PASS" start="2025-09-25T10:37:56.003318" elapsed="0.000374"/>
</kw>
<kw name="Set Suite Variable" owner="BuiltIn">
<msg time="2025-09-25T10:37:56.004391" level="INFO">${Verified_Customers} = [{'first_name': 'Leanne', 'last_name': 'Graham', 'email': 'Sincere@april.biz', 'birthday': '07082005', 'address': 'Kulas Light Apt. 556', 'city': 'Gwenborough', 'stateAbbr': 'KAG', 'zipcode': '92998-3...</msg>
<arg>${Verified_Customers}</arg>
<doc>Makes a variable available everywhere within the scope of the current suite.</doc>
<status status="PASS" start="2025-09-25T10:37:56.003953" elapsed="0.000534"/>
</kw>
<kw name="Go To Customers Page" owner="CustomerPage">
<kw name="Click Element" owner="SeleniumLibrary">
<msg time="2025-09-25T10:37:56.005619" level="INFO">Clicking element '//a[@href="#/customers"]'.</msg>
<arg>${nav_btn_customers}</arg>
<doc>Click the element identified by ``locator``.</doc>
<status status="PASS" start="2025-09-25T10:37:56.005273" elapsed="0.079989"/>
</kw>
<kw name="Wait Until Element Is Visible" owner="SeleniumLibrary">
<arg>//table/tbody//tr</arg>
<doc>Waits until the element ``locator`` is visible.</doc>
<status status="PASS" start="2025-09-25T10:37:56.085548" elapsed="0.250190"/>
</kw>
<status status="PASS" start="2025-09-25T10:37:56.004784" elapsed="0.331394"/>
</kw>
<kw name="Refresh Current Page" owner="App">
<kw name="Click Button" owner="SeleniumLibrary">
<msg time="2025-09-25T10:37:56.337441" level="INFO">Clicking button '//button[@aria-label="Refresh"]'.</msg>
<arg>${btn_refresh}</arg>
<doc>Clicks the button identified by ``locator``.</doc>
<status status="PASS" start="2025-09-25T10:37:56.337070" elapsed="0.236174"/>
</kw>
<kw name="Wait Until Element Is Visible" owner="SeleniumLibrary">
<arg>${loading_icon}</arg>
<doc>Waits until the element ``locator`` is visible.</doc>
<status status="PASS" start="2025-09-25T10:37:56.573468" elapsed="0.014272"/>
</kw>
<kw name="Wait Until Element Is Not Visible" owner="SeleniumLibrary">
<arg>${loading_icon}</arg>
<doc>Waits until the element ``locator`` is not visible.</doc>
<status status="PASS" start="2025-09-25T10:37:56.588088" elapsed="0.458306"/>
</kw>
<kw name="Log To Console" owner="BuiltIn">
<arg>${USERNAME}</arg>
<doc>Logs the given message to the console.</doc>
<status status="PASS" start="2025-09-25T10:37:57.046762" elapsed="0.000690"/>
</kw>
<status status="PASS" start="2025-09-25T10:37:56.336538" elapsed="0.711116"/>
</kw>
<arg>${user}</arg>
<status status="PASS" start="2025-09-25T10:37:55.782141" elapsed="1.265720"/>
</kw>
<var name="${i}">0</var>
<status status="PASS" start="2025-09-25T10:37:54.366731" elapsed="2.681274"/>
</iter>
<iter>
<kw name="Set Variable" owner="BuiltIn">
<msg time="2025-09-25T10:37:57.049045" level="INFO">${user} = {'id': 2, 'name': 'Ervin Howell', 'username': 'Antonette', 'email': 'Shanna@melissa.tv', 'address': {'street': 'Victor Plains', 'suite': 'Suite 879', 'city': 'Wisokyburgh', 'zipcode': '90566-7771', 'g...</msg>
<var>${user}</var>
<arg>${users}[${i}]</arg>
<doc>Returns the given values which can then be assigned to a variables.</doc>
<status status="PASS" start="2025-09-25T10:37:57.048577" elapsed="0.000537"/>
</kw>
<kw name="Create Customer" owner="CustomerPage">
<kw name="Click Element" owner="SeleniumLibrary">
<msg time="2025-09-25T10:37:57.050449" level="INFO">Clicking element '//a[@aria-label="Create"]'.</msg>
<arg>${customers_btn_create}</arg>
<doc>Click the element identified by ``locator``.</doc>
<status status="PASS" start="2025-09-25T10:37:57.050103" elapsed="0.100818"/>
</kw>
<kw name="Wait Until Element Is Visible" owner="SeleniumLibrary">
<arg>${customers_txt_firstname}</arg>
<doc>Waits until the element ``locator`` is visible.</doc>
<status status="PASS" start="2025-09-25T10:37:57.151553" elapsed="0.057100"/>
</kw>
<kw name="Input Text" owner="SeleniumLibrary">
<msg time="2025-09-25T10:37:57.209585" level="INFO">Typing text 'Ervin' into text field '//input[@name="first_name"]'.</msg>
<arg>${customers_txt_firstname}</arg>
<arg>${user["name"].split(" ")[0]}</arg>
<doc>Types the given ``text`` into the text field identified by ``locator``.</doc>
<status status="PASS" start="2025-09-25T10:37:57.208876" elapsed="0.053899"/>
</kw>
<kw name="Input Text" owner="SeleniumLibrary">
<msg time="2025-09-25T10:37:57.264051" level="INFO">Typing text 'Howell' into text field '//input[@name="last_name"]'.</msg>
<arg>${customers_txt_lastname}</arg>
<arg>${user["name"].split(" ")[1]}</arg>
<doc>Types the given ``text`` into the text field identified by ``locator``.</doc>
<status status="PASS" start="2025-09-25T10:37:57.263102" elapsed="0.080641"/>
</kw>
<kw name="Input Text" owner="SeleniumLibrary">
<msg time="2025-09-25T10:37:57.344944" level="INFO">Typing text 'Shanna@melissa.tv' into text field '//input[@name="email"]'.</msg>
<arg>${customers_txt_email}</arg>
<arg>${user["email"]}</arg>
<doc>Types the given ``text`` into the text field identified by ``locator``.</doc>
<status status="PASS" start="2025-09-25T10:37:57.344129" elapsed="0.080387"/>
</kw>
<kw name="Input Text" owner="SeleniumLibrary">
<msg time="2025-09-25T10:37:57.425546" level="INFO">Typing text '07041999' into text field '//input[@name="birthday"]'.</msg>
<arg>${customers_txt_birthday}</arg>
<arg>${user["birthday"]}</arg>
<doc>Types the given ``text`` into the text field identified by ``locator``.</doc>
<status status="PASS" start="2025-09-25T10:37:57.424767" elapsed="0.069166"/>
</kw>
<kw name="Input Text" owner="SeleniumLibrary">
<msg time="2025-09-25T10:37:57.495841" level="INFO">Typing text 'Victor Plains Suite 879' into text field '//textarea[@name="address"]'.</msg>
<arg>${customers_txt_address}</arg>
<arg>${user["address"]["street"]} ${user["address"]["suite"]}</arg>
<doc>Types the given ``text`` into the text field identified by ``locator``.</doc>
<status status="PASS" start="2025-09-25T10:37:57.494178" elapsed="0.107823"/>
</kw>
<kw name="Input Text" owner="SeleniumLibrary">
<msg time="2025-09-25T10:37:57.604496" level="INFO">Typing text 'Wisokyburgh' into text field '//input[@name="city"]'.</msg>
<arg>${customers_txt_city}</arg>
<arg>${user["address"]["city"]}</arg>
<doc>Types the given ``text`` into the text field identified by ``locator``.</doc>
<status status="PASS" start="2025-09-25T10:37:57.602436" elapsed="0.161937"/>
</kw>
<kw name="Input Text" owner="SeleniumLibrary">
<msg time="2025-09-25T10:37:57.765394" level="INFO">Typing text 'VSW' into text field '//input[@name="stateAbbr"]'.</msg>
<arg>${customers_txt_stateAbbr}</arg>
<arg>${user["stateAbbr"]}</arg>
<doc>Types the given ``text`` into the text field identified by ``locator``.</doc>
<status status="PASS" start="2025-09-25T10:37:57.764599" elapsed="0.124323"/>
</kw>
<kw name="Input Text" owner="SeleniumLibrary">
<msg time="2025-09-25T10:37:57.890908" level="INFO">Typing text '90566-7771' into text field '//input[@name="zipcode"]'.</msg>
<arg>${customers_txt_zipcode}</arg>
<arg>${user["address"]["zipcode"]}</arg>
<doc>Types the given ``text`` into the text field identified by ``locator``.</doc>
<status status="PASS" start="2025-09-25T10:37:57.889355" elapsed="0.156287"/>
</kw>
<kw name="Input Text" owner="SeleniumLibrary">
<msg time="2025-09-25T10:37:58.047356" level="INFO">Typing text 'OO1a0Xke' into text field '//input[@name="password"]'.</msg>
<arg>${customers_txt_password}</arg>
<arg>${user["password"]}</arg>
<doc>Types the given ``text`` into the text field identified by ``locator``.</doc>
<status status="PASS" start="2025-09-25T10:37:58.046046" elapsed="0.164717"/>
</kw>
<kw name="Input Text" owner="SeleniumLibrary">
<msg time="2025-09-25T10:37:58.212699" level="INFO">Typing text 'OO1a0Xke' into text field '//input[@name="confirm_password"]'.</msg>
<arg>${customers_txt_confirm_password}</arg>
<arg>${user["password"]}</arg>
<doc>Types the given ``text`` into the text field identified by ``locator``.</doc>
<status status="PASS" start="2025-09-25T10:37:58.211173" elapsed="0.165288"/>
</kw>
<kw name="Click Button" owner="SeleniumLibrary">
<msg time="2025-09-25T10:37:58.377759" level="INFO">Clicking button '//button[@aria-label="Save"]'.</msg>
<arg>${customers_btn_save}</arg>
<doc>Clicks the button identified by ``locator``.</doc>
<status status="PASS" start="2025-09-25T10:37:58.377012" elapsed="0.162479"/>
</kw>
<kw name="Wait Until Page Contains" owner="SeleniumLibrary">
<arg>Customer created</arg>
<doc>Waits until ``text`` appears on the current page.</doc>
<status status="PASS" start="2025-09-25T10:37:58.539688" elapsed="0.464551"/>
</kw>
<arg>${user}</arg>
<status status="PASS" start="2025-09-25T10:37:57.049506" elapsed="1.954960"/>
</kw>
<kw name="Verify Customer Input" owner="CustomerPage">
<kw name="Get Element Attribute" owner="SeleniumLibrary">
<msg time="2025-09-25T10:37:59.028167" level="INFO">${first_name} = Ervin</msg>
<var>${first_name}</var>
<arg>${customers_txt_firstname}</arg>
<arg>value</arg>
<doc>Returns the value of ``attribute`` from the element ``locator``.</doc>
<status status="PASS" start="2025-09-25T10:37:59.005822" elapsed="0.022438"/>
</kw>
<kw name="Should Be Equal As Strings" owner="BuiltIn">
<arg>${user["name"].split(" ")[0]}</arg>
<arg>${first_name}</arg>
<doc>Fails if objects are unequal after converting them to strings.</doc>
<status status="PASS" start="2025-09-25T10:37:59.028504" elapsed="0.001696"/>
</kw>
<kw name="Log To Console" owner="BuiltIn">
<arg>First Name Input Is Correct</arg>
<doc>Logs the given message to the console.</doc>
<status status="PASS" start="2025-09-25T10:37:59.030502" elapsed="0.001713"/>
</kw>
<kw name="Get Element Attribute" owner="SeleniumLibrary">
<msg time="2025-09-25T10:37:59.074938" level="INFO">${second_name} = Howell</msg>
<var>${second_name}</var>
<arg>${customers_txt_lastname}</arg>
<arg>value</arg>
<doc>Returns the value of ``attribute`` from the element ``locator``.</doc>
<status status="PASS" start="2025-09-25T10:37:59.032506" elapsed="0.042559"/>
</kw>
<kw name="Should Be Equal As Strings" owner="BuiltIn">
<arg>${user["name"].split(" ")[1]}</arg>
<arg>${second_name}</arg>
<doc>Fails if objects are unequal after converting them to strings.</doc>
<status status="PASS" start="2025-09-25T10:37:59.075517" elapsed="0.001249"/>
</kw>
<kw name="Log To Console" owner="BuiltIn">
<arg>Second Name Input Is Correct</arg>
<doc>Logs the given message to the console.</doc>
<status status="PASS" start="2025-09-25T10:37:59.077154" elapsed="0.001762"/>
</kw>
<kw name="Get Element Attribute" owner="SeleniumLibrary">
<msg time="2025-09-25T10:37:59.104142" level="INFO">${email} = Shanna@melissa.tv</msg>
<var>${email}</var>
<arg>${customers_txt_email}</arg>
<arg>value</arg>
<doc>Returns the value of ``attribute`` from the element ``locator``.</doc>
<status status="PASS" start="2025-09-25T10:37:59.079226" elapsed="0.025010"/>
</kw>
<kw name="Should Be Equal As Strings" owner="BuiltIn">
<arg>${user["email"]}</arg>
<arg>${email}</arg>
<doc>Fails if objects are unequal after converting them to strings.</doc>
<status status="PASS" start="2025-09-25T10:37:59.104531" elapsed="0.001729"/>
</kw>
<kw name="Log To Console" owner="BuiltIn">
<arg>Email Input Is Correct</arg>
<doc>Logs the given message to the console.</doc>
<status status="PASS" start="2025-09-25T10:37:59.108002" elapsed="0.001049"/>
</kw>
<kw name="Get Element Attribute" owner="SeleniumLibrary">
<msg time="2025-09-25T10:37:59.150575" level="INFO">${birthday} = 1999-07-04</msg>
<var>${birthday}</var>
<arg>${customers_txt_birthday}</arg>
<arg>value</arg>
<doc>Returns the value of ``attribute`` from the element ``locator``.</doc>
<status status="PASS" start="2025-09-25T10:37:59.109852" elapsed="0.040778"/>
</kw>
<kw name="Format Birthday" owner="CustomLibraries">
<msg time="2025-09-25T10:37:59.151361" level="INFO">${birthday} = 07041999</msg>
<var>${birthday}</var>
<arg>${birthday}</arg>
<status status="PASS" start="2025-09-25T10:37:59.150871" elapsed="0.000557"/>
</kw>
<kw name="Should Be Equal As Strings" owner="BuiltIn">
<arg>${user["birthday"]}</arg>
<arg>${birthday}</arg>
<doc>Fails if objects are unequal after converting them to strings.</doc>
<status status="PASS" start="2025-09-25T10:37:59.151659" elapsed="0.001356"/>
</kw>
<kw name="Log To Console" owner="BuiltIn">
<arg>Birthday Input Is Correct</arg>
<doc>Logs the given message to the console.</doc>
<status status="PASS" start="2025-09-25T10:37:59.153591" elapsed="0.000563"/>
</kw>
<kw name="Get Element Attribute" owner="SeleniumLibrary">
<msg time="2025-09-25T10:37:59.174594" level="INFO">${address} = Victor Plains Suite 879</msg>
<var>${address}</var>
<arg>${customers_txt_address}</arg>
<arg>value</arg>
<doc>Returns the value of ``attribute`` from the element ``locator``.</doc>
<status status="PASS" start="2025-09-25T10:37:59.154545" elapsed="0.020150"/>
</kw>
<kw name="Should Be Equal As Strings" owner="BuiltIn">
<arg>${user["address"]["street"]} ${user["address"]["suite"]}</arg>
<arg>${address}</arg>
<doc>Fails if objects are unequal after converting them to strings.</doc>
<status status="PASS" start="2025-09-25T10:37:59.175058" elapsed="0.002262"/>
</kw>
<kw name="Log To Console" owner="BuiltIn">
<arg>Address Input Is Correct</arg>
<doc>Logs the given message to the console.</doc>
<status status="PASS" start="2025-09-25T10:37:59.177594" elapsed="0.000704"/>
</kw>
<kw name="Get Element Attribute" owner="SeleniumLibrary">
<msg time="2025-09-25T10:37:59.203294" level="INFO">${city} = Wisokyburgh</msg>
<var>${city}</var>
<arg>${customers_txt_city}</arg>
<arg>value</arg>
<doc>Returns the value of ``attribute`` from the element ``locator``.</doc>
<status status="PASS" start="2025-09-25T10:37:59.178678" elapsed="0.024671"/>
</kw>
<kw name="Should Be Equal As Strings" owner="BuiltIn">
<arg>${user["address"]["city"]}</arg>
<arg>${city}</arg>
<doc>Fails if objects are unequal after converting them to strings.</doc>
<status status="PASS" start="2025-09-25T10:37:59.203529" elapsed="0.000692"/>
</kw>
<kw name="Log To Console" owner="BuiltIn">
<arg>City Input Is Correct</arg>
<doc>Logs the given message to the console.</doc>
<status status="PASS" start="2025-09-25T10:37:59.204404" elapsed="0.000515"/>
</kw>
<kw name="Get Element Attribute" owner="SeleniumLibrary">
<msg time="2025-09-25T10:37:59.229028" level="INFO">${stateAbbr} = VSW</msg>
<var>${stateAbbr}</var>
<arg>${customers_txt_stateAbbr}</arg>
<arg>value</arg>
<doc>Returns the value of ``attribute`` from the element ``locator``.</doc>
<status status="PASS" start="2025-09-25T10:37:59.205214" elapsed="0.023905"/>
</kw>
<kw name="Should Be Equal As Strings" owner="BuiltIn">
<arg>${user["stateAbbr"]}</arg>
<arg>${stateAbbr}</arg>
<doc>Fails if objects are unequal after converting them to strings.</doc>
<status status="PASS" start="2025-09-25T10:37:59.229435" elapsed="0.001451"/>
</kw>
<kw name="Log To Console" owner="BuiltIn">
<arg>State Abbr Input Is Correct</arg>
<doc>Logs the given message to the console.</doc>
<status status="PASS" start="2025-09-25T10:37:59.231434" elapsed="0.000515"/>
</kw>
<kw name="Get Element Attribute" owner="SeleniumLibrary">
<msg time="2025-09-25T10:37:59.257567" level="INFO">${zipcode} = 90566-7771</msg>
<var>${zipcode}</var>
<arg>${customers_txt_zipcode}</arg>
<arg>value</arg>
<doc>Returns the value of ``attribute`` from the element ``locator``.</doc>
<status status="PASS" start="2025-09-25T10:37:59.232173" elapsed="0.025463"/>
</kw>
<kw name="Should Be Equal As Strings" owner="BuiltIn">
<arg>${user["address"]["zipcode"]}</arg>
<arg>${zipcode}</arg>
<doc>Fails if objects are unequal after converting them to strings.</doc>
<status status="PASS" start="2025-09-25T10:37:59.257844" elapsed="0.000967"/>
</kw>
<kw name="Log To Console" owner="BuiltIn">
<arg>Zipcode Input Is Correct</arg>
<doc>Logs the given message to the console.</doc>
<status status="PASS" start="2025-09-25T10:37:59.259091" elapsed="0.000475"/>
</kw>
<kw name="Get Element Attribute" owner="SeleniumLibrary">
<msg time="2025-09-25T10:37:59.287851" level="INFO">${password} = OO1a0Xke</msg>
<var>${password}</var>
<arg>${customers_txt_password}</arg>
<arg>value</arg>
<doc>Returns the value of ``attribute`` from the element ``locator``.</doc>
<status status="PASS" start="2025-09-25T10:37:59.259854" elapsed="0.028112"/>
</kw>
<kw name="Should Be Equal As Strings" owner="BuiltIn">
<arg>${user["password"]}</arg>
<arg>${password}</arg>
<doc>Fails if objects are unequal after converting them to strings.</doc>
<status status="PASS" start="2025-09-25T10:37:59.288580" elapsed="0.001256"/>
</kw>
<kw name="Log To Console" owner="BuiltIn">
<arg>Password Input Is Correct</arg>
<doc>Logs the given message to the console.</doc>
<status status="PASS" start="2025-09-25T10:37:59.290055" elapsed="0.000465"/>
</kw>
<kw name="Get Element Attribute" owner="SeleniumLibrary">
<msg time="2025-09-25T10:37:59.312650" level="INFO">${confirm_password} = OO1a0Xke</msg>
<var>${confirm_password}</var>
<arg>${customers_txt_confirm_password}</arg>
<arg>value</arg>
<doc>Returns the value of ``attribute`` from the element ``locator``.</doc>
<status status="PASS" start="2025-09-25T10:37:59.290885" elapsed="0.021856"/>
</kw>
<kw name="Should Be Equal As Strings" owner="BuiltIn">
<arg>${user["password"]}</arg>
<arg>${confirm_password}</arg>
<doc>Fails if objects are unequal after converting them to strings.</doc>
<status status="PASS" start="2025-09-25T10:37:59.313183" elapsed="0.001305"/>
</kw>
<kw name="Log To Console" owner="BuiltIn">
<arg>Confirm Password Input Is Correct</arg>
<doc>Logs the given message to the console.</doc>
<status status="PASS" start="2025-09-25T10:37:59.314726" elapsed="0.000443"/>
</kw>
<kw name="Create Dictionary" owner="BuiltIn">
<msg time="2025-09-25T10:37:59.316826" level="INFO">&amp;{verified_customer} = { first_name=Ervin | last_name=Howell | email=Shanna@melissa.tv | birthday=07041999 | address=Victor Plains Suite 879 | city=Wisokyburgh | stateAbbr=VSW | zipcode=90566-7771 | password=OO1a0Xke | conf...</msg>
<var>&amp;{verified_customer}</var>
<arg>first_name=${first_name}</arg>
<arg>last_name=${second_name}</arg>
<arg>email=${email}</arg>
<arg>birthday=${birthday}</arg>
<arg>address=${address}</arg>
<arg>city=${city}</arg>
<arg>stateAbbr=${stateAbbr}</arg>
<arg>zipcode=${zipcode}</arg>
<arg>password=${password}</arg>
<arg>confirm_password=${confirm_password}</arg>
<doc>Creates and returns a dictionary based on the given ``items``.</doc>
<status status="PASS" start="2025-09-25T10:37:59.315480" elapsed="0.001425"/>
</kw>
<kw name="Append To List" owner="Collections">
<arg>${Verified_Customers}</arg>
<arg>${verified_customer}</arg>
<doc>Adds ``values`` to the end of ``list``.</doc>
<status status="PASS" start="2025-09-25T10:37:59.317342" elapsed="0.000406"/>
</kw>
<kw name="Set Suite Variable" owner="BuiltIn">
<msg time="2025-09-25T10:37:59.318839" level="INFO">${Verified_Customers} = [{'first_name': 'Leanne', 'last_name': 'Graham', 'email': 'Sincere@april.biz', 'birthday': '07082005', 'address': 'Kulas Light Apt. 556', 'city': 'Gwenborough', 'stateAbbr': 'KAG', 'zipcode': '92998-3...</msg>
<arg>${Verified_Customers}</arg>
<doc>Makes a variable available everywhere within the scope of the current suite.</doc>
<status status="PASS" start="2025-09-25T10:37:59.318246" elapsed="0.000705"/>
</kw>
<kw name="Go To Customers Page" owner="CustomerPage">
<kw name="Click Element" owner="SeleniumLibrary">
<msg time="2025-09-25T10:37:59.321297" level="INFO">Clicking element '//a[@href="#/customers"]'.</msg>
<arg>${nav_btn_customers}</arg>
<doc>Click the element identified by ``locator``.</doc>
<status status="PASS" start="2025-09-25T10:37:59.319918" elapsed="0.097466"/>
</kw>
<kw name="Wait Until Element Is Visible" owner="SeleniumLibrary">
<arg>//table/tbody//tr</arg>
<doc>Waits until the element ``locator`` is visible.</doc>
<status status="PASS" start="2025-09-25T10:37:59.417731" elapsed="0.258788"/>
</kw>
<status status="PASS" start="2025-09-25T10:37:59.319266" elapsed="0.357517"/>
</kw>
<kw name="Refresh Current Page" owner="App">
<kw name="Click Button" owner="SeleniumLibrary">
<msg time="2025-09-25T10:37:59.678248" level="INFO">Clicking button '//button[@aria-label="Refresh"]'.</msg>
<arg>${btn_refresh}</arg>
<doc>Clicks the button identified by ``locator``.</doc>
<status status="PASS" start="2025-09-25T10:37:59.677751" elapsed="0.255217"/>
</kw>
<kw name="Wait Until Element Is Visible" owner="SeleniumLibrary">
<arg>${loading_icon}</arg>
<doc>Waits until the element ``locator`` is visible.</doc>
<status status="PASS" start="2025-09-25T10:37:59.933188" elapsed="0.037868"/>
</kw>
<kw name="Wait Until Element Is Not Visible" owner="SeleniumLibrary">
<arg>${loading_icon}</arg>
<doc>Waits until the element ``locator`` is not visible.</doc>
<status status="PASS" start="2025-09-25T10:37:59.971445" elapsed="0.509274"/>
</kw>
<kw name="Log To Console" owner="BuiltIn">
<arg>${USERNAME}</arg>
<doc>Logs the given message to the console.</doc>
<status status="PASS" start="2025-09-25T10:38:00.481091" elapsed="0.000647"/>
</kw>
<status status="PASS" start="2025-09-25T10:37:59.677139" elapsed="0.804826"/>
</kw>
<arg>${user}</arg>
<status status="PASS" start="2025-09-25T10:37:59.005134" elapsed="1.476999"/>
</kw>
<var name="${i}">1</var>
<status status="PASS" start="2025-09-25T10:37:57.048349" elapsed="3.433910"/>
</iter>
<iter>
<kw name="Set Variable" owner="BuiltIn">
<msg time="2025-09-25T10:38:00.483413" level="INFO">${user} = {'id': 3, 'name': 'Clementine Bauch', 'username': 'Samantha', 'email': 'Nathan@yesenia.net', 'address': {'street': 'Douglas Extension', 'suite': 'Suite 847', 'city': 'McKenziehaven', 'zipcode': '59590...</msg>
<var>${user}</var>
<arg>${users}[${i}]</arg>
<doc>Returns the given values which can then be assigned to a variables.</doc>
<status status="PASS" start="2025-09-25T10:38:00.482811" elapsed="0.000720"/>
</kw>
<kw name="Create Customer" owner="CustomerPage">
<kw name="Click Element" owner="SeleniumLibrary">
<msg time="2025-09-25T10:38:00.485529" level="INFO">Clicking element '//a[@aria-label="Create"]'.</msg>
<arg>${customers_btn_create}</arg>
<doc>Click the element identified by ``locator``.</doc>
<status status="PASS" start="2025-09-25T10:38:00.485042" elapsed="0.102364"/>
</kw>
<kw name="Wait Until Element Is Visible" owner="SeleniumLibrary">
<arg>${customers_txt_firstname}</arg>
<doc>Waits until the element ``locator`` is visible.</doc>
<status status="PASS" start="2025-09-25T10:38:00.587897" elapsed="0.053170"/>
</kw>
<kw name="Input Text" owner="SeleniumLibrary">
<msg time="2025-09-25T10:38:00.642603" level="INFO">Typing text 'Clementine' into text field '//input[@name="first_name"]'.</msg>
<arg>${customers_txt_firstname}</arg>
<arg>${user["name"].split(" ")[0]}</arg>
<doc>Types the given ``text`` into the text field identified by ``locator``.</doc>
<status status="PASS" start="2025-09-25T10:38:00.641360" elapsed="0.118847"/>
</kw>
<kw name="Input Text" owner="SeleniumLibrary">
<msg time="2025-09-25T10:38:00.761115" level="INFO">Typing text 'Bauch' into text field '//input[@name="last_name"]'.</msg>
<arg>${customers_txt_lastname}</arg>
<arg>${user["name"].split(" ")[1]}</arg>
<doc>Types the given ``text`` into the text field identified by ``locator``.</doc>
<status status="PASS" start="2025-09-25T10:38:00.760426" elapsed="0.104430"/>
</kw>
<kw name="Input Text" owner="SeleniumLibrary">
<msg time="2025-09-25T10:38:00.866057" level="INFO">Typing text 'Nathan@yesenia.net' into text field '//input[@name="email"]'.</msg>
<arg>${customers_txt_email}</arg>
<arg>${user["email"]}</arg>
<doc>Types the given ``text`` into the text field identified by ``locator``.</doc>
<status status="PASS" start="2025-09-25T10:38:00.865081" elapsed="0.151171"/>
</kw>
<kw name="Input Text" owner="SeleniumLibrary">
<msg time="2025-09-25T10:38:01.017731" level="INFO">Typing text '05142006' into text field '//input[@name="birthday"]'.</msg>
<arg>${customers_txt_birthday}</arg>
<arg>${user["birthday"]}</arg>
<doc>Types the given ``text`` into the text field identified by ``locator``.</doc>
<status status="PASS" start="2025-09-25T10:38:01.016472" elapsed="0.157767"/>
</kw>
<kw name="Input Text" owner="SeleniumLibrary">
<msg time="2025-09-25T10:38:01.177067" level="INFO">Typing text 'Douglas Extension Suite 847' into text field '//textarea[@name="address"]'.</msg>
<arg>${customers_txt_address}</arg>
<arg>${user["address"]["street"]} ${user["address"]["suite"]}</arg>
<doc>Types the given ``text`` into the text field identified by ``locator``.</doc>
<status status="PASS" start="2025-09-25T10:38:01.174724" elapsed="0.144458"/>
</kw>
<kw name="Input Text" owner="SeleniumLibrary">
<msg time="2025-09-25T10:38:01.320369" level="INFO">Typing text 'McKenziehaven' into text field '//input[@name="city"]'.</msg>
<arg>${customers_txt_city}</arg>
<arg>${user["address"]["city"]}</arg>
<doc>Types the given ``text`` into the text field identified by ``locator``.</doc>
<status status="PASS" start="2025-09-25T10:38:01.319399" elapsed="0.137991"/>
</kw>
<kw name="Input Text" owner="SeleniumLibrary">
<msg time="2025-09-25T10:38:01.458389" level="INFO">Typing text 'DSM' into text field '//input[@name="stateAbbr"]'.</msg>
<arg>${customers_txt_stateAbbr}</arg>
<arg>${user["stateAbbr"]}</arg>
<doc>Types the given ``text`` into the text field identified by ``locator``.</doc>
<status status="PASS" start="2025-09-25T10:38:01.457598" elapsed="0.160335"/>
</kw>
<kw name="Input Text" owner="SeleniumLibrary">
<msg time="2025-09-25T10:38:01.620321" level="INFO">Typing text '59590-4157' into text field '//input[@name="zipcode"]'.</msg>
<arg>${customers_txt_zipcode}</arg>
<arg>${user["address"]["zipcode"]}</arg>
<doc>Types the given ``text`` into the text field identified by ``locator``.</doc>
<status status="PASS" start="2025-09-25T10:38:01.618732" elapsed="0.149438"/>
</kw>
<kw name="Input Text" owner="SeleniumLibrary">
<msg time="2025-09-25T10:38:01.769256" level="INFO">Typing text 'Jun0zq1#' into text field '//input[@name="password"]'.</msg>
<arg>${customers_txt_password}</arg>
<arg>${user["password"]}</arg>
<doc>Types the given ``text`` into the text field identified by ``locator``.</doc>
<status status="PASS" start="2025-09-25T10:38:01.768428" elapsed="0.171135"/>
</kw>
<kw name="Input Text" owner="SeleniumLibrary">
<msg time="2025-09-25T10:38:01.941517" level="INFO">Typing text 'Jun0zq1#' into text field '//input[@name="confirm_password"]'.</msg>
<arg>${customers_txt_confirm_password}</arg>
<arg>${user["password"]}</arg>
<doc>Types the given ``text`` into the text field identified by ``locator``.</doc>
<status status="PASS" start="2025-09-25T10:38:01.940027" elapsed="0.127631"/>
</kw>
<kw name="Click Button" owner="SeleniumLibrary">
<msg time="2025-09-25T10:38:02.068104" level="INFO">Clicking button '//button[@aria-label="Save"]'.</msg>
<arg>${customers_btn_save}</arg>
<doc>Clicks the button identified by ``locator``.</doc>
<status status="PASS" start="2025-09-25T10:38:02.067858" elapsed="0.136566"/>
</kw>
<kw name="Wait Until Page Contains" owner="SeleniumLibrary">
<arg>Customer created</arg>
<doc>Waits until ``text`` appears on the current page.</doc>
<status status="PASS" start="2025-09-25T10:38:02.204685" elapsed="0.433676"/>
</kw>
<arg>${user}</arg>
<status status="PASS" start="2025-09-25T10:38:00.484153" elapsed="2.154346"/>
</kw>
<kw name="Verify Customer Input" owner="CustomerPage">
<kw name="Get Element Attribute" owner="SeleniumLibrary">
<msg time="2025-09-25T10:38:02.658029" level="INFO">${first_name} = Clementine</msg>
<var>${first_name}</var>
<arg>${customers_txt_firstname}</arg>
<arg>value</arg>
<doc>Returns the value of ``attribute`` from the element ``locator``.</doc>
<status status="PASS" start="2025-09-25T10:38:02.639756" elapsed="0.018330"/>
</kw>
<kw name="Should Be Equal As Strings" owner="BuiltIn">
<arg>${user["name"].split(" ")[0]}</arg>
<arg>${first_name}</arg>
<doc>Fails if objects are unequal after converting them to strings.</doc>
<status status="PASS" start="2025-09-25T10:38:02.658276" elapsed="0.000871"/>
</kw>
<kw name="Log To Console" owner="BuiltIn">
<arg>First Name Input Is Correct</arg>
<doc>Logs the given message to the console.</doc>
<status status="PASS" start="2025-09-25T10:38:02.659463" elapsed="0.000815"/>
</kw>
<kw name="Get Element Attribute" owner="SeleniumLibrary">
<msg time="2025-09-25T10:38:02.721599" level="INFO">${second_name} = Bauch</msg>
<var>${second_name}</var>
<arg>${customers_txt_lastname}</arg>
<arg>value</arg>
<doc>Returns the value of ``attribute`` from the element ``locator``.</doc>
<status status="PASS" start="2025-09-25T10:38:02.660618" elapsed="0.061036"/>
</kw>
<kw name="Should Be Equal As Strings" owner="BuiltIn">
<arg>${user["name"].split(" ")[1]}</arg>
<arg>${second_name}</arg>
<doc>Fails if objects are unequal after converting them to strings.</doc>
<status status="PASS" start="2025-09-25T10:38:02.721878" elapsed="0.001120"/>
</kw>
<kw name="Log To Console" owner="BuiltIn">
<arg>Second Name Input Is Correct</arg>
<doc>Logs the given message to the console.</doc>
<status status="PASS" start="2025-09-25T10:38:02.723243" elapsed="0.000526"/>
</kw>
<kw name="Get Element Attribute" owner="SeleniumLibrary">
<msg time="2025-09-25T10:38:02.746104" level="INFO">${email} = Nathan@yesenia.net</msg>
<var>${email}</var>
<arg>${customers_txt_email}</arg>
<arg>value</arg>
<doc>Returns the value of ``attribute`` from the element ``locator``.</doc>
<status status="PASS" start="2025-09-25T10:38:02.724131" elapsed="0.022098"/>
</kw>
<kw name="Should Be Equal As Strings" owner="BuiltIn">
<arg>${user["email"]}</arg>
<arg>${email}</arg>
<doc>Fails if objects are unequal after converting them to strings.</doc>
<status status="PASS" start="2025-09-25T10:38:02.746646" elapsed="0.001298"/>
</kw>
<kw name="Log To Console" owner="BuiltIn">
<arg>Email Input Is Correct</arg>
<doc>Logs the given message to the console.</doc>
<status status="PASS" start="2025-09-25T10:38:02.748215" elapsed="0.000501"/>
</kw>
<kw name="Get Element Attribute" owner="SeleniumLibrary">
<msg time="2025-09-25T10:38:02.775990" level="INFO">${birthday} = 2006-05-14</msg>
<var>${birthday}</var>
<arg>${customers_txt_birthday}</arg>
<arg>value</arg>
<doc>Returns the value of ``attribute`` from the element ``locator``.</doc>
<status status="PASS" start="2025-09-25T10:38:02.749038" elapsed="0.027161"/>
</kw>
<kw name="Format Birthday" owner="CustomLibraries">
<msg time="2025-09-25T10:38:02.778138" level="INFO">${birthday} = 05142006</msg>
<var>${birthday}</var>
<arg>${birthday}</arg>
<status status="PASS" start="2025-09-25T10:38:02.776689" elapsed="0.001640"/>
</kw>
<kw name="Should Be Equal As Strings" owner="BuiltIn">
<arg>${user["birthday"]}</arg>
<arg>${birthday}</arg>
<doc>Fails if objects are unequal after converting them to strings.</doc>
<status status="PASS" start="2025-09-25T10:38:02.778848" elapsed="0.002122"/>
</kw>
<kw name="Log To Console" owner="BuiltIn">
<arg>Birthday Input Is Correct</arg>
<doc>Logs the given message to the console.</doc>
<status status="PASS" start="2025-09-25T10:38:02.781184" elapsed="0.000352"/>
</kw>
<kw name="Get Element Attribute" owner="SeleniumLibrary">
<msg time="2025-09-25T10:38:02.805016" level="INFO">${address} = Douglas Extension Suite 847</msg>
<var>${address}</var>
<arg>${customers_txt_address}</arg>
<arg>value</arg>
<doc>Returns the value of ``attribute`` from the element ``locator``.</doc>
<status status="PASS" start="2025-09-25T10:38:02.781735" elapsed="0.023484"/>
</kw>
<kw name="Should Be Equal As Strings" owner="BuiltIn">
<arg>${user["address"]["street"]} ${user["address"]["suite"]}</arg>
<arg>${address}</arg>
<doc>Fails if objects are unequal after converting them to strings.</doc>
<status status="PASS" start="2025-09-25T10:38:02.805677" elapsed="0.003809"/>
</kw>
<kw name="Log To Console" owner="BuiltIn">
<arg>Address Input Is Correct</arg>
<doc>Logs the given message to the console.</doc>
<status status="PASS" start="2025-09-25T10:38:02.809886" elapsed="0.000703"/>
</kw>
<kw name="Get Element Attribute" owner="SeleniumLibrary">
<msg time="2025-09-25T10:38:02.828011" level="INFO">${city} = McKenziehaven</msg>
<var>${city}</var>
<arg>${customers_txt_city}</arg>
<arg>value</arg>
<doc>Returns the value of ``attribute`` from the element ``locator``.</doc>
<status status="PASS" start="2025-09-25T10:38:02.811055" elapsed="0.017060"/>
</kw>
<kw name="Should Be Equal As Strings" owner="BuiltIn">
<arg>${user["address"]["city"]}</arg>
<arg>${city}</arg>
<doc>Fails if objects are unequal after converting them to strings.</doc>
<status status="PASS" start="2025-09-25T10:38:02.828577" elapsed="0.001760"/>
</kw>
<kw name="Log To Console" owner="BuiltIn">
<arg>City Input Is Correct</arg>
<doc>Logs the given message to the console.</doc>
<status status="PASS" start="2025-09-25T10:38:02.830683" elapsed="0.001019"/>
</kw>
<kw name="Get Element Attribute" owner="SeleniumLibrary">
<msg time="2025-09-25T10:38:02.857473" level="INFO">${stateAbbr} = DSM</msg>
<var>${stateAbbr}</var>
<arg>${customers_txt_stateAbbr}</arg>
<arg>value</arg>
<doc>Returns the value of ``attribute`` from the element ``locator``.</doc>
<status status="PASS" start="2025-09-25T10:38:02.832010" elapsed="0.025565"/>
</kw>
<kw name="Should Be Equal As Strings" owner="BuiltIn">
<arg>${user["stateAbbr"]}</arg>
<arg>${stateAbbr}</arg>
<doc>Fails if objects are unequal after converting them to strings.</doc>
<status status="PASS" start="2025-09-25T10:38:02.858167" elapsed="0.001446"/>
</kw>
<kw name="Log To Console" owner="BuiltIn">
<arg>State Abbr Input Is Correct</arg>
<doc>Logs the given message to the console.</doc>
<status status="PASS" start="2025-09-25T10:38:02.859921" elapsed="0.000512"/>
</kw>
<kw name="Get Element Attribute" owner="SeleniumLibrary">
<msg time="2025-09-25T10:38:02.884334" level="INFO">${zipcode} = 59590-4157</msg>
<var>${zipcode}</var>
<arg>${customers_txt_zipcode}</arg>
<arg>value</arg>
<doc>Returns the value of ``attribute`` from the element ``locator``.</doc>
<status status="PASS" start="2025-09-25T10:38:02.860697" elapsed="0.023872"/>
</kw>
<kw name="Should Be Equal As Strings" owner="BuiltIn">
<arg>${user["address"]["zipcode"]}</arg>
<arg>${zipcode}</arg>
<doc>Fails if objects are unequal after converting them to strings.</doc>
<status status="PASS" start="2025-09-25T10:38:02.885536" elapsed="0.002081"/>
</kw>
<kw name="Log To Console" owner="BuiltIn">
<arg>Zipcode Input Is Correct</arg>
<doc>Logs the given message to the console.</doc>
<status status="PASS" start="2025-09-25T10:38:02.887953" elapsed="0.000558"/>
</kw>
<kw name="Get Element Attribute" owner="SeleniumLibrary">
<msg time="2025-09-25T10:38:02.913936" level="INFO">${password} = Jun0zq1#</msg>
<var>${password}</var>
<arg>${customers_txt_password}</arg>
<arg>value</arg>
<doc>Returns the value of ``attribute`` from the element ``locator``.</doc>
<status status="PASS" start="2025-09-25T10:38:02.888828" elapsed="0.025218"/>
</kw>
<kw name="Should Be Equal As Strings" owner="BuiltIn">
<arg>${user["password"]}</arg>
<arg>${password}</arg>
<doc>Fails if objects are unequal after converting them to strings.</doc>
<status status="PASS" start="2025-09-25T10:38:02.914393" elapsed="0.002456"/>
</kw>
<kw name="Log To Console" owner="BuiltIn">
<arg>Password Input Is Correct</arg>
<doc>Logs the given message to the console.</doc>
<status status="PASS" start="2025-09-25T10:38:02.917195" elapsed="0.000567"/>
</kw>
<kw name="Get Element Attribute" owner="SeleniumLibrary">
<msg time="2025-09-25T10:38:02.939449" level="INFO">${confirm_password} = Jun0zq1#</msg>
<var>${confirm_password}</var>
<arg>${customers_txt_confirm_password}</arg>
<arg>value</arg>
<doc>Returns the value of ``attribute`` from the element ``locator``.</doc>
<status status="PASS" start="2025-09-25T10:38:02.918124" elapsed="0.021420"/>
</kw>
<kw name="Should Be Equal As Strings" owner="BuiltIn">
<arg>${user["password"]}</arg>
<arg>${confirm_password}</arg>
<doc>Fails if objects are unequal after converting them to strings.</doc>
<status status="PASS" start="2025-09-25T10:38:02.939925" elapsed="0.001818"/>
</kw>
<kw name="Log To Console" owner="BuiltIn">
<arg>Confirm Password Input Is Correct</arg>
<doc>Logs the given message to the console.</doc>
<status status="PASS" start="2025-09-25T10:38:02.942143" elapsed="0.000625"/>
</kw>
<kw name="Create Dictionary" owner="BuiltIn">
<msg time="2025-09-25T10:38:02.944796" level="INFO">&amp;{verified_customer} = { first_name=Clementine | last_name=Bauch | email=Nathan@yesenia.net | birthday=05142006 | address=Douglas Extension Suite 847 | city=McKenziehaven | stateAbbr=DSM | zipcode=59590-4157 | password=Jun0...</msg>
<var>&amp;{verified_customer}</var>
<arg>first_name=${first_name}</arg>
<arg>last_name=${second_name}</arg>
<arg>email=${email}</arg>
<arg>birthday=${birthday}</arg>
<arg>address=${address}</arg>
<arg>city=${city}</arg>
<arg>stateAbbr=${stateAbbr}</arg>
<arg>zipcode=${zipcode}</arg>
<arg>password=${password}</arg>
<arg>confirm_password=${confirm_password}</arg>
<doc>Creates and returns a dictionary based on the given ``items``.</doc>
<status status="PASS" start="2025-09-25T10:38:02.943234" elapsed="0.001856"/>
</kw>
<kw name="Append To List" owner="Collections">
<arg>${Verified_Customers}</arg>
<arg>${verified_customer}</arg>
<doc>Adds ``values`` to the end of ``list``.</doc>
<status status="PASS" start="2025-09-25T10:38:02.945935" elapsed="0.000581"/>
</kw>
<kw name="Set Suite Variable" owner="BuiltIn">
<msg time="2025-09-25T10:38:02.947486" level="INFO">${Verified_Customers} = [{'first_name': 'Leanne', 'last_name': 'Graham', 'email': 'Sincere@april.biz', 'birthday': '07082005', 'address': 'Kulas Light Apt. 556', 'city': 'Gwenborough', 'stateAbbr': 'KAG', 'zipcode': '92998-3...</msg>
<arg>${Verified_Customers}</arg>
<doc>Makes a variable available everywhere within the scope of the current suite.</doc>
<status status="PASS" start="2025-09-25T10:38:02.946888" elapsed="0.000714"/>
</kw>
<kw name="Go To Customers Page" owner="CustomerPage">
<kw name="Click Element" owner="SeleniumLibrary">
<msg time="2025-09-25T10:38:02.948875" level="INFO">Clicking element '//a[@href="#/customers"]'.</msg>
<arg>${nav_btn_customers}</arg>
<doc>Click the element identified by ``locator``.</doc>
<status status="PASS" start="2025-09-25T10:38:02.948478" elapsed="0.095065"/>
</kw>
<kw name="Wait Until Element Is Visible" owner="SeleniumLibrary">
<arg>//table/tbody//tr</arg>
<doc>Waits until the element ``locator`` is visible.</doc>
<status status="PASS" start="2025-09-25T10:38:03.043912" elapsed="0.290521"/>
</kw>
<status status="PASS" start="2025-09-25T10:38:02.947931" elapsed="0.386669"/>
</kw>
<kw name="Refresh Current Page" owner="App">
<kw name="Click Button" owner="SeleniumLibrary">
<msg time="2025-09-25T10:38:03.335612" level="INFO">Clicking button '//button[@aria-label="Refresh"]'.</msg>
<arg>${btn_refresh}</arg>
<doc>Clicks the button identified by ``locator``.</doc>
<status status="PASS" start="2025-09-25T10:38:03.335246" elapsed="0.258000"/>
</kw>
<kw name="Wait Until Element Is Visible" owner="SeleniumLibrary">
<arg>${loading_icon}</arg>
<doc>Waits until the element ``locator`` is visible.</doc>
<status status="PASS" start="2025-09-25T10:38:03.593709" elapsed="0.031873"/>
</kw>
<kw name="Wait Until Element Is Not Visible" owner="SeleniumLibrary">
<arg>${loading_icon}</arg>
<doc>Waits until the element ``locator`` is not visible.</doc>
<status status="PASS" start="2025-09-25T10:38:03.625959" elapsed="0.509994"/>
</kw>
<kw name="Log To Console" owner="BuiltIn">
<arg>${USERNAME}</arg>
<doc>Logs the given message to the console.</doc>
<status status="PASS" start="2025-09-25T10:38:04.136296" elapsed="0.000704"/>
</kw>
<status status="PASS" start="2025-09-25T10:38:03.334860" elapsed="0.802366"/>
</kw>
<arg>${user}</arg>
<status status="PASS" start="2025-09-25T10:38:02.639118" elapsed="1.498258"/>
</kw>
<var name="${i}">2</var>
<status status="PASS" start="2025-09-25T10:38:00.482587" elapsed="3.655060"/>
</iter>
<iter>
<kw name="Set Variable" owner="BuiltIn">
<msg time="2025-09-25T10:38:04.139779" level="INFO">${user} = {'id': 4, 'name': 'Patricia Lebsack', 'username': 'Karianne', 'email': 'Julianne.OConner@kory.org', 'address': {'street': 'Hoeger Mall', 'suite': 'Apt. 692', 'city': 'South Elvis', 'zipcode': '53919-4...</msg>
<var>${user}</var>
<arg>${users}[${i}]</arg>
<doc>Returns the given values which can then be assigned to a variables.</doc>
<status status="PASS" start="2025-09-25T10:38:04.138811" elapsed="0.001057"/>
</kw>
<kw name="Create Customer" owner="CustomerPage">
<kw name="Click Element" owner="SeleniumLibrary">
<msg time="2025-09-25T10:38:04.141321" level="INFO">Clicking element '//a[@aria-label="Create"]'.</msg>
<arg>${customers_btn_create}</arg>
<doc>Click the element identified by ``locator``.</doc>
<status status="PASS" start="2025-09-25T10:38:04.140956" elapsed="0.141316"/>
</kw>
<kw name="Wait Until Element Is Visible" owner="SeleniumLibrary">
<arg>${customers_txt_firstname}</arg>
<doc>Waits until the element ``locator`` is visible.</doc>
<status status="PASS" start="2025-09-25T10:38:04.282542" elapsed="0.052782"/>
</kw>
<kw name="Input Text" owner="SeleniumLibrary">
<msg time="2025-09-25T10:38:04.336546" level="INFO">Typing text 'Patricia' into text field '//input[@name="first_name"]'.</msg>
<arg>${customers_txt_firstname}</arg>
<arg>${user["name"].split(" ")[0]}</arg>
<doc>Types the given ``text`` into the text field identified by ``locator``.</doc>
<status status="PASS" start="2025-09-25T10:38:04.335572" elapsed="0.103760"/>
</kw>
<kw name="Input Text" owner="SeleniumLibrary">
<msg time="2025-09-25T10:38:04.440266" level="INFO">Typing text 'Lebsack' into text field '//input[@name="last_name"]'.</msg>
<arg>${customers_txt_lastname}</arg>
<arg>${user["name"].split(" ")[1]}</arg>
<doc>Types the given ``text`` into the text field identified by ``locator``.</doc>
<status status="PASS" start="2025-09-25T10:38:04.439531" elapsed="0.119627"/>
</kw>
<kw name="Input Text" owner="SeleniumLibrary">
<msg time="2025-09-25T10:38:04.560324" level="INFO">Typing text 'Julianne.OConner@kory.org' into text field '//input[@name="email"]'.</msg>
<arg>${customers_txt_email}</arg>
<arg>${user["email"]}</arg>
<doc>Types the given ``text`` into the text field identified by ``locator``.</doc>
<status status="PASS" start="2025-09-25T10:38:04.559363" elapsed="0.100815"/>
</kw>
<kw name="Input Text" owner="SeleniumLibrary">
<msg time="2025-09-25T10:38:04.661274" level="INFO">Typing text '06212001' into text field '//input[@name="birthday"]'.</msg>
<arg>${customers_txt_birthday}</arg>
<arg>${user["birthday"]}</arg>
<doc>Types the given ``text`` into the text field identified by ``locator``.</doc>
<status status="PASS" start="2025-09-25T10:38:04.660383" elapsed="0.131627"/>
</kw>
<kw name="Input Text" owner="SeleniumLibrary">
<msg time="2025-09-25T10:38:04.793754" level="INFO">Typing text 'Hoeger Mall Apt. 692' into text field '//textarea[@name="address"]'.</msg>
<arg>${customers_txt_address}</arg>
<arg>${user["address"]["street"]} ${user["address"]["suite"]}</arg>
<doc>Types the given ``text`` into the text field identified by ``locator``.</doc>
<status status="PASS" start="2025-09-25T10:38:04.792287" elapsed="0.175183"/>
</kw>
<kw name="Input Text" owner="SeleniumLibrary">
<msg time="2025-09-25T10:38:04.969678" level="INFO">Typing text 'South Elvis' into text field '//input[@name="city"]'.</msg>
<arg>${customers_txt_city}</arg>
<arg>${user["address"]["city"]}</arg>
<doc>Types the given ``text`` into the text field identified by ``locator``.</doc>
<status status="PASS" start="2025-09-25T10:38:04.968001" elapsed="0.175687"/>
</kw>
<kw name="Input Text" owner="SeleniumLibrary">
<msg time="2025-09-25T10:38:05.144802" level="INFO">Typing text 'HAS' into text field '//input[@name="stateAbbr"]'.</msg>
<arg>${customers_txt_stateAbbr}</arg>
<arg>${user["stateAbbr"]}</arg>
<doc>Types the given ``text`` into the text field identified by ``locator``.</doc>
<status status="PASS" start="2025-09-25T10:38:05.143940" elapsed="0.186770"/>
</kw>
<kw name="Input Text" owner="SeleniumLibrary">
<msg time="2025-09-25T10:38:05.332254" level="INFO">Typing text '53919-4257' into text field '//input[@name="zipcode"]'.</msg>
<arg>${customers_txt_zipcode}</arg>
<arg>${user["address"]["zipcode"]}</arg>
<doc>Types the given ``text`` into the text field identified by ``locator``.</doc>
<status status="PASS" start="2025-09-25T10:38:05.331129" elapsed="0.155326"/>
</kw>
<kw name="Input Text" owner="SeleniumLibrary">
<msg time="2025-09-25T10:38:05.487584" level="INFO">Typing text 'N1L!L2PQ' into text field '//input[@name="password"]'.</msg>
<arg>${customers_txt_password}</arg>
<arg>${user["password"]}</arg>
<doc>Types the given ``text`` into the text field identified by ``locator``.</doc>
<status status="PASS" start="2025-09-25T10:38:05.486807" elapsed="0.116286"/>
</kw>
<kw name="Input Text" owner="SeleniumLibrary">
<msg time="2025-09-25T10:38:05.604473" level="INFO">Typing text 'N1L!L2PQ' into text field '//input[@name="confirm_password"]'.</msg>
<arg>${customers_txt_confirm_password}</arg>
<arg>${user["password"]}</arg>
<doc>Types the given ``text`` into the text field identified by ``locator``.</doc>
<status status="PASS" start="2025-09-25T10:38:05.603359" elapsed="0.089390"/>
</kw>
<kw name="Click Button" owner="SeleniumLibrary">
<msg time="2025-09-25T10:38:05.693195" level="INFO">Clicking button '//button[@aria-label="Save"]'.</msg>
<arg>${customers_btn_save}</arg>
<doc>Clicks the button identified by ``locator``.</doc>
<status status="PASS" start="2025-09-25T10:38:05.692955" elapsed="0.092875"/>
</kw>
<kw name="Wait Until Page Contains" owner="SeleniumLibrary">
<arg>Customer created</arg>
<doc>Waits until ``text`` appears on the current page.</doc>
<status status="PASS" start="2025-09-25T10:38:05.786114" elapsed="0.441846"/>
</kw>
<arg>${user}</arg>
<status status="PASS" start="2025-09-25T10:38:04.140341" elapsed="2.087944"/>
</kw>
<kw name="Verify Customer Input" owner="CustomerPage">
<kw name="Get Element Attribute" owner="SeleniumLibrary">
<msg time="2025-09-25T10:38:06.250263" level="INFO">${first_name} = Patricia</msg>
<var>${first_name}</var>
<arg>${customers_txt_firstname}</arg>
<arg>value</arg>
<doc>Returns the value of ``attribute`` from the element ``locator``.</doc>
<status status="PASS" start="2025-09-25T10:38:06.229831" elapsed="0.020483"/>
</kw>
<kw name="Should Be Equal As Strings" owner="BuiltIn">
<arg>${user["name"].split(" ")[0]}</arg>
<arg>${first_name}</arg>
<doc>Fails if objects are unequal after converting them to strings.</doc>
<status status="PASS" start="2025-09-25T10:38:06.250516" elapsed="0.000655"/>
</kw>
<kw name="Log To Console" owner="BuiltIn">
<arg>First Name Input Is Correct</arg>
<doc>Logs the given message to the console.</doc>
<status status="PASS" start="2025-09-25T10:38:06.251310" elapsed="0.000347"/>
</kw>
<kw name="Get Element Attribute" owner="SeleniumLibrary">
<msg time="2025-09-25T10:38:06.285315" level="INFO">${second_name} = Lebsack</msg>
<var>${second_name}</var>
<arg>${customers_txt_lastname}</arg>
<arg>value</arg>
<doc>Returns the value of ``attribute`` from the element ``locator``.</doc>
<status status="PASS" start="2025-09-25T10:38:06.251833" elapsed="0.033600"/>
</kw>
<kw name="Should Be Equal As Strings" owner="BuiltIn">
<arg>${user["name"].split(" ")[1]}</arg>
<arg>${second_name}</arg>
<doc>Fails if objects are unequal after converting them to strings.</doc>
<status status="PASS" start="2025-09-25T10:38:06.285859" elapsed="0.001652"/>
</kw>
<kw name="Log To Console" owner="BuiltIn">
<arg>Second Name Input Is Correct</arg>
<doc>Logs the given message to the console.</doc>
<status status="PASS" start="2025-09-25T10:38:06.287855" elapsed="0.000713"/>
</kw>
<kw name="Get Element Attribute" owner="SeleniumLibrary">
<msg time="2025-09-25T10:38:06.312124" level="INFO">${email} = Julianne.OConner@kory.org</msg>
<var>${email}</var>
<arg>${customers_txt_email}</arg>
<arg>value</arg>
<doc>Returns the value of ``attribute`` from the element ``locator``.</doc>
<status status="PASS" start="2025-09-25T10:38:06.289272" elapsed="0.022954"/>
</kw>
<kw name="Should Be Equal As Strings" owner="BuiltIn">
<arg>${user["email"]}</arg>
<arg>${email}</arg>
<doc>Fails if objects are unequal after converting them to strings.</doc>
<status status="PASS" start="2025-09-25T10:38:06.312571" elapsed="0.001595"/>
</kw>
<kw name="Log To Console" owner="BuiltIn">
<arg>Email Input Is Correct</arg>
<doc>Logs the given message to the console.</doc>
<status status="PASS" start="2025-09-25T10:38:06.314376" elapsed="0.004718"/>
</kw>
<kw name="Get Element Attribute" owner="SeleniumLibrary">
<msg time="2025-09-25T10:38:06.372211" level="INFO">${birthday} = 2001-06-21</msg>
<var>${birthday}</var>
<arg>${customers_txt_birthday}</arg>
<arg>value</arg>
<doc>Returns the value of ``attribute`` from the element ``locator``.</doc>
<status status="PASS" start="2025-09-25T10:38:06.319971" elapsed="0.052352"/>
</kw>
<kw name="Format Birthday" owner="CustomLibraries">
<msg time="2025-09-25T10:38:06.373251" level="INFO">${birthday} = 06212001</msg>
<var>${birthday}</var>
<arg>${birthday}</arg>
<status status="PASS" start="2025-09-25T10:38:06.372691" elapsed="0.000636"/>
</kw>
<kw name="Should Be Equal As Strings" owner="BuiltIn">
<arg>${user["birthday"]}</arg>
<arg>${birthday}</arg>
<doc>Fails if objects are unequal after converting them to strings.</doc>
<status status="PASS" start="2025-09-25T10:38:06.373808" elapsed="0.001727"/>
</kw>
<kw name="Log To Console" owner="BuiltIn">
<arg>Birthday Input Is Correct</arg>
<doc>Logs the given message to the console.</doc>
<status status="PASS" start="2025-09-25T10:38:06.375805" elapsed="0.000511"/>
</kw>
<kw name="Get Element Attribute" owner="SeleniumLibrary">
<msg time="2025-09-25T10:38:06.403707" level="INFO">${address} = Hoeger Mall Apt. 692</msg>
<var>${address}</var>
<arg>${customers_txt_address}</arg>
<arg>value</arg>
<doc>Returns the value of ``attribute`` from the element ``locator``.</doc>
<status status="PASS" start="2025-09-25T10:38:06.376571" elapsed="0.027334"/>
</kw>
<kw name="Should Be Equal As Strings" owner="BuiltIn">
<arg>${user["address"]["street"]} ${user["address"]["suite"]}</arg>
<arg>${address}</arg>
<doc>Fails if objects are unequal after converting them to strings.</doc>
<status status="PASS" start="2025-09-25T10:38:06.404179" elapsed="0.002747"/>
</kw>
<kw name="Log To Console" owner="BuiltIn">
<arg>Address Input Is Correct</arg>
<doc>Logs the given message to the console.</doc>
<status status="PASS" start="2025-09-25T10:38:06.407167" elapsed="0.000396"/>
</kw>
<kw name="Get Element Attribute" owner="SeleniumLibrary">
<msg time="2025-09-25T10:38:06.425634" level="INFO">${city} = South Elvis</msg>
<var>${city}</var>
<arg>${customers_txt_city}</arg>
<arg>value</arg>
<doc>Returns the value of ``attribute`` from the element ``locator``.</doc>
<status status="PASS" start="2025-09-25T10:38:06.407838" elapsed="0.017900"/>
</kw>
<kw name="Should Be Equal As Strings" owner="BuiltIn">
<arg>${user["address"]["city"]}</arg>
<arg>${city}</arg>
<doc>Fails if objects are unequal after converting them to strings.</doc>
<status status="PASS" start="2025-09-25T10:38:06.426104" elapsed="0.001535"/>
</kw>
<kw name="Log To Console" owner="BuiltIn">
<arg>City Input Is Correct</arg>
<doc>Logs the given message to the console.</doc>
<status status="PASS" start="2025-09-25T10:38:06.427944" elapsed="0.000632"/>
</kw>
<kw name="Get Element Attribute" owner="SeleniumLibrary">
<msg time="2025-09-25T10:38:06.448834" level="INFO">${stateAbbr} = HAS</msg>
<var>${stateAbbr}</var>
<arg>${customers_txt_stateAbbr}</arg>
<arg>value</arg>
<doc>Returns the value of ``attribute`` from the element ``locator``.</doc>
<status status="PASS" start="2025-09-25T10:38:06.429004" elapsed="0.019926"/>
</kw>
<kw name="Should Be Equal As Strings" owner="BuiltIn">
<arg>${user["stateAbbr"]}</arg>
<arg>${stateAbbr}</arg>
<doc>Fails if objects are unequal after converting them to strings.</doc>
<status status="PASS" start="2025-09-25T10:38:06.449255" elapsed="0.001494"/>
</kw>
<kw name="Log To Console" owner="BuiltIn">
<arg>State Abbr Input Is Correct</arg>
<doc>Logs the given message to the console.</doc>
<status status="PASS" start="2025-09-25T10:38:06.451179" elapsed="0.000790"/>
</kw>
<kw name="Get Element Attribute" owner="SeleniumLibrary">
<msg time="2025-09-25T10:38:06.477715" level="INFO">${zipcode} = 53919-4257</msg>
<var>${zipcode}</var>
<arg>${customers_txt_zipcode}</arg>
<arg>value</arg>
<doc>Returns the value of ``attribute`` from the element ``locator``.</doc>
<status status="PASS" start="2025-09-25T10:38:06.453354" elapsed="0.024458"/>
</kw>
<kw name="Should Be Equal As Strings" owner="BuiltIn">
<arg>${user["address"]["zipcode"]}</arg>
<arg>${zipcode}</arg>
<doc>Fails if objects are unequal after converting them to strings.</doc>
<status status="PASS" start="2025-09-25T10:38:06.478133" elapsed="0.001165"/>
</kw>
<kw name="Log To Console" owner="BuiltIn">
<arg>Zipcode Input Is Correct</arg>
<doc>Logs the given message to the console.</doc>
<status status="PASS" start="2025-09-25T10:38:06.479546" elapsed="0.000490"/>
</kw>
<kw name="Get Element Attribute" owner="SeleniumLibrary">
<msg time="2025-09-25T10:38:06.499288" level="INFO">${password} = N1L!L2PQ</msg>
<var>${password}</var>
<arg>${customers_txt_password}</arg>
<arg>value</arg>
<doc>Returns the value of ``attribute`` from the element ``locator``.</doc>
<status status="PASS" start="2025-09-25T10:38:06.480373" elapsed="0.019015"/>
</kw>
<kw name="Should Be Equal As Strings" owner="BuiltIn">
<arg>${user["password"]}</arg>
<arg>${password}</arg>
<doc>Fails if objects are unequal after converting them to strings.</doc>
<status status="PASS" start="2025-09-25T10:38:06.499762" elapsed="0.001533"/>
</kw>
<kw name="Log To Console" owner="BuiltIn">
<arg>Password Input Is Correct</arg>
<doc>Logs the given message to the console.</doc>
<status status="PASS" start="2025-09-25T10:38:06.501961" elapsed="0.001545"/>
</kw>
<kw name="Get Element Attribute" owner="SeleniumLibrary">
<msg time="2025-09-25T10:38:06.526006" level="INFO">${confirm_password} = N1L!L2PQ</msg>
<var>${confirm_password}</var>
<arg>${customers_txt_confirm_password}</arg>
<arg>value</arg>
<doc>Returns the value of ``attribute`` from the element ``locator``.</doc>
<status status="PASS" start="2025-09-25T10:38:06.504236" elapsed="0.021869"/>
</kw>
<kw name="Should Be Equal As Strings" owner="BuiltIn">
<arg>${user["password"]}</arg>
<arg>${confirm_password}</arg>
<doc>Fails if objects are unequal after converting them to strings.</doc>
<status status="PASS" start="2025-09-25T10:38:06.526445" elapsed="0.001498"/>
</kw>
<kw name="Log To Console" owner="BuiltIn">
<arg>Confirm Password Input Is Correct</arg>
<doc>Logs the given message to the console.</doc>
<status status="PASS" start="2025-09-25T10:38:06.528209" elapsed="0.000496"/>
</kw>
<kw name="Create Dictionary" owner="BuiltIn">
<msg time="2025-09-25T10:38:06.530401" level="INFO">&amp;{verified_customer} = { first_name=Patricia | last_name=Lebsack | email=Julianne.OConner@kory.org | birthday=06212001 | address=Hoeger Mall Apt. 692 | city=South Elvis | stateAbbr=HAS | zipcode=53919-4257 | password=N1L!L2...</msg>
<var>&amp;{verified_customer}</var>
<arg>first_name=${first_name}</arg>
<arg>last_name=${second_name}</arg>
<arg>email=${email}</arg>
<arg>birthday=${birthday}</arg>
<arg>address=${address}</arg>
<arg>city=${city}</arg>
<arg>stateAbbr=${stateAbbr}</arg>
<arg>zipcode=${zipcode}</arg>
<arg>password=${password}</arg>
<arg>confirm_password=${confirm_password}</arg>
<doc>Creates and returns a dictionary based on the given ``items``.</doc>
<status status="PASS" start="2025-09-25T10:38:06.529054" elapsed="0.001429"/>
</kw>
<kw name="Append To List" owner="Collections">
<arg>${Verified_Customers}</arg>
<arg>${verified_customer}</arg>
<doc>Adds ``values`` to the end of ``list``.</doc>
<status status="PASS" start="2025-09-25T10:38:06.530765" elapsed="0.000330"/>
</kw>
<kw name="Set Suite Variable" owner="BuiltIn">
<msg time="2025-09-25T10:38:06.531953" level="INFO">${Verified_Customers} = [{'first_name': 'Leanne', 'last_name': 'Graham', 'email': 'Sincere@april.biz', 'birthday': '07082005', 'address': 'Kulas Light Apt. 556', 'city': 'Gwenborough', 'stateAbbr': 'KAG', 'zipcode': '92998-3...</msg>
<arg>${Verified_Customers}</arg>
<doc>Makes a variable available everywhere within the scope of the current suite.</doc>
<status status="PASS" start="2025-09-25T10:38:06.531460" elapsed="0.000590"/>
</kw>
<kw name="Go To Customers Page" owner="CustomerPage">
<kw name="Click Element" owner="SeleniumLibrary">
[...]
<var>&amp;{verified_customer}</var>
<arg>first_name=${first_name}</arg>
<arg>last_name=${second_name}</arg>
<arg>email=${email}</arg>
<arg>birthday=${birthday}</arg>
<arg>address=${address}</arg>
<arg>city=${city}</arg>
<arg>stateAbbr=${stateAbbr}</arg>
<arg>zipcode=${zipcode}</arg>
<arg>password=${password}</arg>
<arg>confirm_password=${confirm_password}</arg>
<doc>Creates and returns a dictionary based on the given ``items``.</doc>
<status status="PASS" start="2025-09-25T10:38:16.861939" elapsed="0.002397"/>
</kw>
<kw name="Append To List" owner="Collections">
<arg>${Verified_Customers}</arg>
<arg>${verified_customer}</arg>
<doc>Adds ``values`` to the end of ``list``.</doc>
<status status="PASS" start="2025-09-25T10:38:16.865627" elapsed="0.000615"/>
</kw>
<kw name="Set Suite Variable" owner="BuiltIn">
<msg time="2025-09-25T10:38:16.867132" level="INFO">${Verified_Customers} = [{'first_name': 'Leanne', 'last_name': 'Graham', 'email': 'Sincere@april.biz', 'birthday': '07082005', 'address': 'Kulas Light Apt. 556', 'city': 'Gwenborough', 'stateAbbr': 'KAG', 'zipcode': '92998-3...</msg>
<arg>${Verified_Customers}</arg>
<doc>Makes a variable available everywhere within the scope of the current suite.</doc>
<status status="PASS" start="2025-09-25T10:38:16.866562" elapsed="0.000677"/>
</kw>
<kw name="Go To Customers Page" owner="CustomerPage">
<kw name="Click Element" owner="SeleniumLibrary">
<msg time="2025-09-25T10:38:16.868378" level="INFO">Clicking element '//a[@href="#/customers"]'.</msg>
<arg>${nav_btn_customers}</arg>
<doc>Click the element identified by ``locator``.</doc>
<status status="PASS" start="2025-09-25T10:38:16.868032" elapsed="0.091998"/>
</kw>
<kw name="Wait Until Element Is Visible" owner="SeleniumLibrary">
<arg>//table/tbody//tr</arg>
<doc>Waits until the element ``locator`` is visible.</doc>
<status status="PASS" start="2025-09-25T10:38:16.960239" elapsed="0.284940"/>
</kw>
<status status="PASS" start="2025-09-25T10:38:16.867552" elapsed="0.377866"/>
</kw>
<kw name="Refresh Current Page" owner="App">
<kw name="Click Button" owner="SeleniumLibrary">
<msg time="2025-09-25T10:38:17.246717" level="INFO">Clicking button '//button[@aria-label="Refresh"]'.</msg>
<arg>${btn_refresh}</arg>
<doc>Clicks the button identified by ``locator``.</doc>
<status status="PASS" start="2025-09-25T10:38:17.246347" elapsed="0.219188"/>
</kw>
<kw name="Wait Until Element Is Visible" owner="SeleniumLibrary">
<arg>${loading_icon}</arg>
<doc>Waits until the element ``locator`` is visible.</doc>
<status status="PASS" start="2025-09-25T10:38:17.465744" elapsed="0.039922"/>
</kw>
<kw name="Wait Until Element Is Not Visible" owner="SeleniumLibrary">
<arg>${loading_icon}</arg>
<doc>Waits until the element ``locator`` is not visible.</doc>
<status status="PASS" start="2025-09-25T10:38:17.506017" elapsed="0.468983"/>
</kw>
<kw name="Log To Console" owner="BuiltIn">
<arg>${USERNAME}</arg>
<doc>Logs the given message to the console.</doc>
<status status="PASS" start="2025-09-25T10:38:17.975590" elapsed="0.001987"/>
</kw>
<status status="PASS" start="2025-09-25T10:38:17.245811" elapsed="0.732015"/>
</kw>
<arg>${user}</arg>
<status status="PASS" start="2025-09-25T10:38:16.500425" elapsed="1.477557"/>
</kw>
<arg>${user}</arg>
<arg>${index}</arg>
<status status="PASS" start="2025-09-25T10:38:16.154642" elapsed="1.823495"/>
</kw>
<var name="${index}">4</var>
<status status="PASS" start="2025-09-25T10:38:16.151939" elapsed="1.826304"/>
</iter>
<iter>
<kw name="Evaluate" owner="BuiltIn">
<msg time="2025-09-25T10:38:17.979388" level="INFO">${user_index} = 0</msg>
<var>${user_index}</var>
<arg>${total} - ${index}</arg>
<doc>Evaluates the given expression in Python and returns the result.</doc>
<status status="PASS" start="2025-09-25T10:38:17.978805" elapsed="0.000654"/>
</kw>
<kw name="Set Variable" owner="BuiltIn">
<msg time="2025-09-25T10:38:17.980115" level="INFO">${user} = {'id': 1, 'name': 'Leanne Graham', 'username': 'Bret', 'email': 'Sincere@april.biz', 'address': {'street': 'Kulas Light', 'suite': 'Apt. 556', 'city': 'Gwenborough', 'zipcode': '92998-3874', 'geo': {'...</msg>
<var>${user}</var>
<arg>${users}[${user_index}]</arg>
<doc>Returns the given values which can then be assigned to a variables.</doc>
<status status="PASS" start="2025-09-25T10:38:17.979707" elapsed="0.000473"/>
</kw>
<kw name="Verify Customer Data" owner="CustomerPage">
<kw name="Go To Customers Page" owner="CustomerPage">
<kw name="Click Element" owner="SeleniumLibrary">
<msg time="2025-09-25T10:38:17.983143" level="INFO">Clicking element '//a[@href="#/customers"]'.</msg>
<arg>${nav_btn_customers}</arg>
<doc>Click the element identified by ``locator``.</doc>
<status status="PASS" start="2025-09-25T10:38:17.982653" elapsed="0.112325"/>
</kw>
<kw name="Wait Until Element Is Visible" owner="SeleniumLibrary">
<arg>//table/tbody//tr</arg>
<doc>Waits until the element ``locator`` is visible.</doc>
<status status="PASS" start="2025-09-25T10:38:18.095180" elapsed="0.027253"/>
</kw>
<status status="PASS" start="2025-09-25T10:38:17.981952" elapsed="0.140606"/>
</kw>
<kw name="Wait Until Element Is Visible" owner="SeleniumLibrary">
<arg>${table_row}</arg>
<doc>Waits until the element ``locator`` is visible.</doc>
<status status="PASS" start="2025-09-25T10:38:18.122726" elapsed="0.018726"/>
</kw>
<kw name="Open Customer By Index" owner="CustomerPage">
<kw name="Set Variable" owner="BuiltIn">
<msg time="2025-09-25T10:38:18.142415" level="INFO">${locator} = //table//tbody//tr[5]//td[2]//a</msg>
<var>${locator}</var>
<arg>//table//tbody//tr[${index}]//td[2]//a</arg>
<doc>Returns the given values which can then be assigned to a variables.</doc>
<status status="PASS" start="2025-09-25T10:38:18.142197" elapsed="0.000256"/>
</kw>
<kw name="Click Element" owner="SeleniumLibrary">
<msg time="2025-09-25T10:38:18.142867" level="INFO">Clicking element '//table//tbody//tr[5]//td[2]//a'.</msg>
<arg>${locator}</arg>
<doc>Click the element identified by ``locator``.</doc>
<status status="PASS" start="2025-09-25T10:38:18.142597" elapsed="0.066056"/>
</kw>
<kw name="Wait Until Element Is Visible" owner="SeleniumLibrary">
<arg>${customers_txt_firstname}</arg>
<doc>Waits until the element ``locator`` is visible.</doc>
<status status="PASS" start="2025-09-25T10:38:18.208799" elapsed="0.057430"/>
</kw>
<arg>${index}</arg>
<status status="PASS" start="2025-09-25T10:38:18.141778" elapsed="0.124801"/>
</kw>
<kw name="Verify Customer Input" owner="CustomerPage">
<kw name="Get Element Attribute" owner="SeleniumLibrary">
<msg time="2025-09-25T10:38:18.285759" level="INFO">${first_name} = Leanne</msg>
<var>${first_name}</var>
<arg>${customers_txt_firstname}</arg>
<arg>value</arg>
<doc>Returns the value of ``attribute`` from the element ``locator``.</doc>
<status status="PASS" start="2025-09-25T10:38:18.267494" elapsed="0.018351"/>
</kw>
<kw name="Should Be Equal As Strings" owner="BuiltIn">
<arg>${user["name"].split(" ")[0]}</arg>
<arg>${first_name}</arg>
<doc>Fails if objects are unequal after converting them to strings.</doc>
<status status="PASS" start="2025-09-25T10:38:18.286176" elapsed="0.001330"/>
</kw>
<kw name="Log To Console" owner="BuiltIn">
<arg>First Name Input Is Correct</arg>
<doc>Logs the given message to the console.</doc>
<status status="PASS" start="2025-09-25T10:38:18.287755" elapsed="0.001266"/>
</kw>
<kw name="Get Element Attribute" owner="SeleniumLibrary">
<msg time="2025-09-25T10:38:18.305708" level="INFO">${second_name} = Graham</msg>
<var>${second_name}</var>
<arg>${customers_txt_lastname}</arg>
<arg>value</arg>
<doc>Returns the value of ``attribute`` from the element ``locator``.</doc>
<status status="PASS" start="2025-09-25T10:38:18.289221" elapsed="0.016617"/>
</kw>
<kw name="Should Be Equal As Strings" owner="BuiltIn">
<arg>${user["name"].split(" ")[1]}</arg>
<arg>${second_name}</arg>
<doc>Fails if objects are unequal after converting them to strings.</doc>
<status status="PASS" start="2025-09-25T10:38:18.306169" elapsed="0.001704"/>
</kw>
<kw name="Log To Console" owner="BuiltIn">
<arg>Second Name Input Is Correct</arg>
<doc>Logs the given message to the console.</doc>
<status status="PASS" start="2025-09-25T10:38:18.308200" elapsed="0.002109"/>
</kw>
<kw name="Get Element Attribute" owner="SeleniumLibrary">
<msg time="2025-09-25T10:38:18.346005" level="INFO">${email} = Sincere@april.biz</msg>
<var>${email}</var>
<arg>${customers_txt_email}</arg>
<arg>value</arg>
<doc>Returns the value of ``attribute`` from the element ``locator``.</doc>
<status status="PASS" start="2025-09-25T10:38:18.310717" elapsed="0.035395"/>
</kw>
<kw name="Should Be Equal As Strings" owner="BuiltIn">
<arg>${user["email"]}</arg>
<arg>${email}</arg>
<doc>Fails if objects are unequal after converting them to strings.</doc>
<status status="PASS" start="2025-09-25T10:38:18.346482" elapsed="0.001707"/>
</kw>
<kw name="Log To Console" owner="BuiltIn">
<arg>Email Input Is Correct</arg>
<doc>Logs the given message to the console.</doc>
<status status="PASS" start="2025-09-25T10:38:18.348473" elapsed="0.000538"/>
</kw>
<kw name="Get Element Attribute" owner="SeleniumLibrary">
<msg time="2025-09-25T10:38:18.368487" level="INFO">${birthday} = 2005-07-08</msg>
<var>${birthday}</var>
<arg>${customers_txt_birthday}</arg>
<arg>value</arg>
<doc>Returns the value of ``attribute`` from the element ``locator``.</doc>
<status status="PASS" start="2025-09-25T10:38:18.349478" elapsed="0.019114"/>
</kw>
<kw name="Format Birthday" owner="CustomLibraries">
<msg time="2025-09-25T10:38:18.370025" level="INFO">${birthday} = 07082005</msg>
<var>${birthday}</var>
<arg>${birthday}</arg>
<status status="PASS" start="2025-09-25T10:38:18.369001" elapsed="0.001124"/>
</kw>
<kw name="Should Be Equal As Strings" owner="BuiltIn">
<arg>${user["birthday"]}</arg>
<arg>${birthday}</arg>
<doc>Fails if objects are unequal after converting them to strings.</doc>
<status status="PASS" start="2025-09-25T10:38:18.370750" elapsed="0.001460"/>
</kw>
<kw name="Log To Console" owner="BuiltIn">
<arg>Birthday Input Is Correct</arg>
<doc>Logs the given message to the console.</doc>
<status status="PASS" start="2025-09-25T10:38:18.372618" elapsed="0.000576"/>
</kw>
<kw name="Get Element Attribute" owner="SeleniumLibrary">
<msg time="2025-09-25T10:38:18.402698" level="INFO">${address} = Kulas Light Apt. 556</msg>
<var>${address}</var>
<arg>${customers_txt_address}</arg>
<arg>value</arg>
<doc>Returns the value of ``attribute`` from the element ``locator``.</doc>
<status status="PASS" start="2025-09-25T10:38:18.374261" elapsed="0.028557"/>
</kw>
<kw name="Should Be Equal As Strings" owner="BuiltIn">
<arg>${user["address"]["street"]} ${user["address"]["suite"]}</arg>
<arg>${address}</arg>
<doc>Fails if objects are unequal after converting them to strings.</doc>
<status status="PASS" start="2025-09-25T10:38:18.403205" elapsed="0.001313"/>
</kw>
<kw name="Log To Console" owner="BuiltIn">
<arg>Address Input Is Correct</arg>
<doc>Logs the given message to the console.</doc>
<status status="PASS" start="2025-09-25T10:38:18.404674" elapsed="0.000313"/>
</kw>
<kw name="Get Element Attribute" owner="SeleniumLibrary">
<msg time="2025-09-25T10:38:18.429351" level="INFO">${city} = Gwenborough</msg>
<var>${city}</var>
<arg>${customers_txt_city}</arg>
<arg>value</arg>
<doc>Returns the value of ``attribute`` from the element ``locator``.</doc>
<status status="PASS" start="2025-09-25T10:38:18.405167" elapsed="0.024281"/>
</kw>
<kw name="Should Be Equal As Strings" owner="BuiltIn">
<arg>${user["address"]["city"]}</arg>
<arg>${city}</arg>
<doc>Fails if objects are unequal after converting them to strings.</doc>
<status status="PASS" start="2025-09-25T10:38:18.430364" elapsed="0.001503"/>
</kw>
<kw name="Log To Console" owner="BuiltIn">
<arg>City Input Is Correct</arg>
<doc>Logs the given message to the console.</doc>
<status status="PASS" start="2025-09-25T10:38:18.432292" elapsed="0.000628"/>
</kw>
<kw name="Get Element Attribute" owner="SeleniumLibrary">
<msg time="2025-09-25T10:38:18.455144" level="INFO">${stateAbbr} = KAG</msg>
<var>${stateAbbr}</var>
<arg>${customers_txt_stateAbbr}</arg>
<arg>value</arg>
<doc>Returns the value of ``attribute`` from the element ``locator``.</doc>
<status status="PASS" start="2025-09-25T10:38:18.433510" elapsed="0.021787"/>
</kw>
<kw name="Should Be Equal As Strings" owner="BuiltIn">
<arg>${user["stateAbbr"]}</arg>
<arg>${stateAbbr}</arg>
<doc>Fails if objects are unequal after converting them to strings.</doc>
<status status="PASS" start="2025-09-25T10:38:18.455653" elapsed="0.002489"/>
</kw>
<kw name="Log To Console" owner="BuiltIn">
<arg>State Abbr Input Is Correct</arg>
<doc>Logs the given message to the console.</doc>
<status status="PASS" start="2025-09-25T10:38:18.458524" elapsed="0.000708"/>
</kw>
<kw name="Get Element Attribute" owner="SeleniumLibrary">
<msg time="2025-09-25T10:38:18.481661" level="INFO">${zipcode} = 92998-3874</msg>
<var>${zipcode}</var>
<arg>${customers_txt_zipcode}</arg>
<arg>value</arg>
<doc>Returns the value of ``attribute`` from the element ``locator``.</doc>
<status status="PASS" start="2025-09-25T10:38:18.459678" elapsed="0.022069"/>
</kw>
<kw name="Should Be Equal As Strings" owner="BuiltIn">
<arg>${user["address"]["zipcode"]}</arg>
<arg>${zipcode}</arg>
<doc>Fails if objects are unequal after converting them to strings.</doc>
<status status="PASS" start="2025-09-25T10:38:18.482312" elapsed="0.001569"/>
</kw>
<kw name="Log To Console" owner="BuiltIn">
<arg>Zipcode Input Is Correct</arg>
<doc>Logs the given message to the console.</doc>
<status status="PASS" start="2025-09-25T10:38:18.484208" elapsed="0.000817"/>
</kw>
<kw name="Get Element Attribute" owner="SeleniumLibrary">
<msg time="2025-09-25T10:38:18.511369" level="INFO">${password} = PEgcVe%9</msg>
<var>${password}</var>
<arg>${customers_txt_password}</arg>
<arg>value</arg>
<doc>Returns the value of ``attribute`` from the element ``locator``.</doc>
<status status="PASS" start="2025-09-25T10:38:18.485347" elapsed="0.026079"/>
</kw>
<kw name="Should Be Equal As Strings" owner="BuiltIn">
<arg>${user["password"]}</arg>
<arg>${password}</arg>
<doc>Fails if objects are unequal after converting them to strings.</doc>
<status status="PASS" start="2025-09-25T10:38:18.511609" elapsed="0.001262"/>
</kw>
<kw name="Log To Console" owner="BuiltIn">
<arg>Password Input Is Correct</arg>
<doc>Logs the given message to the console.</doc>
<status status="PASS" start="2025-09-25T10:38:18.513127" elapsed="0.000554"/>
</kw>
<kw name="Get Element Attribute" owner="SeleniumLibrary">
<msg time="2025-09-25T10:38:18.531756" level="INFO">${confirm_password} = PEgcVe%9</msg>
<var>${confirm_password}</var>
<arg>${customers_txt_confirm_password}</arg>
<arg>value</arg>
<doc>Returns the value of ``attribute`` from the element ``locator``.</doc>
<status status="PASS" start="2025-09-25T10:38:18.514016" elapsed="0.017835"/>
</kw>
<kw name="Should Be Equal As Strings" owner="BuiltIn">
<arg>${user["password"]}</arg>
<arg>${confirm_password}</arg>
<doc>Fails if objects are unequal after converting them to strings.</doc>
<status status="PASS" start="2025-09-25T10:38:18.532170" elapsed="0.001883"/>
</kw>
<kw name="Log To Console" owner="BuiltIn">
<arg>Confirm Password Input Is Correct</arg>
<doc>Logs the given message to the console.</doc>
<status status="PASS" start="2025-09-25T10:38:18.534323" elapsed="0.000451"/>
</kw>
<kw name="Create Dictionary" owner="BuiltIn">
<msg time="2025-09-25T10:38:18.537585" level="INFO">&amp;{verified_customer} = { first_name=Leanne | last_name=Graham | email=Sincere@april.biz | birthday=07082005 | address=Kulas Light Apt. 556 | city=Gwenborough | stateAbbr=KAG | zipcode=92998-3874 | password=PEgcVe%9 | confir...</msg>
<var>&amp;{verified_customer}</var>
<arg>first_name=${first_name}</arg>
<arg>last_name=${second_name}</arg>
<arg>email=${email}</arg>
<arg>birthday=${birthday}</arg>
<arg>address=${address}</arg>
<arg>city=${city}</arg>
<arg>stateAbbr=${stateAbbr}</arg>
<arg>zipcode=${zipcode}</arg>
<arg>password=${password}</arg>
<arg>confirm_password=${confirm_password}</arg>
<doc>Creates and returns a dictionary based on the given ``items``.</doc>
<status status="PASS" start="2025-09-25T10:38:18.535170" elapsed="0.002516"/>
</kw>
<kw name="Append To List" owner="Collections">
<arg>${Verified_Customers}</arg>
<arg>${verified_customer}</arg>
<doc>Adds ``values`` to the end of ``list``.</doc>
<status status="PASS" start="2025-09-25T10:38:18.538235" elapsed="0.000441"/>
</kw>
<kw name="Set Suite Variable" owner="BuiltIn">
<msg time="2025-09-25T10:38:18.543464" level="INFO">${Verified_Customers} = [{'first_name': 'Leanne', 'last_name': 'Graham', 'email': 'Sincere@april.biz', 'birthday': '07082005', 'address': 'Kulas Light Apt. 556', 'city': 'Gwenborough', 'stateAbbr': 'KAG', 'zipcode': '92998-3...</msg>
<arg>${Verified_Customers}</arg>
<doc>Makes a variable available everywhere within the scope of the current suite.</doc>
<status status="PASS" start="2025-09-25T10:38:18.539303" elapsed="0.004480"/>
</kw>
<kw name="Go To Customers Page" owner="CustomerPage">
<kw name="Click Element" owner="SeleniumLibrary">
<msg time="2025-09-25T10:38:18.545827" level="INFO">Clicking element '//a[@href="#/customers"]'.</msg>
<arg>${nav_btn_customers}</arg>
<doc>Click the element identified by ``locator``.</doc>
<status status="PASS" start="2025-09-25T10:38:18.545139" elapsed="0.106941"/>
</kw>
<kw name="Wait Until Element Is Visible" owner="SeleniumLibrary">
<arg>//table/tbody//tr</arg>
<doc>Waits until the element ``locator`` is visible.</doc>
<status status="PASS" start="2025-09-25T10:38:18.652289" elapsed="0.259021"/>
</kw>
<status status="PASS" start="2025-09-25T10:38:18.544377" elapsed="0.367191"/>
</kw>
<kw name="Refresh Current Page" owner="App">
<kw name="Click Button" owner="SeleniumLibrary">
<msg time="2025-09-25T10:38:18.912909" level="INFO">Clicking button '//button[@aria-label="Refresh"]'.</msg>
<arg>${btn_refresh}</arg>
<doc>Clicks the button identified by ``locator``.</doc>
<status status="PASS" start="2025-09-25T10:38:18.912526" elapsed="0.284903"/>
</kw>
<kw name="Wait Until Element Is Visible" owner="SeleniumLibrary">
<arg>${loading_icon}</arg>
<doc>Waits until the element ``locator`` is visible.</doc>
<status status="PASS" start="2025-09-25T10:38:19.197797" elapsed="0.033765"/>
</kw>
<kw name="Wait Until Element Is Not Visible" owner="SeleniumLibrary">
<arg>${loading_icon}</arg>
<doc>Waits until the element ``locator`` is not visible.</doc>
<status status="PASS" start="2025-09-25T10:38:19.231809" elapsed="0.505559"/>
</kw>
<kw name="Log To Console" owner="BuiltIn">
<arg>${USERNAME}</arg>
<doc>Logs the given message to the console.</doc>
<status status="PASS" start="2025-09-25T10:38:19.737709" elapsed="0.000726"/>
</kw>
<status status="PASS" start="2025-09-25T10:38:18.911944" elapsed="0.826726"/>
</kw>
<arg>${user}</arg>
<status status="PASS" start="2025-09-25T10:38:18.267084" elapsed="1.472111"/>
</kw>
<arg>${user}</arg>
<arg>${index}</arg>
<status status="PASS" start="2025-09-25T10:38:17.980504" elapsed="1.758902"/>
</kw>
<var name="${index}">5</var>
<status status="PASS" start="2025-09-25T10:38:17.978559" elapsed="1.761256"/>
</iter>
<var>${index}</var>
<value>1</value>
<value>${end}</value>
<status status="PASS" start="2025-09-25T10:38:11.212330" elapsed="8.527827"/>
</for>
<status status="PASS" start="2025-09-25T10:37:53.095833" elapsed="26.645483"/>
</test>
<status status="PASS" start="2025-09-25T10:37:49.125658" elapsed="30.617455"/>
</suite>
<statistics>
<total>
<stat pass="2" fail="0" skip="0">All Tests</stat>
</total>
<tag>
</tag>
<suite>
<stat name="Test" id="s1" pass="2" fail="0" skip="0">Test</stat>
</suite>
</statistics>
<errors>
</errors>
</robot>
