<?xml version="1.0" encoding="UTF-8"?>
<robot generator="Robot 7.3.2 (Python 3.12.3 on linux)" generated="2025-09-24T14:55:45.371898" rpa="false" schemaversion="5">
<suite id="s1" name="Test" source="/home/circo/ROBOT TESTING/tests/test.robot">
<kw name="Launch Browser" type="SETUP">
<kw name="Open Browser" owner="SeleniumLibrary">
<msg time="2025-09-24T14:55:45.558128" level="INFO">Opening browser 'chrome' to base url 'https://marmelab.com/react-admin-demo'.</msg>
<arg>${url}</arg>
<arg>chrome</arg>
<arg>options=add_argument("--start-maximized")</arg>
<doc>Opens a new browser instance to the optional ``url``.</doc>
<status status="PASS" start="2025-09-24T14:55:45.557795" elapsed="2.044061"/>
</kw>
<status status="PASS" start="2025-09-24T14:55:45.556816" elapsed="2.045437"/>
</kw>
<test id="s1-t1" name="TEST-000001" line="10">
<kw name="Login User">
<kw name="Wait Until Element Is Visible" owner="SeleniumLibrary">
<arg>${login_avatar}</arg>
<doc>Waits until the element ``locator`` is visible.</doc>
<status status="PASS" start="2025-09-24T14:55:47.605440" elapsed="0.504826"/>
</kw>
<kw name="Input Text" owner="SeleniumLibrary">
<msg time="2025-09-24T14:55:48.111507" level="INFO">Typing text 'demo' into text field '//input[@name="username"]'.</msg>
<arg>${login_txt_username}</arg>
<arg>${username}</arg>
<doc>Types the given ``text`` into the text field identified by ``locator``.</doc>
<status status="PASS" start="2025-09-24T14:55:48.110765" elapsed="0.118644"/>
</kw>
<kw name="Input Text" owner="SeleniumLibrary">
<msg time="2025-09-24T14:55:48.230087" level="INFO">Typing text 'demo' into text field '//input[@type="password"]'.</msg>
<arg>${login_txt_password}</arg>
<arg>${password}</arg>
<doc>Types the given ``text`` into the text field identified by ``locator``.</doc>
<status status="PASS" start="2025-09-24T14:55:48.229704" elapsed="0.114123"/>
</kw>
<kw name="Click Button" owner="SeleniumLibrary">
<msg time="2025-09-24T14:55:48.344509" level="INFO">Clicking button '//button[@type="submit"]'.</msg>
<arg>${login_btn_submit}</arg>
<doc>Clicks the button identified by ``locator``.</doc>
<status status="PASS" start="2025-09-24T14:55:48.344115" elapsed="0.134165"/>
</kw>
<kw name="Wait Until Element Is Visible" owner="SeleniumLibrary">
<arg>${logged_in_verif}</arg>
<doc>Waits until the element ``locator`` is visible.</doc>
<status status="PASS" start="2025-09-24T14:55:48.478619" elapsed="0.176306"/>
</kw>
<status status="PASS" start="2025-09-24T14:55:47.604251" elapsed="1.050847"/>
</kw>
<status status="PASS" start="2025-09-24T14:55:47.602503" elapsed="1.052862"/>
</test>
<test id="s1-t2" name="TEST-000002" line="13">
<kw name="Get Random Customers" owner="CustomLibraries">
<msg time="2025-09-24T14:55:48.854142" level="INFO">[{'id': 1, 'name': 'Leanne Graham', 'username': 'Bret', 'email': 'Sincere@april.biz', 'address': {'street': 'Kulas Light', 'suite': 'Apt. 556', 'city': 'Gwenborough', 'zipcode': '92998-3874', 'geo': {'lat': '-37.3159', 'lng': '81.1496'}}, 'phone': '1-770-736-8031 x56442', 'website': 'hildegard.org', 'company': {'name': 'Romaguera-Crona', 'catchPhrase': 'Multi-layered client-server neural-net', 'bs': 'harness real-time e-markets'}, 'birthday': '02171999', 'password': '6ofWK0YB', 'stateAbbr': 'KAG'}, {'id': 2, 'name': 'Ervin Howell', 'username': 'Antonette', 'email': 'Shanna@melissa.tv', 'address': {'street': 'Victor Plains', 'suite': 'Suite 879', 'city': 'Wisokyburgh', 'zipcode': '90566-7771', 'geo': {'lat': '-43.9509', 'lng': '-34.4618'}}, 'phone': '010-692-6593 x09125', 'website': 'anastasia.net', 'company': {'name': 'Deckow-Crist', 'catchPhrase': 'Proactive didactic contingency', 'bs': 'synergize scalable supply-chains'}, 'birthday': '12282003', 'password': 'bYtT7Y4K', 'stateAbbr': 'VSW'}, {'id': 3, 'name': 'Clementine Bauch', 'username': 'Samantha', 'email': 'Nathan@yesenia.net', 'address': {'street': 'Douglas Extension', 'suite': 'Suite 847', 'city': 'McKenziehaven', 'zipcode': '59590-4157', 'geo': {'lat': '-68.6102', 'lng': '-47.0653'}}, 'phone': '1-463-123-4447', 'website': 'ramiro.info', 'company': {'name': 'Romaguera-Jacobson', 'catchPhrase': 'Face to face bifurcated interface', 'bs': 'e-enable strategic applications'}, 'birthday': '06092000', 'password': '%oAIrnrH', 'stateAbbr': 'DSM'}, {'id': 4, 'name': 'Patricia Lebsack', 'username': 'Karianne', 'email': 'Julianne.OConner@kory.org', 'address': {'street': 'Hoeger Mall', 'suite': 'Apt. 692', 'city': 'South Elvis', 'zipcode': '53919-4257', 'geo': {'lat': '29.4572', 'lng': '-164.2990'}}, 'phone': '493-170-9623 x156', 'website': 'kale.biz', 'company': {'name': 'Robel-Corkery', 'catchPhrase': 'Multi-tiered zero tolerance productivity', 'bs': 'transition cutting-edge web services'}, 'birthday': '03192005', 'password': 'Ybvf1!1z', 'stateAbbr': 'HAS'}, {'id': 5, 'name': 'Chelsey Dietrich', 'username': 'Kamren', 'email': 'Lucio_Hettinger@annie.ca', 'address': {'street': 'Skiles Walks', 'suite': 'Suite 351', 'city': 'Roscoeview', 'zipcode': '33263', 'geo': {'lat': '-31.8129', 'lng': '62.5342'}}, 'phone': '(254)954-1289', 'website': 'demarco.info', 'company': {'name': 'Keebler LLC', 'catchPhrase': 'User-centric fault-tolerant solution', 'bs': 'revolutionize end-to-end systems'}, 'birthday': '10012005', 'password': 'k#Uo0cg8', 'stateAbbr': 'SSR'}]</msg>
<msg time="2025-09-24T14:55:48.854623" level="INFO">${users} = [{'id': 1, 'name': 'Leanne Graham', 'username': 'Bret', 'email': 'Sincere@april.biz', 'address': {'street': 'Kulas Light', 'suite': 'Apt. 556', 'city': 'Gwenborough', 'zipcode': '92998-3874', 'geo': {...</msg>
<var>${users}</var>
<status status="PASS" start="2025-09-24T14:55:48.656187" elapsed="0.198524"/>
</kw>
<kw name="Go To Customers Page" owner="CustomerPage">
<kw name="Click Element" owner="SeleniumLibrary">
<msg time="2025-09-24T14:55:48.856432" level="INFO">Clicking element '//a[@href="#/customers"]'.</msg>
<arg>${nav_btn_customers}</arg>
<doc>Click the element identified by ``locator``.</doc>
<status status="PASS" start="2025-09-24T14:55:48.855940" elapsed="0.114947"/>
</kw>
<kw name="Wait Until Element Is Visible" owner="SeleniumLibrary">
<arg>//table/tbody//tr</arg>
<doc>Waits until the element ``locator`` is visible.</doc>
<status status="PASS" start="2025-09-24T14:55:48.971212" elapsed="1.114812"/>
</kw>
<status status="PASS" start="2025-09-24T14:55:48.855287" elapsed="1.230910"/>
</kw>
<for flavor="IN">
<iter>
<kw name="Create Customer" owner="CustomerPage">
<kw name="Click Element" owner="SeleniumLibrary">
<msg time="2025-09-24T14:55:50.088262" level="INFO">Clicking element '//a[@aria-label="Create"]'.</msg>
<arg>${customers_btn_create}</arg>
<doc>Click the element identified by ``locator``.</doc>
<status status="PASS" start="2025-09-24T14:55:50.087945" elapsed="0.108364"/>
</kw>
<kw name="Wait Until Element Is Visible" owner="SeleniumLibrary">
<arg>${customers_txt_firstname}</arg>
<doc>Waits until the element ``locator`` is visible.</doc>
<status status="PASS" start="2025-09-24T14:55:50.196638" elapsed="0.101757"/>
</kw>
<kw name="Input Text" owner="SeleniumLibrary">
<msg time="2025-09-24T14:55:50.299661" level="INFO">Typing text 'Leanne' into text field '//input[@name="first_name"]'.</msg>
<arg>${customers_txt_firstname}</arg>
<arg>${user["name"].split(" ")[0]}</arg>
<doc>Types the given ``text`` into the text field identified by ``locator``.</doc>
<status status="PASS" start="2025-09-24T14:55:50.298681" elapsed="0.107191"/>
</kw>
<kw name="Input Text" owner="SeleniumLibrary">
<msg time="2025-09-24T14:55:50.406926" level="INFO">Typing text 'Graham' into text field '//input[@name="last_name"]'.</msg>
<arg>${customers_txt_lastname}</arg>
<arg>${user["name"].split(" ")[1]}</arg>
<doc>Types the given ``text`` into the text field identified by ``locator``.</doc>
<status status="PASS" start="2025-09-24T14:55:50.406115" elapsed="0.116936"/>
</kw>
<kw name="Input Text" owner="SeleniumLibrary">
<msg time="2025-09-24T14:55:50.524989" level="INFO">Typing text 'Sincere@april.biz' into text field '//input[@name="email"]'.</msg>
<arg>${customers_txt_email}</arg>
<arg>${user["email"]}</arg>
<doc>Types the given ``text`` into the text field identified by ``locator``.</doc>
<status status="PASS" start="2025-09-24T14:55:50.523451" elapsed="0.149192"/>
</kw>
<kw name="Input Text" owner="SeleniumLibrary">
<msg time="2025-09-24T14:55:50.674487" level="INFO">Typing text '02171999' into text field '//input[@name="birthday"]'.</msg>
<arg>${customers_txt_birthday}</arg>
<arg>${user["birthday"]}</arg>
<doc>Types the given ``text`` into the text field identified by ``locator``.</doc>
<status status="PASS" start="2025-09-24T14:55:50.673105" elapsed="0.121911"/>
</kw>
<kw name="Input Text" owner="SeleniumLibrary">
<msg time="2025-09-24T14:55:50.796812" level="INFO">Typing text 'Kulas Light Apt. 556' into text field '//textarea[@name="address"]'.</msg>
<arg>${customers_txt_address}</arg>
<arg>${user["address"]["street"]} ${user["address"]["suite"]}</arg>
<doc>Types the given ``text`` into the text field identified by ``locator``.</doc>
<status status="PASS" start="2025-09-24T14:55:50.795288" elapsed="0.157691"/>
</kw>
<kw name="Input Text" owner="SeleniumLibrary">
<msg time="2025-09-24T14:55:50.954038" level="INFO">Typing text 'Gwenborough' into text field '//input[@name="city"]'.</msg>
<arg>${customers_txt_city}</arg>
<arg>${user["address"]["city"]}</arg>
<doc>Types the given ``text`` into the text field identified by ``locator``.</doc>
<status status="PASS" start="2025-09-24T14:55:50.953220" elapsed="0.131696"/>
</kw>
<kw name="Input Text" owner="SeleniumLibrary">
<msg time="2025-09-24T14:55:51.087936" level="INFO">Typing text 'KAG' into text field '//input[@name="stateAbbr"]'.</msg>
<arg>${customers_txt_stateAbbr}</arg>
<arg>${user["stateAbbr"]}</arg>
<doc>Types the given ``text`` into the text field identified by ``locator``.</doc>
<status status="PASS" start="2025-09-24T14:55:51.086931" elapsed="0.106266"/>
</kw>
<kw name="Input Text" owner="SeleniumLibrary">
<msg time="2025-09-24T14:55:51.194528" level="INFO">Typing text '92998-3874' into text field '//input[@name="zipcode"]'.</msg>
<arg>${customers_txt_zipcode}</arg>
<arg>${user["address"]["zipcode"]}</arg>
<doc>Types the given ``text`` into the text field identified by ``locator``.</doc>
<status status="PASS" start="2025-09-24T14:55:51.193579" elapsed="0.125323"/>
</kw>
<kw name="Input Text" owner="SeleniumLibrary">
<msg time="2025-09-24T14:55:51.320904" level="INFO">Typing text '6ofWK0YB' into text field '//input[@name="password"]'.</msg>
<arg>${customers_txt_password}</arg>
<arg>${user["password"]}</arg>
<doc>Types the given ``text`` into the text field identified by ``locator``.</doc>
<status status="PASS" start="2025-09-24T14:55:51.319312" elapsed="0.126334"/>
</kw>
<kw name="Input Text" owner="SeleniumLibrary">
<msg time="2025-09-24T14:55:51.447453" level="INFO">Typing text '6ofWK0YB' into text field '//input[@name="confirm_password"]'.</msg>
<arg>${customers_txt_confirm_password}</arg>
<arg>${user["password"]}</arg>
<doc>Types the given ``text`` into the text field identified by ``locator``.</doc>
<status status="PASS" start="2025-09-24T14:55:51.446017" elapsed="0.127997"/>
</kw>
<kw name="Click Button" owner="SeleniumLibrary">
<msg time="2025-09-24T14:55:51.574585" level="INFO">Clicking button '//button[@aria-label="Save"]'.</msg>
<arg>${customers_btn_save}</arg>
<doc>Clicks the button identified by ``locator``.</doc>
<status status="PASS" start="2025-09-24T14:55:51.574265" elapsed="0.135584"/>
</kw>
<kw name="Wait Until Page Contains" owner="SeleniumLibrary">
<arg>Customer created</arg>
<doc>Waits until ``text`` appears on the current page.</doc>
<status status="PASS" start="2025-09-24T14:55:51.710249" elapsed="0.482177"/>
</kw>
<arg>${i}</arg>
<status status="PASS" start="2025-09-24T14:55:50.087437" elapsed="2.105200"/>
</kw>
<kw name="Verify Customer Input" owner="CustomerPage">
<kw name="Get Element Attribute" owner="SeleniumLibrary">
<msg time="2025-09-24T14:55:52.217413" level="INFO">${first_name} = Leanne</msg>
<var>${first_name}</var>
<arg>${customers_txt_firstname}</arg>
<arg>value</arg>
<doc>Returns the value of ``attribute`` from the element ``locator``.</doc>
<status status="PASS" start="2025-09-24T14:55:52.193533" elapsed="0.023945"/>
</kw>
<kw name="Log To Console" owner="BuiltIn">
<arg>${first_name}</arg>
<doc>Logs the given message to the console.</doc>
<status status="PASS" start="2025-09-24T14:55:52.217732" elapsed="0.000281"/>
</kw>
<kw name="Should Be Equal As Strings" owner="BuiltIn">
<arg>${user["name"].split(" ")[0]}</arg>
<arg>${first_name}</arg>
<doc>Fails if objects are unequal after converting them to strings.</doc>
<status status="PASS" start="2025-09-24T14:55:52.218162" elapsed="0.000785"/>
</kw>
<kw name="Log To Console" owner="BuiltIn">
<arg>First Name Input Is Correct</arg>
<doc>Logs the given message to the console.</doc>
<status status="PASS" start="2025-09-24T14:55:52.219084" elapsed="0.000149"/>
</kw>
<kw name="Get Element Attribute" owner="SeleniumLibrary">
<msg time="2025-09-24T14:55:52.243307" level="INFO">${second_name} = Graham</msg>
<var>${second_name}</var>
<arg>${customers_txt_lastname}</arg>
<arg>value</arg>
<doc>Returns the value of ``attribute`` from the element ``locator``.</doc>
<status status="PASS" start="2025-09-24T14:55:52.219371" elapsed="0.024001"/>
</kw>
<kw name="Log To Console" owner="BuiltIn">
<arg>${second_name}</arg>
<doc>Logs the given message to the console.</doc>
<status status="PASS" start="2025-09-24T14:55:52.243634" elapsed="0.000258"/>
</kw>
<kw name="Should Be Equal As Strings" owner="BuiltIn">
<arg>${user["name"].split(" ")[1]}</arg>
<arg>${second_name}</arg>
<doc>Fails if objects are unequal after converting them to strings.</doc>
<status status="PASS" start="2025-09-24T14:55:52.244015" elapsed="0.000722"/>
</kw>
<kw name="Log To Console" owner="BuiltIn">
<arg>Second Name Input Is Correct</arg>
<doc>Logs the given message to the console.</doc>
<status status="PASS" start="2025-09-24T14:55:52.244868" elapsed="0.000138"/>
</kw>
<kw name="Get Element Attribute" owner="SeleniumLibrary">
<msg time="2025-09-24T14:55:52.260378" level="INFO">${email} = Sincere@april.biz</msg>
<var>${email}</var>
<arg>${customers_txt_email}</arg>
<arg>value</arg>
<doc>Returns the value of ``attribute`` from the element ``locator``.</doc>
<status status="PASS" start="2025-09-24T14:55:52.245137" elapsed="0.015304"/>
</kw>
<kw name="Log To Console" owner="BuiltIn">
<arg>${email}</arg>
<doc>Logs the given message to the console.</doc>
<status status="PASS" start="2025-09-24T14:55:52.260702" elapsed="0.000275"/>
</kw>
<kw name="Should Be Equal As Strings" owner="BuiltIn">
<arg>${user["email"]}</arg>
<arg>${email}</arg>
<doc>Fails if objects are unequal after converting them to strings.</doc>
<status status="PASS" start="2025-09-24T14:55:52.261121" elapsed="0.000831"/>
</kw>
<kw name="Log To Console" owner="BuiltIn">
<arg>Email Input Is Correct</arg>
<doc>Logs the given message to the console.</doc>
<status status="PASS" start="2025-09-24T14:55:52.262111" elapsed="0.000136"/>
</kw>
<kw name="Get Element Attribute" owner="SeleniumLibrary">
<msg time="2025-09-24T14:55:52.279321" level="INFO">${birthday} = 1999-02-17</msg>
<var>${birthday}</var>
<arg>${customers_txt_birthday}</arg>
<arg>value</arg>
<doc>Returns the value of ``attribute`` from the element ``locator``.</doc>
<status status="PASS" start="2025-09-24T14:55:52.262371" elapsed="0.017012"/>
</kw>
<kw name="Log To Console" owner="BuiltIn">
<arg>${birthday}</arg>
<doc>Logs the given message to the console.</doc>
<status status="PASS" start="2025-09-24T14:55:52.279639" elapsed="0.000278"/>
</kw>
<kw name="Should Be Equal As Strings" owner="BuiltIn">
<msg time="2025-09-24T14:55:52.281226" level="FAIL">02171999 != 1999-02-17</msg>
<arg>${user["birthday"]}</arg>
<arg>${birthday}</arg>
<doc>Fails if objects are unequal after converting them to strings.</doc>
<status status="FAIL" start="2025-09-24T14:55:52.280119" elapsed="0.001391">02171999 != 1999-02-17</status>
</kw>
<kw name="Log To Console" owner="BuiltIn">
<arg>Birthday Input Is Correct</arg>
<doc>Logs the given message to the console.</doc>
<status status="NOT RUN" start="2025-09-24T14:55:52.282195" elapsed="0.000083"/>
</kw>
<kw name="Get Element Attribute" owner="SeleniumLibrary">
<var>${address}</var>
<arg>${customers_txt_address}</arg>
<arg>value</arg>
<doc>Returns the value of ``attribute`` from the element ``locator``.</doc>
<status status="NOT RUN" start="2025-09-24T14:55:52.282453" elapsed="0.000266"/>
</kw>
<kw name="Log To Console" owner="BuiltIn">
<arg>${address}</arg>
<doc>Logs the given message to the console.</doc>
<status status="NOT RUN" start="2025-09-24T14:55:52.282927" elapsed="0.000039"/>
</kw>
<kw name="Get Element Attribute" owner="SeleniumLibrary">
<var>${city}</var>
<arg>${customers_txt_city}</arg>
<arg>value</arg>
<doc>Returns the value of ``attribute`` from the element ``locator``.</doc>
<status status="NOT RUN" start="2025-09-24T14:55:52.283099" elapsed="0.000029"/>
</kw>
<kw name="Log To Console" owner="BuiltIn">
<arg>${city}</arg>
<doc>Logs the given message to the console.</doc>
<status status="NOT RUN" start="2025-09-24T14:55:52.283236" elapsed="0.000030"/>
</kw>
<kw name="Get Element Attribute" owner="SeleniumLibrary">
<var>${stateAbbr}</var>
<arg>${customers_txt_stateAbbr}</arg>
<arg>value</arg>
<doc>Returns the value of ``attribute`` from the element ``locator``.</doc>
<status status="NOT RUN" start="2025-09-24T14:55:52.283374" elapsed="0.000029"/>
</kw>
<kw name="Log To Console" owner="BuiltIn">
<arg>${stateAbbr}</arg>
<doc>Logs the given message to the console.</doc>
<status status="NOT RUN" start="2025-09-24T14:55:52.283510" elapsed="0.000029"/>
</kw>
<kw name="Get Element Attribute" owner="SeleniumLibrary">
<var>${zipcode}</var>
<arg>${customers_txt_zipcode}</arg>
<arg>value</arg>
<doc>Returns the value of ``attribute`` from the element ``locator``.</doc>
<status status="NOT RUN" start="2025-09-24T14:55:52.283655" elapsed="0.000031"/>
</kw>
<kw name="Log To Console" owner="BuiltIn">
<arg>${zipcode}</arg>
<doc>Logs the given message to the console.</doc>
<status status="NOT RUN" start="2025-09-24T14:55:52.283789" elapsed="0.000029"/>
</kw>
<kw name="Get Element Attribute" owner="SeleniumLibrary">
<var>${password}</var>
<arg>${customers_txt_password}</arg>
<arg>value</arg>
<doc>Returns the value of ``attribute`` from the element ``locator``.</doc>
<status status="NOT RUN" start="2025-09-24T14:55:52.283919" elapsed="0.000028"/>
</kw>
<kw name="Log To Console" owner="BuiltIn">
<arg>${password}</arg>
<doc>Logs the given message to the console.</doc>
<status status="NOT RUN" start="2025-09-24T14:55:52.284048" elapsed="0.000029"/>
</kw>
<kw name="Get Element Attribute" owner="SeleniumLibrary">
<var>${confirm_password}</var>
<arg>${customers_txt_confirm_password}</arg>
<arg>value</arg>
<doc>Returns the value of ``attribute`` from the element ``locator``.</doc>
<status status="NOT RUN" start="2025-09-24T14:55:52.284176" elapsed="0.000027"/>
</kw>
<kw name="Log To Console" owner="BuiltIn">
<arg>${confirm_password}</arg>
<doc>Logs the given message to the console.</doc>
<status status="NOT RUN" start="2025-09-24T14:55:52.284305" elapsed="0.000029"/>
</kw>
<arg>${i}</arg>
<status status="FAIL" start="2025-09-24T14:55:52.193091" elapsed="0.091491">02171999 != 1999-02-17</status>
</kw>
<var name="${i}">{'id': 1, 'name': 'Leanne Graham', 'username': 'Bret', 'email': 'Sincere@april.biz', 'address': {'street': 'Kulas Light', 'suite': 'Apt. 556', 'city': 'Gwenborough', 'zipcode': '92998-3874', 'geo': {'...</var>
<status status="FAIL" start="2025-09-24T14:55:50.087097" elapsed="2.197576">02171999 != 1999-02-17</status>
</iter>
<var>${i}</var>
<value>@{users}</value>
<status status="FAIL" start="2025-09-24T14:55:50.086376" elapsed="2.198422">02171999 != 1999-02-17</status>
</for>
<status status="FAIL" start="2025-09-24T14:55:48.655739" elapsed="3.629394">02171999 != 1999-02-17</status>
</test>
<status status="FAIL" start="2025-09-24T14:55:45.372931" elapsed="6.912849"/>
</suite>
<statistics>
<total>
<stat pass="1" fail="1" skip="0">All Tests</stat>
</total>
<tag>
</tag>
<suite>
<stat name="Test" id="s1" pass="1" fail="1" skip="0">Test</stat>
</suite>
</statistics>
<errors>
</errors>
</robot>
